[15:26:59,753 DEBUG] exceptions.ParsingErrorHandler: Fatal Exception Test Error handler is on level 'silent' that ignores this error.
[15:26:59,764 WARN] exceptions.ParsingErrorHandler: Warning Exception Test
[15:26:59,772 FATAL] exceptions.ParsingErrorHandler: Fatal Exception Test Error handler is on level 'notify', no exception was thrown.
[15:27:00,030 WARN] exceptions.ParsingErrorHandler: cvc-elt.1: Cannot find the declaration of element 'math'. Error handler is on level 'notify', no exception was thrown.
[15:27:00,303 WARN] exceptions.ParsingErrorHandler: cvc-elt.1: Cannot find the declaration of element 'math'. Error handler is on level 'notify', no exception was thrown.
[15:27:00,318 WARN] exceptions.ParsingErrorHandler: cvc-elt.1: Cannot find the declaration of element 'math'. Error handler is on level 'notify', no exception was thrown.
[15:27:00,328 WARN] exceptions.ParsingErrorHandler: cvc-elt.1: Cannot find the declaration of element 'math'. Error handler is on level 'notify', no exception was thrown.
[15:27:00,339 WARN] exceptions.ParsingErrorHandler: cvc-elt.1: Cannot find the declaration of element 'math'. Error handler is on level 'notify', no exception was thrown.
[15:27:01,032 WARN] exceptions.ParsingErrorHandler: cvc-elt.1: Cannot find the declaration of element 'open'. Error handler is on level 'notify', no exception was thrown.
[15:27:01,033 FATAL] exceptions.ParsingErrorHandler: XML document structures must start and end within the same entity. Error handler is on level 'notify', no exception was thrown.
[15:27:01,034 ERROR] helper.XMLHelper: Cannot parse XML string.
org.xml.sax.SAXParseException: XML document structures must start and end within the same entity.
	at com.sun.org.apache.xerces.internal.parsers.DOMParser.parse(DOMParser.java:257) ~[?:1.8.0_252]
	at com.sun.org.apache.xerces.internal.jaxp.DocumentBuilderImpl.parse(DocumentBuilderImpl.java:339) ~[?:1.8.0_252]
	at com.formulasearchengine.mathmltools.io.XmlDocumentReader.parse(XmlDocumentReader.java:111) ~[classes/:?]
	at com.formulasearchengine.mathmltools.helper.XMLHelper.string2Doc(XMLHelper.java:195) ~[classes/:?]
	at com.formulasearchengine.mathmltools.helper.XMLHelperTest.testString2Doc(XMLHelperTest.java:34) ~[test-classes/:?]
	at sun.reflect.NativeMethodAccessorImpl.invoke0(Native Method) ~[?:1.8.0_252]
	at sun.reflect.NativeMethodAccessorImpl.invoke(NativeMethodAccessorImpl.java:62) ~[?:1.8.0_252]
	at sun.reflect.DelegatingMethodAccessorImpl.invoke(DelegatingMethodAccessorImpl.java:43) ~[?:1.8.0_252]
	at java.lang.reflect.Method.invoke(Method.java:498) ~[?:1.8.0_252]
	at org.junit.platform.commons.util.ReflectionUtils.invokeMethod(ReflectionUtils.java:436) ~[junit-platform-commons-1.1.0.jar:1.1.0]
	at org.junit.jupiter.engine.execution.ExecutableInvoker.invoke(ExecutableInvoker.java:115) ~[junit-jupiter-engine-5.1.0.jar:5.1.0]
	at org.junit.jupiter.engine.descriptor.TestMethodTestDescriptor.lambda$invokeTestMethod$6(TestMethodTestDescriptor.java:170) ~[junit-jupiter-engine-5.1.0.jar:5.1.0]
	at org.junit.jupiter.engine.execution.ThrowableCollector.execute(ThrowableCollector.java:40) ~[junit-jupiter-engine-5.1.0.jar:5.1.0]
	at org.junit.jupiter.engine.descriptor.TestMethodTestDescriptor.invokeTestMethod(TestMethodTestDescriptor.java:166) ~[junit-jupiter-engine-5.1.0.jar:5.1.0]
	at org.junit.jupiter.engine.descriptor.TestMethodTestDescriptor.execute(TestMethodTestDescriptor.java:113) ~[junit-jupiter-engine-5.1.0.jar:5.1.0]
	at org.junit.jupiter.engine.descriptor.TestMethodTestDescriptor.execute(TestMethodTestDescriptor.java:58) ~[junit-jupiter-engine-5.1.0.jar:5.1.0]
	at org.junit.platform.engine.support.hierarchical.HierarchicalTestExecutor$NodeExecutor.lambda$executeRecursively$3(HierarchicalTestExecutor.java:112) ~[junit-platform-engine-1.1.0.jar:1.1.0]
	at org.junit.platform.engine.support.hierarchical.SingleTestExecutor.executeSafely(SingleTestExecutor.java:66) ~[junit-platform-engine-1.1.0.jar:1.1.0]
	at org.junit.platform.engine.support.hierarchical.HierarchicalTestExecutor$NodeExecutor.executeRecursively(HierarchicalTestExecutor.java:108) ~[junit-platform-engine-1.1.0.jar:1.1.0]
	at org.junit.platform.engine.support.hierarchical.HierarchicalTestExecutor$NodeExecutor.execute(HierarchicalTestExecutor.java:79) ~[junit-platform-engine-1.1.0.jar:1.1.0]
	at org.junit.platform.engine.support.hierarchical.HierarchicalTestExecutor$NodeExecutor.lambda$executeRecursively$2(HierarchicalTestExecutor.java:120) ~[junit-platform-engine-1.1.0.jar:1.1.0]
	at java.util.stream.ForEachOps$ForEachOp$OfRef.accept(ForEachOps.java:183) ~[?:1.8.0_252]
	at java.util.stream.ReferencePipeline$2$1.accept(ReferencePipeline.java:175) ~[?:1.8.0_252]
	at java.util.Iterator.forEachRemaining(Iterator.java:116) ~[?:1.8.0_252]
	at java.util.Spliterators$IteratorSpliterator.forEachRemaining(Spliterators.java:1801) ~[?:1.8.0_252]
	at java.util.stream.AbstractPipeline.copyInto(AbstractPipeline.java:482) ~[?:1.8.0_252]
	at java.util.stream.AbstractPipeline.wrapAndCopyInto(AbstractPipeline.java:472) ~[?:1.8.0_252]
	at java.util.stream.ForEachOps$ForEachOp.evaluateSequential(ForEachOps.java:150) ~[?:1.8.0_252]
	at java.util.stream.ForEachOps$ForEachOp$OfRef.evaluateSequential(ForEachOps.java:173) ~[?:1.8.0_252]
	at java.util.stream.AbstractPipeline.evaluate(AbstractPipeline.java:234) ~[?:1.8.0_252]
	at java.util.stream.ReferencePipeline.forEach(ReferencePipeline.java:485) ~[?:1.8.0_252]
	at org.junit.platform.engine.support.hierarchical.HierarchicalTestExecutor$NodeExecutor.lambda$executeRecursively$3(HierarchicalTestExecutor.java:120) ~[junit-platform-engine-1.1.0.jar:1.1.0]
	at org.junit.platform.engine.support.hierarchical.SingleTestExecutor.executeSafely(SingleTestExecutor.java:66) ~[junit-platform-engine-1.1.0.jar:1.1.0]
	at org.junit.platform.engine.support.hierarchical.HierarchicalTestExecutor$NodeExecutor.executeRecursively(HierarchicalTestExecutor.java:108) ~[junit-platform-engine-1.1.0.jar:1.1.0]
	at org.junit.platform.engine.support.hierarchical.HierarchicalTestExecutor$NodeExecutor.execute(HierarchicalTestExecutor.java:79) ~[junit-platform-engine-1.1.0.jar:1.1.0]
	at org.junit.platform.engine.support.hierarchical.HierarchicalTestExecutor$NodeExecutor.lambda$executeRecursively$2(HierarchicalTestExecutor.java:120) ~[junit-platform-engine-1.1.0.jar:1.1.0]
	at java.util.stream.ForEachOps$ForEachOp$OfRef.accept(ForEachOps.java:183) ~[?:1.8.0_252]
	at java.util.stream.ReferencePipeline$2$1.accept(ReferencePipeline.java:175) ~[?:1.8.0_252]
	at java.util.Iterator.forEachRemaining(Iterator.java:116) ~[?:1.8.0_252]
	at java.util.Spliterators$IteratorSpliterator.forEachRemaining(Spliterators.java:1801) ~[?:1.8.0_252]
	at java.util.stream.AbstractPipeline.copyInto(AbstractPipeline.java:482) ~[?:1.8.0_252]
	at java.util.stream.AbstractPipeline.wrapAndCopyInto(AbstractPipeline.java:472) ~[?:1.8.0_252]
	at java.util.stream.ForEachOps$ForEachOp.evaluateSequential(ForEachOps.java:150) ~[?:1.8.0_252]
	at java.util.stream.ForEachOps$ForEachOp$OfRef.evaluateSequential(ForEachOps.java:173) ~[?:1.8.0_252]
	at java.util.stream.AbstractPipeline.evaluate(AbstractPipeline.java:234) ~[?:1.8.0_252]
	at java.util.stream.ReferencePipeline.forEach(ReferencePipeline.java:485) ~[?:1.8.0_252]
	at org.junit.platform.engine.support.hierarchical.HierarchicalTestExecutor$NodeExecutor.lambda$executeRecursively$3(HierarchicalTestExecutor.java:120) ~[junit-platform-engine-1.1.0.jar:1.1.0]
	at org.junit.platform.engine.support.hierarchical.SingleTestExecutor.executeSafely(SingleTestExecutor.java:66) [junit-platform-engine-1.1.0.jar:1.1.0]
	at org.junit.platform.engine.support.hierarchical.HierarchicalTestExecutor$NodeExecutor.executeRecursively(HierarchicalTestExecutor.java:108) [junit-platform-engine-1.1.0.jar:1.1.0]
	at org.junit.platform.engine.support.hierarchical.HierarchicalTestExecutor$NodeExecutor.execute(HierarchicalTestExecutor.java:79) [junit-platform-engine-1.1.0.jar:1.1.0]
	at org.junit.platform.engine.support.hierarchical.HierarchicalTestExecutor.execute(HierarchicalTestExecutor.java:55) [junit-platform-engine-1.1.0.jar:1.1.0]
	at org.junit.platform.engine.support.hierarchical.HierarchicalTestEngine.execute(HierarchicalTestEngine.java:43) [junit-platform-engine-1.1.0.jar:1.1.0]
	at org.junit.platform.launcher.core.DefaultLauncher.execute(DefaultLauncher.java:170) [junit-platform-launcher-1.1.0.jar:1.1.0]
	at org.junit.platform.launcher.core.DefaultLauncher.execute(DefaultLauncher.java:154) [junit-platform-launcher-1.1.0.jar:1.1.0]
	at org.junit.platform.launcher.core.DefaultLauncher.execute(DefaultLauncher.java:90) [junit-platform-launcher-1.1.0.jar:1.1.0]
	at com.intellij.junit5.JUnit5IdeaTestRunner.startRunnerWithArgs(JUnit5IdeaTestRunner.java:69) [junit5-rt.jar:?]
	at com.intellij.rt.junit.IdeaTestRunner$Repeater.startRunnerWithArgs(IdeaTestRunner.java:33) [junit-rt.jar:?]
	at com.intellij.rt.junit.JUnitStarter.prepareStreamsAndStart(JUnitStarter.java:230) [junit-rt.jar:?]
	at com.intellij.rt.junit.JUnitStarter.main(JUnitStarter.java:58) [junit-rt.jar:?]
	at sun.reflect.NativeMethodAccessorImpl.invoke0(Native Method) ~[?:1.8.0_252]
	at sun.reflect.NativeMethodAccessorImpl.invoke(NativeMethodAccessorImpl.java:62) ~[?:1.8.0_252]
	at sun.reflect.DelegatingMethodAccessorImpl.invoke(DelegatingMethodAccessorImpl.java:43) ~[?:1.8.0_252]
	at java.lang.reflect.Method.invoke(Method.java:498) ~[?:1.8.0_252]
	at com.intellij.rt.execution.application.AppMainV2.main(AppMainV2.java:128) [idea_rt.jar:?]
[15:27:01,045 WARN] exceptions.ParsingErrorHandler: cvc-elt.1: Cannot find the declaration of element 'simple'. Error handler is on level 'notify', no exception was thrown.
[15:27:01,293 DEBUG] io.ReaderStressTest: ATTR: stretchy="false"
[15:27:01,293 DEBUG] io.ReaderStressTest: id null
[15:27:01,293 DEBUG] io.ReaderStressTest: xmlns http://www.w3.org/2000/xmlns/
[15:27:01,293 DEBUG] io.ReaderStressTest: xmlns:xlink http://www.w3.org/2000/xmlns/
[15:27:01,293 DEBUG] io.ReaderStressTest: xref null
[15:27:01,293 DEBUG] io.ReaderStressTest: apply
[15:27:01,298 DEBUG] io.XmlDocumentWriter: Successfully serialized document to string.
[15:27:01,298 DEBUG] io.ReaderStressTest: <apply xmlns="http://www.w3.org/1998/Math/MathML"
       xmlns:xlink="http://www.w3.org/1999/xlink"
       id="p1.1.m1.1.13.cmml"
       xref="p1.1.m1.1.13">
   <gt id="p1.1.m1.1.7.cmml" xref="p1.1.m1.1.7"/>
   <apply id="p1.1.m1.1.13.1.cmml" xref="p1.1.m1.1.13.1">
      <times id="p1.1.m1.1.13.1.1.cmml" xref="p1.1.m1.1.13.1.1"/>
      <ci id="p1.1.m1.1.1.cmml" xref="p1.1.m1.1.1">W</ci>
      <interval closure="open" id="p1.1.m1.1.13.1.2.1.cmml" xref="p1.1.m1.1.13.1.2">
         <cn id="p1.1.m1.1.3.cmml" type="integer" xref="p1.1.m1.1.3">2</cn>
         <ci id="p1.1.m1.1.5.cmml" xref="p1.1.m1.1.5">k</ci>
      </interval>
   </apply>
   <apply id="p1.1.m1.1.13.2.cmml" xref="p1.1.m1.1.13.2">
      <divide id="p1.1.m1.1.10.cmml" xref="p1.1.m1.1.10"/>
      <apply id="p1.1.m1.1.13.2.1.cmml" xref="p1.1.m1.1.13.2.1">
         <csymbol cd="ambiguous" id="p1.1.m1.1.13.2.1.1.cmml" xref="p1.1.m1.1.13.2.1">superscript</csymbol>
         <cn id="p1.1.m1.1.8.cmml" type="integer" xref="p1.1.m1.1.8">2</cn>
         <ci id="p1.1.m1.1.9.1.cmml" xref="p1.1.m1.1.9.1">k</ci>
      </apply>
      <apply id="p1.1.m1.1.13.2.2.cmml" xref="p1.1.m1.1.13.2.2">
         <csymbol cd="ambiguous" id="p1.1.m1.1.13.2.2.1.cmml" xref="p1.1.m1.1.13.2.2">superscript</csymbol>
         <ci id="p1.1.m1.1.11.cmml" xref="p1.1.m1.1.11">k</ci>
         <ci id="p1.1.m1.1.12.1.cmml" xref="p1.1.m1.1.12.1">e</ci>
      </apply>
   </apply>
</apply>
[15:27:01,440 DEBUG] io.ReaderStressTest: xmlns http://www.w3.org/2000/xmlns/
[15:27:01,440 DEBUG] io.ReaderStressTest: xmlns:xlink http://www.w3.org/2000/xmlns/
[15:27:01,440 DEBUG] io.ReaderStressTest: href null
[15:27:01,440 DEBUG] io.ReaderStressTest: xmlns http://www.w3.org/2000/xmlns/
[15:27:01,440 DEBUG] io.ReaderStressTest: xmlns:xlink http://www.w3.org/2000/xmlns/
[15:27:01,441 DEBUG] io.XmlDocumentWriter: Successfully serialized document to string.
[15:27:01,441 DEBUG] io.ReaderStressTest: <math xmlns="http://www.w3.org/1998/Math/MathML"
      xmlns:xlink="http://www.w3.org/1999/xlink">
   <mi href="googleMe">W</mi>
</math>

[15:27:02,106 DEBUG] Math: Found namespace prefix 'mml' of 'math' element.
[15:27:02,106 WARN] Math: Found prefix without namespace binding. Try fixing it...
[15:27:02,251 DEBUG] Math: Found namespace prefix 'm' of 'math' element.
[15:27:02,320 DEBUG] Math: Found namespace prefix 'm' of 'math' element.
[15:27:02,708 DEBUG] io.XmlDocumentReader: Parsing exception occur. It's most likely a wrong header. Try to fixing it...
[15:27:02,764 DEBUG] io.XmlDocumentReader: Parsing exception occur. It's most likely a wrong header. Try to fixing it...
[15:27:02,821 DEBUG] io.XmlDocumentReader: Parsing exception occur. It's most likely a wrong header. Try to fixing it...
[15:27:02,873 DEBUG] io.XmlDocumentReader: Parsing exception occur. It's most likely a wrong header. Try to fixing it...
[15:27:02,918 DEBUG] io.XmlDocumentReader: Parsing exception occur. It's most likely a wrong header. Try to fixing it...
[15:27:02,969 DEBUG] io.XmlDocumentReader: Parsing exception occur. It's most likely a wrong header. Try to fixing it...
[15:27:03,017 DEBUG] io.XmlDocumentReader: Parsing exception occur. It's most likely a wrong header. Try to fixing it...
[15:27:03,063 DEBUG] io.XmlDocumentReader: Parsing exception occur. It's most likely a wrong header. Try to fixing it...
[15:27:03,063 DEBUG] Math: Found namespace prefix 'mml' of 'math' element.
[15:27:03,064 WARN] Math: Found prefix without namespace binding. Try fixing it...
[15:27:03,109 DEBUG] io.XmlDocumentReader: Parsing exception occur. It's most likely a wrong header. Try to fixing it...
[15:27:03,110 DEBUG] Math: Found namespace prefix 'm' of 'math' element.
[15:27:03,159 DEBUG] io.XmlDocumentReader: Parsing exception occur. It's most likely a wrong header. Try to fixing it...
[15:27:03,160 DEBUG] Math: Found namespace prefix 'm' of 'math' element.
[15:27:03,208 DEBUG] io.XmlDocumentReader: Parsing exception occur. It's most likely a wrong header. Try to fixing it...
[15:27:03,252 DEBUG] io.XmlDocumentReader: Parsing exception occur. It's most likely a wrong header. Try to fixing it...
[15:27:03,296 DEBUG] io.XmlDocumentReader: Parsing exception occur. It's most likely a wrong header. Try to fixing it...
[15:27:03,342 DEBUG] io.XmlDocumentReader: Parsing exception occur. It's most likely a wrong header. Try to fixing it...
[15:27:03,402 DEBUG] io.XmlDocumentReader: Parsing exception occur. It's most likely a wrong header. Try to fixing it...
[15:27:03,463 WARN] exceptions.ParsingErrorHandler: cvc-elt.1: Cannot find the declaration of element 'open'. Error handler is on level 'notify', no exception was thrown.
[15:27:03,464 FATAL] exceptions.ParsingErrorHandler: XML document structures must start and end within the same entity. Error handler is on level 'notify', no exception was thrown.
[15:27:03,468 WARN] exceptions.ParsingErrorHandler: cvc-elt.1: Cannot find the declaration of element 'simple'. Error handler is on level 'notify', no exception was thrown.
[15:27:03,475 DEBUG] io.XmlDocumentReader: Parsing exception occur. It's most likely a wrong header. Try to fixing it...
[15:27:03,530 DEBUG] io.XmlDocumentReader: Parsing exception occur. It's most likely a wrong header. Try to fixing it...
[15:27:03,582 DEBUG] io.XmlDocumentReader: Parsing exception occur. It's most likely a wrong header. Try to fixing it...
[15:27:03,636 DEBUG] io.XmlDocumentReader: Parsing exception occur. It's most likely a wrong header. Try to fixing it...
[15:27:03,691 DEBUG] io.XmlDocumentReader: Parsing exception occur. It's most likely a wrong header. Try to fixing it...
[15:27:03,750 DEBUG] io.XmlDocumentReader: Parsing exception occur. It's most likely a wrong header. Try to fixing it...
[15:27:03,808 DEBUG] io.XmlDocumentReader: Parsing exception occur. It's most likely a wrong header. Try to fixing it...
[15:27:03,857 DEBUG] io.XmlDocumentReader: Parsing exception occur. It's most likely a wrong header. Try to fixing it...
[15:27:03,858 DEBUG] Math: Found namespace prefix 'mml' of 'math' element.
[15:27:03,858 WARN] Math: Found prefix without namespace binding. Try fixing it...
[15:27:03,907 DEBUG] io.XmlDocumentReader: Parsing exception occur. It's most likely a wrong header. Try to fixing it...
[15:27:03,908 DEBUG] Math: Found namespace prefix 'm' of 'math' element.
[15:27:03,961 DEBUG] io.XmlDocumentReader: Parsing exception occur. It's most likely a wrong header. Try to fixing it...
[15:27:03,962 DEBUG] Math: Found namespace prefix 'm' of 'math' element.
[15:27:04,014 DEBUG] io.XmlDocumentReader: Parsing exception occur. It's most likely a wrong header. Try to fixing it...
[15:27:04,065 DEBUG] io.XmlDocumentReader: Parsing exception occur. It's most likely a wrong header. Try to fixing it...
[15:27:04,112 DEBUG] io.XmlDocumentReader: Parsing exception occur. It's most likely a wrong header. Try to fixing it...
[15:27:04,165 DEBUG] io.XmlDocumentReader: Parsing exception occur. It's most likely a wrong header. Try to fixing it...
[15:27:04,220 DEBUG] io.XmlDocumentReader: Parsing exception occur. It's most likely a wrong header. Try to fixing it...
[15:27:04,269 DEBUG] io.XmlDocumentReader: Parsing exception occur. It's most likely a wrong header. Try to fixing it...
[15:27:04,317 DEBUG] io.XmlDocumentReader: Parsing exception occur. It's most likely a wrong header. Try to fixing it...
[15:27:04,317 DEBUG] Math: Found namespace prefix 'm' of 'math' element.
[15:27:04,363 DEBUG] io.XmlDocumentReader: Parsing exception occur. It's most likely a wrong header. Try to fixing it...
[15:27:04,415 DEBUG] io.XmlDocumentReader: Parsing exception occur. It's most likely a wrong header. Try to fixing it...
[15:27:04,464 WARN] exceptions.ParsingErrorHandler: cvc-elt.1: Cannot find the declaration of element 'math'. Error handler is on level 'notify', no exception was thrown.
[15:27:04,470 WARN] exceptions.ParsingErrorHandler: cvc-elt.1: Cannot find the declaration of element 'math'. Error handler is on level 'notify', no exception was thrown.
[15:27:04,474 WARN] exceptions.ParsingErrorHandler: cvc-elt.1: Cannot find the declaration of element 'm:math'. Error handler is on level 'notify', no exception was thrown.
[15:27:04,482 WARN] exceptions.ParsingErrorHandler: cvc-elt.1: Cannot find the declaration of element 'result'. Error handler is on level 'notify', no exception was thrown.
[15:27:04,487 WARN] exceptions.ParsingErrorHandler: cvc-elt.1: Cannot find the declaration of element 'math'. Error handler is on level 'notify', no exception was thrown.
[15:27:04,901 WARN] exceptions.ParsingErrorHandler: cvc-elt.1: Cannot find the declaration of element 'math'. Error handler is on level 'notify', no exception was thrown.
[15:27:04,938 WARN] exceptions.ParsingErrorHandler: cvc-elt.1: Cannot find the declaration of element 'math'. Error handler is on level 'notify', no exception was thrown.
[15:27:04,942 DEBUG] io.XmlDocumentWriter: Successfully serialized document to string.
[15:27:04,960 WARN] exceptions.ParsingErrorHandler: cvc-elt.1: Cannot find the declaration of element 'm:math'. Error handler is on level 'notify', no exception was thrown.
[15:27:05,076 DEBUG] CMMLInfoTest: #document[math[semantics[apply[l1;apply[l1;\qvar{x_0};\qvar{x_1}];apply[l1;l0;l0]]]]]
[15:27:05,088 WARN] exceptions.ParsingErrorHandler: cvc-elt.1: Cannot find the declaration of element 'annotation-xml'. Error handler is on level 'notify', no exception was thrown.
[15:27:05,090 DEBUG] io.XmlDocumentWriter: Successfully serialized document to string.
[15:27:05,091 ERROR] mml.CMMLInfo: No mathml element found in:
<annotation-xml encoding="MathML-Content"
                id="I1.i2.p1.1.m1.1.cmml"
                xref="I1.i2.p1.1.m1.1">
  <apply id="I1.i2.p1.1.m1.1.6.cmml" xref="I1.i2.p1.1.m1.1.6">
      <list id="I1.i2.p1.1.m1.1.6.1.cmml"/>
      <apply id="I1.i2.p1.1.m1.1.6.2.cmml" xref="I1.i2.p1.1.m1.1.6.2">
         <csymbol cd="ambiguous" id="I1.i2.p1.1.m1.1.6.2.1.cmml">subscript</csymbol>
         <ci id="I1.i2.p1.1.m1.1.1.cmml" xref="I1.i2.p1.1.m1.1.1">I</ci>
         <cn id="I1.i2.p1.1.m1.1.2.1.cmml"
             type="integer"
             xref="I1.i2.p1.1.m1.1.2.1">1</cn>
      </apply>
      <apply id="I1.i2.p1.1.m1.1.6.3.cmml" xref="I1.i2.p1.1.m1.1.6.3">
         <csymbol cd="ambiguous" id="I1.i2.p1.1.m1.1.6.3.1.cmml">subscript</csymbol>
         <ci id="I1.i2.p1.1.m1.1.4.cmml" xref="I1.i2.p1.1.m1.1.4">I</ci>
         <cn id="I1.i2.p1.1.m1.1.5.1.cmml"
             type="integer"
             xref="I1.i2.p1.1.m1.1.5.1">2</cn>
      </apply>
  </apply>
</annotation-xml>

[15:27:05,150 WARN] exceptions.ParsingErrorHandler: cvc-elt.1: Cannot find the declaration of element 'annotation-xml'. Error handler is on level 'notify', no exception was thrown.
[15:27:05,152 DEBUG] io.XmlDocumentWriter: Successfully serialized document to string.
[15:27:05,152 ERROR] mml.CMMLInfo: No mathml element found in:
<annotation-xml encoding="MathML-Content"
                id="I1.i2.p1.1.m2.1.cmml"
                xref="I1.i2.p1.1.m2.1">
  <apply id="I1.i2.p1.1.m2.1.8.cmml" xref="I1.i2.p1.1.m2.1.8">
      <eq id="I1.i2.p1.1.m2.1.6.cmml" xref="I1.i2.p1.1.m2.1.6"/>
      <apply id="I1.i2.p1.1.m2.1.8.1.cmml" xref="I1.i2.p1.1.m2.1.8.1">
         <intersect id="I1.i2.p1.1.m2.1.3.cmml" xref="I1.i2.p1.1.m2.1.3"/>
         <apply id="I1.i2.p1.1.m2.1.8.1.1.cmml" xref="I1.i2.p1.1.m2.1.8.1.1">
            <csymbol cd="ambiguous" id="I1.i2.p1.1.m2.1.8.1.1.1.cmml">subscript</csymbol>
            <ci id="I1.i2.p1.1.m2.1.1.cmml" xref="I1.i2.p1.1.m2.1.1">I</ci>
            <cn id="I1.i2.p1.1.m2.1.2.1.cmml"
                type="integer"
                xref="I1.i2.p1.1.m2.1.2.1">1</cn>
         </apply>
         <apply id="I1.i2.p1.1.m2.1.8.1.2.cmml" xref="I1.i2.p1.1.m2.1.8.1.2">
            <csymbol cd="ambiguous" id="I1.i2.p1.1.m2.1.8.1.2.1.cmml">subscript</csymbol>
            <ci id="I1.i2.p1.1.m2.1.4.cmml" xref="I1.i2.p1.1.m2.1.4">I</ci>
            <cn id="I1.i2.p1.1.m2.1.5.1.cmml"
                type="integer"
                xref="I1.i2.p1.1.m2.1.5.1">2</cn>
         </apply>
      </apply>
      <emptyset id="I1.i2.p1.1.m2.1.7.cmml" xref="I1.i2.p1.1.m2.1.7"/>
  </apply>
</annotation-xml>

[15:27:05,158 WARN] exceptions.ParsingErrorHandler: cvc-elt.1: Cannot find the declaration of element 'annotation-xml'. Error handler is on level 'notify', no exception was thrown.
[15:27:05,161 DEBUG] io.XmlDocumentWriter: Successfully serialized document to string.
[15:27:05,161 ERROR] mml.CMMLInfo: No mathml element found in:
<annotation-xml encoding="MathML-Content"
                id="I1.i2.p1.1.m3.1.cmml"
                xref="I1.i2.p1.1.m3.1">
  <apply id="I1.i2.p1.1.m3.1.16.cmml" xref="I1.i2.p1.1.m3.1.16">
      <eq id="I1.i2.p1.1.m3.1.14.cmml" xref="I1.i2.p1.1.m3.1.14"/>
      <apply id="I1.i2.p1.1.m3.1.16.1.cmml" xref="I1.i2.p1.1.m3.1.16.1">
         <interval closure="closed" id="I1.i2.p1.1.m3.1.16.1.1.cmml"/>
         <apply id="I1.i2.p1.1.m3.1.16.1.2.cmml" xref="I1.i2.p1.1.m3.1.16.1.2">
            <times id="I1.i2.p1.1.m3.1.16.1.2.1.cmml" xref="I1.i2.p1.1.m3.1.16.1.2.1"/>
            <ci id="I1.i2.p1.1.m3.1.2.cmml" xref="I1.i2.p1.1.m3.1.2">ùíú</ci>
            <apply id="I1.i2.p1.1.m3.1.16.1.2.2.cmml" xref="I1.i2.p1.1.m3.1.16.1.2.2">
               <csymbol cd="ambiguous" id="I1.i2.p1.1.m3.1.16.1.2.2.1.cmml">subscript</csymbol>
               <ci id="I1.i2.p1.1.m3.1.4.cmml" xref="I1.i2.p1.1.m3.1.4">I</ci>
               <cn id="I1.i2.p1.1.m3.1.5.1.cmml"
                   type="integer"
                   xref="I1.i2.p1.1.m3.1.5.1">1</cn>
            </apply>
         </apply>
         <apply id="I1.i2.p1.1.m3.1.16.1.3.cmml" xref="I1.i2.p1.1.m3.1.16.1.3">
            <times id="I1.i2.p1.1.m3.1.16.1.3.1.cmml" xref="I1.i2.p1.1.m3.1.16.1.3.1"/>
            <ci id="I1.i2.p1.1.m3.1.8.cmml" xref="I1.i2.p1.1.m3.1.8">ùíú</ci>
            <apply id="I1.i2.p1.1.m3.1.16.1.3.2.cmml" xref="I1.i2.p1.1.m3.1.16.1.3.2">
               <csymbol cd="ambiguous" id="I1.i2.p1.1.m3.1.16.1.3.2.1.cmml">subscript</csymbol>
               <ci id="I1.i2.p1.1.m3.1.10.cmml" xref="I1.i2.p1.1.m3.1.10">I</ci>
               <cn id="I1.i2.p1.1.m3.1.11.1.cmml"
                   type="integer"
                   xref="I1.i2.p1.1.m3.1.11.1">2</cn>
            </apply>
         </apply>
      </apply>
      <cn id="I1.i2.p1.1.m3.1.15.cmml"
          type="integer"
          xref="I1.i2.p1.1.m3.1.15">0</cn>
  </apply>
</annotation-xml>

[15:27:05,175 WARN] exceptions.ParsingErrorHandler: cvc-elt.1: Cannot find the declaration of element 'math'. Error handler is on level 'notify', no exception was thrown.
[15:27:05,177 WARN] exceptions.ParsingErrorHandler: cvc-elt.1: Cannot find the declaration of element 'math'. Error handler is on level 'notify', no exception was thrown.
[15:27:05,182 WARN] exceptions.ParsingErrorHandler: cvc-elt.1: Cannot find the declaration of element 'math'. Error handler is on level 'notify', no exception was thrown.
[15:27:05,187 WARN] exceptions.ParsingErrorHandler: cvc-elt.1: Cannot find the declaration of element 'math'. Error handler is on level 'notify', no exception was thrown.
[15:27:05,193 WARN] exceptions.ParsingErrorHandler: cvc-elt.1: Cannot find the declaration of element 'm:math'. Error handler is on level 'notify', no exception was thrown.
[15:27:05,322 WARN] exceptions.ParsingErrorHandler: cvc-elt.1: Cannot find the declaration of element 'math'. Error handler is on level 'notify', no exception was thrown.
[15:27:05,324 DEBUG] io.XmlDocumentWriter: Successfully serialized document to string.
[15:27:05,326 WARN] exceptions.ParsingErrorHandler: cvc-elt.1: Cannot find the declaration of element 'math'. Error handler is on level 'notify', no exception was thrown.
[15:27:05,330 DEBUG] io.XmlDocumentWriter: Successfully serialized document to string.
[15:27:05,332 WARN] exceptions.ParsingErrorHandler: cvc-elt.1: Cannot find the declaration of element 'math'. Error handler is on level 'notify', no exception was thrown.
[15:27:05,337 DEBUG] io.XmlDocumentWriter: Successfully serialized document to string.
[15:27:05,341 WARN] exceptions.ParsingErrorHandler: cvc-elt.1: Cannot find the declaration of element 'math'. Error handler is on level 'notify', no exception was thrown.
[15:27:05,372 WARN] exceptions.ParsingErrorHandler: cvc-elt.1: Cannot find the declaration of element 'math'. Error handler is on level 'notify', no exception was thrown.
[15:27:05,463 WARN] exceptions.ParsingErrorHandler: cvc-elt.1: Cannot find the declaration of element 'math'. Error handler is on level 'notify', no exception was thrown.
[15:27:05,545 WARN] exceptions.ParsingErrorHandler: cvc-elt.1: Cannot find the declaration of element 'math'. Error handler is on level 'notify', no exception was thrown.
[15:27:05,562 WARN] exceptions.ParsingErrorHandler: cvc-elt.1: Cannot find the declaration of element 'math'. Error handler is on level 'notify', no exception was thrown.
[15:27:05,568 WARN] exceptions.ParsingErrorHandler: cvc-elt.1: Cannot find the declaration of element 'math'. Error handler is on level 'notify', no exception was thrown.
[15:27:05,653 WARN] exceptions.ParsingErrorHandler: cvc-elt.1: Cannot find the declaration of element 'math'. Error handler is on level 'notify', no exception was thrown.
[15:27:05,661 WARN] exceptions.ParsingErrorHandler: cvc-elt.1: Cannot find the declaration of element 'm:math'. Error handler is on level 'notify', no exception was thrown.
[15:27:05,749 WARN] exceptions.ParsingErrorHandler: cvc-elt.1: Cannot find the declaration of element 'math'. Error handler is on level 'notify', no exception was thrown.
[15:27:05,757 WARN] exceptions.ParsingErrorHandler: cvc-elt.1: Cannot find the declaration of element 'math'. Error handler is on level 'notify', no exception was thrown.
[15:27:05,761 WARN] exceptions.ParsingErrorHandler: cvc-elt.1: Cannot find the declaration of element 'math'. Error handler is on level 'notify', no exception was thrown.
[15:27:08,639 DEBUG] Math: Found namespace prefix 'ns' of 'math' element.
[15:27:08,640 WARN] Math: Found prefix without namespace binding. Try fixing it...
[15:27:08,819 DEBUG] io.XmlDocumentWriter: Successfully serialized document to string.
[15:27:08,820 DEBUG] io.XmlDocumentWriter: Successfully serialized document to string.
[15:27:09,407 WARN] Math: Presentation node p1.1.m1.1.5 has already class attribute. Cannot highlight!
[15:27:09,457 DEBUG] Math: Found namespace prefix 'm' of 'math' element.
[15:27:09,604 DEBUG] io.XmlDocumentWriter: Successfully serialized document to string.
[15:27:09,804 WARN] exceptions.ParsingErrorHandler: cvc-elt.1: Cannot find the declaration of element 'math'. Error handler is on level 'notify', no exception was thrown.
[15:27:09,808 WARN] exceptions.ParsingErrorHandler: cvc-elt.1: Cannot find the declaration of element 'math'. Error handler is on level 'notify', no exception was thrown.
[15:27:09,876 WARN] exceptions.ParsingErrorHandler: cvc-elt.1: Cannot find the declaration of element 'math'. Error handler is on level 'notify', no exception was thrown.
[15:27:09,882 WARN] exceptions.ParsingErrorHandler: cvc-elt.1: Cannot find the declaration of element 'math'. Error handler is on level 'notify', no exception was thrown.
[15:27:09,890 WARN] exceptions.ParsingErrorHandler: cvc-elt.1: Cannot find the declaration of element 'topics'. Error handler is on level 'notify', no exception was thrown.
[15:27:09,970 WARN] exceptions.ParsingErrorHandler: cvc-elt.1: Cannot find the declaration of element 'topics'. Error handler is on level 'notify', no exception was thrown.
[15:27:10,025 WARN] exceptions.ParsingErrorHandler: cvc-elt.1: Cannot find the declaration of element 'topics'. Error handler is on level 'notify', no exception was thrown.
[15:27:10,096 WARN] exceptions.ParsingErrorHandler: cvc-elt.1: Cannot find the declaration of element 'topics'. Error handler is on level 'notify', no exception was thrown.
[15:27:10,150 WARN] exceptions.ParsingErrorHandler: cvc-elt.1: Cannot find the declaration of element 'topics'. Error handler is on level 'notify', no exception was thrown.
[15:27:10,195 WARN] exceptions.ParsingErrorHandler: cvc-elt.1: Cannot find the declaration of element 'topics'. Error handler is on level 'notify', no exception was thrown.
[15:27:10,237 WARN] exceptions.ParsingErrorHandler: cvc-elt.1: Cannot find the declaration of element 'topics'. Error handler is on level 'notify', no exception was thrown.
[15:27:10,278 WARN] exceptions.ParsingErrorHandler: cvc-elt.1: Cannot find the declaration of element 'topics'. Error handler is on level 'notify', no exception was thrown.
[15:27:10,331 WARN] exceptions.ParsingErrorHandler: cvc-elt.1: Cannot find the declaration of element 'topics'. Error handler is on level 'notify', no exception was thrown.
[15:27:10,362 WARN] exceptions.ParsingErrorHandler: cvc-elt.1: Cannot find the declaration of element 'topics'. Error handler is on level 'notify', no exception was thrown.
[15:27:10,382 WARN] exceptions.ParsingErrorHandler: cvc-elt.1: Cannot find the declaration of element 'topics'. Error handler is on level 'notify', no exception was thrown.
[15:27:10,396 WARN] exceptions.ParsingErrorHandler: cvc-elt.1: Cannot find the declaration of element 'math'. Error handler is on level 'notify', no exception was thrown.
[15:27:10,403 WARN] exceptions.ParsingErrorHandler: cvc-elt.1: Cannot find the declaration of element 'mws:query'. Error handler is on level 'notify', no exception was thrown.
[15:27:10,405 WARN] exceptions.ParsingErrorHandler: cvc-elt.1: Cannot find the declaration of element 'mws:query'. Error handler is on level 'notify', no exception was thrown.
[15:27:10,408 WARN] exceptions.ParsingErrorHandler: cvc-elt.1: Cannot find the declaration of element 'mws:query'. Error handler is on level 'notify', no exception was thrown.
[15:27:10,412 WARN] exceptions.ParsingErrorHandler: cvc-elt.1: Cannot find the declaration of element 'math'. Error handler is on level 'notify', no exception was thrown.
[15:27:10,417 WARN] exceptions.ParsingErrorHandler: cvc-elt.1: Cannot find the declaration of element 'math'. Error handler is on level 'notify', no exception was thrown.
[15:27:10,421 WARN] exceptions.ParsingErrorHandler: cvc-elt.1: Cannot find the declaration of element 'math'. Error handler is on level 'notify', no exception was thrown.
[15:27:10,425 WARN] exceptions.ParsingErrorHandler: cvc-elt.1: Cannot find the declaration of element 'math'. Error handler is on level 'notify', no exception was thrown.
[15:27:10,431 WARN] exceptions.ParsingErrorHandler: cvc-elt.1: Cannot find the declaration of element 'mws:query'. Error handler is on level 'notify', no exception was thrown.
[15:27:10,442 WARN] exceptions.ParsingErrorHandler: cvc-elt.1: Cannot find the declaration of element 'mws:query'. Error handler is on level 'notify', no exception was thrown.
[15:27:10,445 WARN] exceptions.ParsingErrorHandler: cvc-elt.1: Cannot find the declaration of element 'mws:query'. Error handler is on level 'notify', no exception was thrown.
[15:27:10,448 WARN] exceptions.ParsingErrorHandler: cvc-elt.1: Cannot find the declaration of element 'mws:query'. Error handler is on level 'notify', no exception was thrown.
[15:27:10,451 WARN] exceptions.ParsingErrorHandler: cvc-elt.1: Cannot find the declaration of element 'mws:query'. Error handler is on level 'notify', no exception was thrown.
[15:27:10,454 WARN] exceptions.ParsingErrorHandler: cvc-elt.1: Cannot find the declaration of element 'mws:query'. Error handler is on level 'notify', no exception was thrown.
[15:27:10,457 WARN] exceptions.ParsingErrorHandler: cvc-elt.1: Cannot find the declaration of element 'mws:query'. Error handler is on level 'notify', no exception was thrown.
[15:27:10,460 WARN] exceptions.ParsingErrorHandler: cvc-elt.1: Cannot find the declaration of element 'mws:query'. Error handler is on level 'notify', no exception was thrown.
[15:27:10,463 WARN] exceptions.ParsingErrorHandler: cvc-elt.1: Cannot find the declaration of element 'mws:query'. Error handler is on level 'notify', no exception was thrown.
[15:27:10,467 WARN] exceptions.ParsingErrorHandler: cvc-elt.1: Cannot find the declaration of element 'mws:query'. Error handler is on level 'notify', no exception was thrown.
[15:27:10,471 WARN] exceptions.ParsingErrorHandler: cvc-elt.1: Cannot find the declaration of element 'm:math'. Error handler is on level 'notify', no exception was thrown.
[15:27:10,474 DEBUG] xml.PartialLocalEntityResolver: Can not resolve entity b a
[15:27:10,482 DEBUG] xml.PartialLocalEntityResolver: Can not resolve entity b a
[15:27:10,486 DEBUG] xml.PartialLocalEntityResolver: Could not resolve resource http://www.w3.org/2001/XMLSchema-http://www.w3.org/1998/Math/MathML-null-this is not there-https://www.w3.org/Math/XMLSchema/mathml3/mathml3.xsd
[15:44:23,924 DEBUG] exceptions.ParsingErrorHandler: Fatal Exception Test Error handler is on level 'silent' that ignores this error.
[15:44:23,931 WARN] exceptions.ParsingErrorHandler: Warning Exception Test
[15:44:23,939 FATAL] exceptions.ParsingErrorHandler: Fatal Exception Test Error handler is on level 'notify', no exception was thrown.
[15:44:24,085 WARN] exceptions.ParsingErrorHandler: cvc-elt.1.a: Cannot find the declaration of element 'math'. Error handler is on level 'notify', no exception was thrown.
[15:44:24,118 WARN] exceptions.ParsingErrorHandler: cvc-elt.1.a: Cannot find the declaration of element 'math'. Error handler is on level 'notify', no exception was thrown.
[15:44:24,123 WARN] exceptions.ParsingErrorHandler: cvc-elt.1.a: Cannot find the declaration of element 'math'. Error handler is on level 'notify', no exception was thrown.
[15:44:24,127 WARN] exceptions.ParsingErrorHandler: cvc-elt.1.a: Cannot find the declaration of element 'math'. Error handler is on level 'notify', no exception was thrown.
[15:44:24,132 WARN] exceptions.ParsingErrorHandler: cvc-elt.1.a: Cannot find the declaration of element 'math'. Error handler is on level 'notify', no exception was thrown.
[15:44:25,279 WARN] exceptions.ParsingErrorHandler: cvc-elt.1.a: Cannot find the declaration of element 'open'. Error handler is on level 'notify', no exception was thrown.
[15:44:25,280 FATAL] exceptions.ParsingErrorHandler: XML document structures must start and end within the same entity. Error handler is on level 'notify', no exception was thrown.
[15:44:25,281 ERROR] helper.XMLHelper: Cannot parse XML string.
org.xml.sax.SAXParseException: XML document structures must start and end within the same entity.
	at org.apache.xerces.parsers.DOMParser.parse(Unknown Source) ~[xercesImpl-2.12.0.jar:?]
	at org.apache.xerces.jaxp.DocumentBuilderImpl.parse(Unknown Source) ~[xercesImpl-2.12.0.jar:?]
	at com.formulasearchengine.mathmltools.io.XmlDocumentReader.parse(XmlDocumentReader.java:111) ~[classes/:?]
	at com.formulasearchengine.mathmltools.helper.XMLHelper.string2Doc(XMLHelper.java:195) [classes/:?]
	at com.formulasearchengine.mathmltools.helper.XMLHelperTest.testString2Doc(XMLHelperTest.java:34) [test-classes/:?]
	at jdk.internal.reflect.NativeMethodAccessorImpl.invoke0(Native Method) ~[?:?]
	at jdk.internal.reflect.NativeMethodAccessorImpl.invoke(NativeMethodAccessorImpl.java:62) ~[?:?]
	at jdk.internal.reflect.DelegatingMethodAccessorImpl.invoke(DelegatingMethodAccessorImpl.java:43) ~[?:?]
	at java.lang.reflect.Method.invoke(Method.java:566) ~[?:?]
	at org.junit.platform.commons.util.ReflectionUtils.invokeMethod(ReflectionUtils.java:436) [junit-platform-commons-1.1.0.jar:1.1.0]
	at org.junit.jupiter.engine.execution.ExecutableInvoker.invoke(ExecutableInvoker.java:115) [junit-jupiter-engine-5.1.0.jar:5.1.0]
	at org.junit.jupiter.engine.descriptor.TestMethodTestDescriptor.lambda$invokeTestMethod$6(TestMethodTestDescriptor.java:170) [junit-jupiter-engine-5.1.0.jar:5.1.0]
	at org.junit.jupiter.engine.execution.ThrowableCollector.execute(ThrowableCollector.java:40) [junit-jupiter-engine-5.1.0.jar:5.1.0]
	at org.junit.jupiter.engine.descriptor.TestMethodTestDescriptor.invokeTestMethod(TestMethodTestDescriptor.java:166) [junit-jupiter-engine-5.1.0.jar:5.1.0]
	at org.junit.jupiter.engine.descriptor.TestMethodTestDescriptor.execute(TestMethodTestDescriptor.java:113) [junit-jupiter-engine-5.1.0.jar:5.1.0]
	at org.junit.jupiter.engine.descriptor.TestMethodTestDescriptor.execute(TestMethodTestDescriptor.java:58) [junit-jupiter-engine-5.1.0.jar:5.1.0]
	at org.junit.platform.engine.support.hierarchical.HierarchicalTestExecutor$NodeExecutor.lambda$executeRecursively$3(HierarchicalTestExecutor.java:112) [junit-platform-engine-1.1.0.jar:1.1.0]
	at org.junit.platform.engine.support.hierarchical.SingleTestExecutor.executeSafely(SingleTestExecutor.java:66) [junit-platform-engine-1.1.0.jar:1.1.0]
	at org.junit.platform.engine.support.hierarchical.HierarchicalTestExecutor$NodeExecutor.executeRecursively(HierarchicalTestExecutor.java:108) [junit-platform-engine-1.1.0.jar:1.1.0]
	at org.junit.platform.engine.support.hierarchical.HierarchicalTestExecutor$NodeExecutor.execute(HierarchicalTestExecutor.java:79) [junit-platform-engine-1.1.0.jar:1.1.0]
	at org.junit.platform.engine.support.hierarchical.HierarchicalTestExecutor$NodeExecutor.lambda$executeRecursively$2(HierarchicalTestExecutor.java:120) [junit-platform-engine-1.1.0.jar:1.1.0]
	at java.util.stream.ForEachOps$ForEachOp$OfRef.accept(ForEachOps.java:183) [?:?]
	at java.util.stream.ReferencePipeline$2$1.accept(ReferencePipeline.java:177) [?:?]
	at java.util.Iterator.forEachRemaining(Iterator.java:133) [?:?]
	at java.util.Spliterators$IteratorSpliterator.forEachRemaining(Spliterators.java:1801) [?:?]
	at java.util.stream.AbstractPipeline.copyInto(AbstractPipeline.java:484) [?:?]
	at java.util.stream.AbstractPipeline.wrapAndCopyInto(AbstractPipeline.java:474) [?:?]
	at java.util.stream.ForEachOps$ForEachOp.evaluateSequential(ForEachOps.java:150) [?:?]
	at java.util.stream.ForEachOps$ForEachOp$OfRef.evaluateSequential(ForEachOps.java:173) [?:?]
	at java.util.stream.AbstractPipeline.evaluate(AbstractPipeline.java:234) [?:?]
	at java.util.stream.ReferencePipeline.forEach(ReferencePipeline.java:497) [?:?]
	at org.junit.platform.engine.support.hierarchical.HierarchicalTestExecutor$NodeExecutor.lambda$executeRecursively$3(HierarchicalTestExecutor.java:120) [junit-platform-engine-1.1.0.jar:1.1.0]
	at org.junit.platform.engine.support.hierarchical.SingleTestExecutor.executeSafely(SingleTestExecutor.java:66) [junit-platform-engine-1.1.0.jar:1.1.0]
	at org.junit.platform.engine.support.hierarchical.HierarchicalTestExecutor$NodeExecutor.executeRecursively(HierarchicalTestExecutor.java:108) [junit-platform-engine-1.1.0.jar:1.1.0]
	at org.junit.platform.engine.support.hierarchical.HierarchicalTestExecutor$NodeExecutor.execute(HierarchicalTestExecutor.java:79) [junit-platform-engine-1.1.0.jar:1.1.0]
	at org.junit.platform.engine.support.hierarchical.HierarchicalTestExecutor$NodeExecutor.lambda$executeRecursively$2(HierarchicalTestExecutor.java:120) [junit-platform-engine-1.1.0.jar:1.1.0]
	at java.util.stream.ForEachOps$ForEachOp$OfRef.accept(ForEachOps.java:183) [?:?]
	at java.util.stream.ReferencePipeline$2$1.accept(ReferencePipeline.java:177) [?:?]
	at java.util.Iterator.forEachRemaining(Iterator.java:133) [?:?]
	at java.util.Spliterators$IteratorSpliterator.forEachRemaining(Spliterators.java:1801) [?:?]
	at java.util.stream.AbstractPipeline.copyInto(AbstractPipeline.java:484) [?:?]
	at java.util.stream.AbstractPipeline.wrapAndCopyInto(AbstractPipeline.java:474) [?:?]
	at java.util.stream.ForEachOps$ForEachOp.evaluateSequential(ForEachOps.java:150) [?:?]
	at java.util.stream.ForEachOps$ForEachOp$OfRef.evaluateSequential(ForEachOps.java:173) [?:?]
	at java.util.stream.AbstractPipeline.evaluate(AbstractPipeline.java:234) [?:?]
	at java.util.stream.ReferencePipeline.forEach(ReferencePipeline.java:497) [?:?]
	at org.junit.platform.engine.support.hierarchical.HierarchicalTestExecutor$NodeExecutor.lambda$executeRecursively$3(HierarchicalTestExecutor.java:120) [junit-platform-engine-1.1.0.jar:1.1.0]
	at org.junit.platform.engine.support.hierarchical.SingleTestExecutor.executeSafely(SingleTestExecutor.java:66) [junit-platform-engine-1.1.0.jar:1.1.0]
	at org.junit.platform.engine.support.hierarchical.HierarchicalTestExecutor$NodeExecutor.executeRecursively(HierarchicalTestExecutor.java:108) [junit-platform-engine-1.1.0.jar:1.1.0]
	at org.junit.platform.engine.support.hierarchical.HierarchicalTestExecutor$NodeExecutor.execute(HierarchicalTestExecutor.java:79) [junit-platform-engine-1.1.0.jar:1.1.0]
	at org.junit.platform.engine.support.hierarchical.HierarchicalTestExecutor.execute(HierarchicalTestExecutor.java:55) [junit-platform-engine-1.1.0.jar:1.1.0]
	at org.junit.platform.engine.support.hierarchical.HierarchicalTestEngine.execute(HierarchicalTestEngine.java:43) [junit-platform-engine-1.1.0.jar:1.1.0]
	at org.junit.platform.launcher.core.DefaultLauncher.execute(DefaultLauncher.java:170) [junit-platform-launcher-1.1.0.jar:1.1.0]
	at org.junit.platform.launcher.core.DefaultLauncher.execute(DefaultLauncher.java:154) [junit-platform-launcher-1.1.0.jar:1.1.0]
	at org.junit.platform.launcher.core.DefaultLauncher.execute(DefaultLauncher.java:90) [junit-platform-launcher-1.1.0.jar:1.1.0]
	at com.intellij.junit5.JUnit5IdeaTestRunner.startRunnerWithArgs(JUnit5IdeaTestRunner.java:69) [junit5-rt.jar:?]
	at com.intellij.rt.junit.IdeaTestRunner$Repeater.startRunnerWithArgs(IdeaTestRunner.java:33) [junit-rt.jar:?]
	at com.intellij.rt.junit.JUnitStarter.prepareStreamsAndStart(JUnitStarter.java:230) [junit-rt.jar:?]
	at com.intellij.rt.junit.JUnitStarter.main(JUnitStarter.java:58) [junit-rt.jar:?]
	at jdk.internal.reflect.NativeMethodAccessorImpl.invoke0(Native Method) ~[?:?]
	at jdk.internal.reflect.NativeMethodAccessorImpl.invoke(NativeMethodAccessorImpl.java:62) ~[?:?]
	at jdk.internal.reflect.DelegatingMethodAccessorImpl.invoke(DelegatingMethodAccessorImpl.java:43) ~[?:?]
	at java.lang.reflect.Method.invoke(Method.java:566) ~[?:?]
	at com.intellij.rt.execution.application.AppMainV2.main(AppMainV2.java:128) [idea_rt.jar:?]
[15:44:25,287 WARN] exceptions.ParsingErrorHandler: cvc-elt.1.a: Cannot find the declaration of element 'simple'. Error handler is on level 'notify', no exception was thrown.
[15:44:25,515 DEBUG] io.ReaderStressTest: ATTR: stretchy="false"
[15:44:25,516 DEBUG] io.ReaderStressTest: id null
[15:44:25,516 DEBUG] io.ReaderStressTest: xmlns http://www.w3.org/2000/xmlns/
[15:44:25,516 DEBUG] io.ReaderStressTest: xmlns:xlink http://www.w3.org/2000/xmlns/
[15:44:25,516 DEBUG] io.ReaderStressTest: xref null
[15:44:25,516 DEBUG] io.ReaderStressTest: apply
[15:44:25,522 DEBUG] io.XmlDocumentWriter: Successfully serialized document to string.
[15:44:25,522 DEBUG] io.ReaderStressTest: <apply xmlns="http://www.w3.org/1998/Math/MathML"
       xmlns:xlink="http://www.w3.org/1999/xlink"
       id="p1.1.m1.1.13.cmml"
       xref="p1.1.m1.1.13">
   <gt id="p1.1.m1.1.7.cmml" xref="p1.1.m1.1.7"/>
   <apply id="p1.1.m1.1.13.1.cmml" xref="p1.1.m1.1.13.1">
      <times id="p1.1.m1.1.13.1.1.cmml" xref="p1.1.m1.1.13.1.1"/>
      <ci id="p1.1.m1.1.1.cmml" xref="p1.1.m1.1.1">W</ci>
      <interval closure="open" id="p1.1.m1.1.13.1.2.1.cmml" xref="p1.1.m1.1.13.1.2">
         <cn id="p1.1.m1.1.3.cmml" type="integer" xref="p1.1.m1.1.3">2</cn>
         <ci id="p1.1.m1.1.5.cmml" xref="p1.1.m1.1.5">k</ci>
      </interval>
   </apply>
   <apply id="p1.1.m1.1.13.2.cmml" xref="p1.1.m1.1.13.2">
      <divide id="p1.1.m1.1.10.cmml" xref="p1.1.m1.1.10"/>
      <apply id="p1.1.m1.1.13.2.1.cmml" xref="p1.1.m1.1.13.2.1">
         <csymbol cd="ambiguous" id="p1.1.m1.1.13.2.1.1.cmml" xref="p1.1.m1.1.13.2.1">superscript</csymbol>
         <cn id="p1.1.m1.1.8.cmml" type="integer" xref="p1.1.m1.1.8">2</cn>
         <ci id="p1.1.m1.1.9.1.cmml" xref="p1.1.m1.1.9.1">k</ci>
      </apply>
      <apply id="p1.1.m1.1.13.2.2.cmml" xref="p1.1.m1.1.13.2.2">
         <csymbol cd="ambiguous" id="p1.1.m1.1.13.2.2.1.cmml" xref="p1.1.m1.1.13.2.2">superscript</csymbol>
         <ci id="p1.1.m1.1.11.cmml" xref="p1.1.m1.1.11">k</ci>
         <ci id="p1.1.m1.1.12.1.cmml" xref="p1.1.m1.1.12.1">e</ci>
      </apply>
   </apply>
</apply>

[15:44:25,652 DEBUG] io.ReaderStressTest: xmlns http://www.w3.org/2000/xmlns/
[15:44:25,652 DEBUG] io.ReaderStressTest: xmlns:xlink http://www.w3.org/2000/xmlns/
[15:44:25,652 DEBUG] io.ReaderStressTest: href null
[15:44:25,652 DEBUG] io.ReaderStressTest: xmlns http://www.w3.org/2000/xmlns/
[15:44:25,652 DEBUG] io.ReaderStressTest: xmlns:xlink http://www.w3.org/2000/xmlns/
[15:44:25,653 DEBUG] io.XmlDocumentWriter: Successfully serialized document to string.
[15:44:25,653 DEBUG] io.ReaderStressTest: <math xmlns="http://www.w3.org/1998/Math/MathML"
      xmlns:xlink="http://www.w3.org/1999/xlink">
   <mi href="googleMe">W</mi>
</math>

[15:44:26,215 DEBUG] Math: Found namespace prefix 'mml' of 'math' element.
[15:44:26,215 WARN] Math: Found prefix without namespace binding. Try fixing it...
[15:44:26,320 DEBUG] Math: Found namespace prefix 'm' of 'math' element.
[15:44:26,428 DEBUG] Math: Found namespace prefix 'm' of 'math' element.
[15:44:26,775 DEBUG] io.XmlDocumentReader: Parsing exception occur. It's most likely a wrong header. Try to fixing it...
[15:44:26,826 WARN] exceptions.ParsingErrorHandler: cvc-elt.1.a: Cannot find the declaration of element 'open'. Error handler is on level 'notify', no exception was thrown.
[15:44:26,827 FATAL] exceptions.ParsingErrorHandler: XML document structures must start and end within the same entity. Error handler is on level 'notify', no exception was thrown.
[15:44:26,828 WARN] exceptions.ParsingErrorHandler: cvc-elt.1.a: Cannot find the declaration of element 'simple'. Error handler is on level 'notify', no exception was thrown.
[15:44:26,834 DEBUG] io.XmlDocumentReader: Parsing exception occur. It's most likely a wrong header. Try to fixing it...
[15:44:26,877 DEBUG] io.XmlDocumentReader: Parsing exception occur. It's most likely a wrong header. Try to fixing it...
[15:44:26,921 DEBUG] io.XmlDocumentReader: Parsing exception occur. It's most likely a wrong header. Try to fixing it...
[15:44:26,965 DEBUG] io.XmlDocumentReader: Parsing exception occur. It's most likely a wrong header. Try to fixing it...
[15:44:27,007 DEBUG] io.XmlDocumentReader: Parsing exception occur. It's most likely a wrong header. Try to fixing it...
[15:44:27,055 DEBUG] io.XmlDocumentReader: Parsing exception occur. It's most likely a wrong header. Try to fixing it...
[15:44:27,094 DEBUG] io.XmlDocumentReader: Parsing exception occur. It's most likely a wrong header. Try to fixing it...
[15:44:27,132 DEBUG] io.XmlDocumentReader: Parsing exception occur. It's most likely a wrong header. Try to fixing it...
[15:44:27,133 DEBUG] Math: Found namespace prefix 'mml' of 'math' element.
[15:44:27,133 WARN] Math: Found prefix without namespace binding. Try fixing it...
[15:44:27,175 DEBUG] io.XmlDocumentReader: Parsing exception occur. It's most likely a wrong header. Try to fixing it...
[15:44:27,176 DEBUG] Math: Found namespace prefix 'm' of 'math' element.
[15:44:27,220 DEBUG] io.XmlDocumentReader: Parsing exception occur. It's most likely a wrong header. Try to fixing it...
[15:44:27,221 DEBUG] Math: Found namespace prefix 'm' of 'math' element.
[15:44:27,260 DEBUG] io.XmlDocumentReader: Parsing exception occur. It's most likely a wrong header. Try to fixing it...
[15:44:27,300 DEBUG] io.XmlDocumentReader: Parsing exception occur. It's most likely a wrong header. Try to fixing it...
[15:44:27,342 DEBUG] io.XmlDocumentReader: Parsing exception occur. It's most likely a wrong header. Try to fixing it...
[15:44:27,396 DEBUG] io.XmlDocumentReader: Parsing exception occur. It's most likely a wrong header. Try to fixing it...
[15:44:27,443 DEBUG] io.XmlDocumentReader: Parsing exception occur. It's most likely a wrong header. Try to fixing it...
[15:44:27,489 DEBUG] io.XmlDocumentReader: Parsing exception occur. It's most likely a wrong header. Try to fixing it...
[15:44:27,549 DEBUG] io.XmlDocumentReader: Parsing exception occur. It's most likely a wrong header. Try to fixing it...
[15:44:27,550 DEBUG] Math: Found namespace prefix 'm' of 'math' element.
[15:44:27,591 DEBUG] io.XmlDocumentReader: Parsing exception occur. It's most likely a wrong header. Try to fixing it...
[15:44:27,632 DEBUG] io.XmlDocumentReader: Parsing exception occur. It's most likely a wrong header. Try to fixing it...
[15:44:27,673 WARN] exceptions.ParsingErrorHandler: cvc-elt.1.a: Cannot find the declaration of element 'math'. Error handler is on level 'notify', no exception was thrown.
[15:44:27,678 WARN] exceptions.ParsingErrorHandler: cvc-elt.1.a: Cannot find the declaration of element 'math'. Error handler is on level 'notify', no exception was thrown.
[15:44:27,682 WARN] exceptions.ParsingErrorHandler: cvc-elt.1.a: Cannot find the declaration of element 'm:math'. Error handler is on level 'notify', no exception was thrown.
[15:44:27,689 WARN] exceptions.ParsingErrorHandler: cvc-elt.1.a: Cannot find the declaration of element 'result'. Error handler is on level 'notify', no exception was thrown.
[15:44:27,693 WARN] exceptions.ParsingErrorHandler: cvc-elt.1.a: Cannot find the declaration of element 'math'. Error handler is on level 'notify', no exception was thrown.
[15:44:28,060 WARN] exceptions.ParsingErrorHandler: cvc-elt.1.a: Cannot find the declaration of element 'math'. Error handler is on level 'notify', no exception was thrown.
[15:44:28,096 WARN] exceptions.ParsingErrorHandler: cvc-elt.1.a: Cannot find the declaration of element 'math'. Error handler is on level 'notify', no exception was thrown.
[15:44:28,099 DEBUG] io.XmlDocumentWriter: Successfully serialized document to string.
[15:44:28,118 WARN] exceptions.ParsingErrorHandler: cvc-elt.1.a: Cannot find the declaration of element 'm:math'. Error handler is on level 'notify', no exception was thrown.
[15:44:28,289 DEBUG] CMMLInfoTest: #document[math[semantics[apply[l1;apply[l1;\qvar{x_0};\qvar{x_1}];apply[l1;l0;l0]]]]]
[15:44:28,294 WARN] exceptions.ParsingErrorHandler: cvc-elt.1.a: Cannot find the declaration of element 'annotation-xml'. Error handler is on level 'notify', no exception was thrown.
[15:44:28,298 DEBUG] io.XmlDocumentWriter: Successfully serialized document to string.
[15:44:28,298 ERROR] mml.CMMLInfo: No mathml element found in:
<annotation-xml encoding="MathML-Content"
                id="I1.i2.p1.1.m1.1.cmml"
                xref="I1.i2.p1.1.m1.1">
   <apply id="I1.i2.p1.1.m1.1.6.cmml" xref="I1.i2.p1.1.m1.1.6">
      <list id="I1.i2.p1.1.m1.1.6.1.cmml"/>
      <apply id="I1.i2.p1.1.m1.1.6.2.cmml" xref="I1.i2.p1.1.m1.1.6.2">
         <csymbol cd="ambiguous" id="I1.i2.p1.1.m1.1.6.2.1.cmml">subscript</csymbol>
         <ci id="I1.i2.p1.1.m1.1.1.cmml" xref="I1.i2.p1.1.m1.1.1">I</ci>
         <cn id="I1.i2.p1.1.m1.1.2.1.cmml"
             type="integer"
             xref="I1.i2.p1.1.m1.1.2.1">1</cn>
      </apply>
      <apply id="I1.i2.p1.1.m1.1.6.3.cmml" xref="I1.i2.p1.1.m1.1.6.3">
         <csymbol cd="ambiguous" id="I1.i2.p1.1.m1.1.6.3.1.cmml">subscript</csymbol>
         <ci id="I1.i2.p1.1.m1.1.4.cmml" xref="I1.i2.p1.1.m1.1.4">I</ci>
         <cn id="I1.i2.p1.1.m1.1.5.1.cmml"
             type="integer"
             xref="I1.i2.p1.1.m1.1.5.1">2</cn>
      </apply>
   </apply>
</annotation-xml>

[15:44:28,362 WARN] exceptions.ParsingErrorHandler: cvc-elt.1.a: Cannot find the declaration of element 'annotation-xml'. Error handler is on level 'notify', no exception was thrown.
[15:44:28,365 DEBUG] io.XmlDocumentWriter: Successfully serialized document to string.
[15:44:28,365 ERROR] mml.CMMLInfo: No mathml element found in:
<annotation-xml encoding="MathML-Content"
                id="I1.i2.p1.1.m2.1.cmml"
                xref="I1.i2.p1.1.m2.1">
   <apply id="I1.i2.p1.1.m2.1.8.cmml" xref="I1.i2.p1.1.m2.1.8">
      <eq id="I1.i2.p1.1.m2.1.6.cmml" xref="I1.i2.p1.1.m2.1.6"/>
      <apply id="I1.i2.p1.1.m2.1.8.1.cmml" xref="I1.i2.p1.1.m2.1.8.1">
         <intersect id="I1.i2.p1.1.m2.1.3.cmml" xref="I1.i2.p1.1.m2.1.3"/>
         <apply id="I1.i2.p1.1.m2.1.8.1.1.cmml" xref="I1.i2.p1.1.m2.1.8.1.1">
            <csymbol cd="ambiguous" id="I1.i2.p1.1.m2.1.8.1.1.1.cmml">subscript</csymbol>
            <ci id="I1.i2.p1.1.m2.1.1.cmml" xref="I1.i2.p1.1.m2.1.1">I</ci>
            <cn id="I1.i2.p1.1.m2.1.2.1.cmml"
                type="integer"
                xref="I1.i2.p1.1.m2.1.2.1">1</cn>
         </apply>
         <apply id="I1.i2.p1.1.m2.1.8.1.2.cmml" xref="I1.i2.p1.1.m2.1.8.1.2">
            <csymbol cd="ambiguous" id="I1.i2.p1.1.m2.1.8.1.2.1.cmml">subscript</csymbol>
            <ci id="I1.i2.p1.1.m2.1.4.cmml" xref="I1.i2.p1.1.m2.1.4">I</ci>
            <cn id="I1.i2.p1.1.m2.1.5.1.cmml"
                type="integer"
                xref="I1.i2.p1.1.m2.1.5.1">2</cn>
         </apply>
      </apply>
      <emptyset id="I1.i2.p1.1.m2.1.7.cmml" xref="I1.i2.p1.1.m2.1.7"/>
   </apply>
</annotation-xml>

[15:44:28,381 WARN] exceptions.ParsingErrorHandler: cvc-elt.1.a: Cannot find the declaration of element 'annotation-xml'. Error handler is on level 'notify', no exception was thrown.
[15:44:28,384 DEBUG] io.XmlDocumentWriter: Successfully serialized document to string.
[15:44:28,384 ERROR] mml.CMMLInfo: No mathml element found in:
<annotation-xml encoding="MathML-Content"
                id="I1.i2.p1.1.m3.1.cmml"
                xref="I1.i2.p1.1.m3.1">
   <apply id="I1.i2.p1.1.m3.1.16.cmml" xref="I1.i2.p1.1.m3.1.16">
      <eq id="I1.i2.p1.1.m3.1.14.cmml" xref="I1.i2.p1.1.m3.1.14"/>
      <apply id="I1.i2.p1.1.m3.1.16.1.cmml" xref="I1.i2.p1.1.m3.1.16.1">
         <interval closure="closed" id="I1.i2.p1.1.m3.1.16.1.1.cmml"/>
         <apply id="I1.i2.p1.1.m3.1.16.1.2.cmml" xref="I1.i2.p1.1.m3.1.16.1.2">
            <times id="I1.i2.p1.1.m3.1.16.1.2.1.cmml" xref="I1.i2.p1.1.m3.1.16.1.2.1"/>
            <ci id="I1.i2.p1.1.m3.1.2.cmml" xref="I1.i2.p1.1.m3.1.2">ùíú</ci>
            <apply id="I1.i2.p1.1.m3.1.16.1.2.2.cmml" xref="I1.i2.p1.1.m3.1.16.1.2.2">
               <csymbol cd="ambiguous" id="I1.i2.p1.1.m3.1.16.1.2.2.1.cmml">subscript</csymbol>
               <ci id="I1.i2.p1.1.m3.1.4.cmml" xref="I1.i2.p1.1.m3.1.4">I</ci>
               <cn id="I1.i2.p1.1.m3.1.5.1.cmml"
                   type="integer"
                   xref="I1.i2.p1.1.m3.1.5.1">1</cn>
            </apply>
         </apply>
         <apply id="I1.i2.p1.1.m3.1.16.1.3.cmml" xref="I1.i2.p1.1.m3.1.16.1.3">
            <times id="I1.i2.p1.1.m3.1.16.1.3.1.cmml" xref="I1.i2.p1.1.m3.1.16.1.3.1"/>
            <ci id="I1.i2.p1.1.m3.1.8.cmml" xref="I1.i2.p1.1.m3.1.8">ùíú</ci>
            <apply id="I1.i2.p1.1.m3.1.16.1.3.2.cmml" xref="I1.i2.p1.1.m3.1.16.1.3.2">
               <csymbol cd="ambiguous" id="I1.i2.p1.1.m3.1.16.1.3.2.1.cmml">subscript</csymbol>
               <ci id="I1.i2.p1.1.m3.1.10.cmml" xref="I1.i2.p1.1.m3.1.10">I</ci>
               <cn id="I1.i2.p1.1.m3.1.11.1.cmml"
                   type="integer"
                   xref="I1.i2.p1.1.m3.1.11.1">2</cn>
            </apply>
         </apply>
      </apply>
      <cn id="I1.i2.p1.1.m3.1.15.cmml"
          type="integer"
          xref="I1.i2.p1.1.m3.1.15">0</cn>
   </apply>
</annotation-xml>

[15:44:28,401 WARN] exceptions.ParsingErrorHandler: cvc-elt.1.a: Cannot find the declaration of element 'math'. Error handler is on level 'notify', no exception was thrown.
[15:44:28,403 WARN] exceptions.ParsingErrorHandler: cvc-elt.1.a: Cannot find the declaration of element 'math'. Error handler is on level 'notify', no exception was thrown.
[15:44:28,407 WARN] exceptions.ParsingErrorHandler: cvc-elt.1.a: Cannot find the declaration of element 'math'. Error handler is on level 'notify', no exception was thrown.
[15:44:28,410 WARN] exceptions.ParsingErrorHandler: cvc-elt.1.a: Cannot find the declaration of element 'math'. Error handler is on level 'notify', no exception was thrown.
[15:44:28,415 WARN] exceptions.ParsingErrorHandler: cvc-elt.1.a: Cannot find the declaration of element 'm:math'. Error handler is on level 'notify', no exception was thrown.
[15:44:28,603 WARN] exceptions.ParsingErrorHandler: cvc-elt.1.a: Cannot find the declaration of element 'math'. Error handler is on level 'notify', no exception was thrown.
[15:44:28,606 DEBUG] io.XmlDocumentWriter: Successfully serialized document to string.
[15:44:28,608 WARN] exceptions.ParsingErrorHandler: cvc-elt.1.a: Cannot find the declaration of element 'math'. Error handler is on level 'notify', no exception was thrown.
[15:44:28,611 DEBUG] io.XmlDocumentWriter: Successfully serialized document to string.
[15:44:28,612 WARN] exceptions.ParsingErrorHandler: cvc-elt.1.a: Cannot find the declaration of element 'math'. Error handler is on level 'notify', no exception was thrown.
[15:44:28,616 DEBUG] io.XmlDocumentWriter: Successfully serialized document to string.
[15:44:28,619 WARN] exceptions.ParsingErrorHandler: cvc-elt.1.a: Cannot find the declaration of element 'math'. Error handler is on level 'notify', no exception was thrown.
[15:44:28,640 WARN] exceptions.ParsingErrorHandler: cvc-elt.1.a: Cannot find the declaration of element 'math'. Error handler is on level 'notify', no exception was thrown.
[15:44:28,761 WARN] exceptions.ParsingErrorHandler: cvc-elt.1.a: Cannot find the declaration of element 'math'. Error handler is on level 'notify', no exception was thrown.
[15:44:28,878 WARN] exceptions.ParsingErrorHandler: cvc-elt.1.a: Cannot find the declaration of element 'math'. Error handler is on level 'notify', no exception was thrown.
[15:44:28,909 WARN] exceptions.ParsingErrorHandler: cvc-elt.1.a: Cannot find the declaration of element 'math'. Error handler is on level 'notify', no exception was thrown.
[15:44:28,915 WARN] exceptions.ParsingErrorHandler: cvc-elt.1.a: Cannot find the declaration of element 'math'. Error handler is on level 'notify', no exception was thrown.
[15:44:29,024 WARN] exceptions.ParsingErrorHandler: cvc-elt.1.a: Cannot find the declaration of element 'math'. Error handler is on level 'notify', no exception was thrown.
[15:44:29,049 WARN] exceptions.ParsingErrorHandler: cvc-elt.1.a: Cannot find the declaration of element 'm:math'. Error handler is on level 'notify', no exception was thrown.
[15:44:29,136 WARN] exceptions.ParsingErrorHandler: cvc-elt.1.a: Cannot find the declaration of element 'math'. Error handler is on level 'notify', no exception was thrown.
[15:44:29,140 WARN] exceptions.ParsingErrorHandler: cvc-elt.1.a: Cannot find the declaration of element 'math'. Error handler is on level 'notify', no exception was thrown.
[15:44:29,142 WARN] exceptions.ParsingErrorHandler: cvc-elt.1.a: Cannot find the declaration of element 'math'. Error handler is on level 'notify', no exception was thrown.
[15:44:33,213 DEBUG] Math: Found namespace prefix 'ns' of 'math' element.
[15:44:33,214 WARN] Math: Found prefix without namespace binding. Try fixing it...
[15:44:33,418 DEBUG] io.XmlDocumentWriter: Successfully serialized document to string.
[15:44:33,420 DEBUG] io.XmlDocumentWriter: Successfully serialized document to string.
[15:44:33,959 WARN] Math: Presentation node p1.1.m1.1.5 has already class attribute. Cannot highlight!
[15:44:34,022 DEBUG] Math: Found namespace prefix 'm' of 'math' element.
[15:44:34,177 DEBUG] io.XmlDocumentWriter: Successfully serialized document to string.
[15:44:34,363 WARN] exceptions.ParsingErrorHandler: cvc-elt.1.a: Cannot find the declaration of element 'math'. Error handler is on level 'notify', no exception was thrown.
[15:44:34,367 WARN] exceptions.ParsingErrorHandler: cvc-elt.1.a: Cannot find the declaration of element 'math'. Error handler is on level 'notify', no exception was thrown.
[15:44:34,461 WARN] exceptions.ParsingErrorHandler: cvc-elt.1.a: Cannot find the declaration of element 'math'. Error handler is on level 'notify', no exception was thrown.
[15:44:34,465 WARN] exceptions.ParsingErrorHandler: cvc-elt.1.a: Cannot find the declaration of element 'math'. Error handler is on level 'notify', no exception was thrown.
[15:44:34,470 WARN] exceptions.ParsingErrorHandler: cvc-elt.1.a: Cannot find the declaration of element 'topics'. Error handler is on level 'notify', no exception was thrown.
[15:44:35,100 WARN] exceptions.ParsingErrorHandler: cvc-elt.1.a: Cannot find the declaration of element 'topics'. Error handler is on level 'notify', no exception was thrown.
[15:44:35,532 WARN] exceptions.ParsingErrorHandler: cvc-elt.1.a: Cannot find the declaration of element 'topics'. Error handler is on level 'notify', no exception was thrown.
[15:44:35,875 WARN] exceptions.ParsingErrorHandler: cvc-elt.1.a: Cannot find the declaration of element 'topics'. Error handler is on level 'notify', no exception was thrown.
[15:44:36,218 WARN] exceptions.ParsingErrorHandler: cvc-elt.1.a: Cannot find the declaration of element 'topics'. Error handler is on level 'notify', no exception was thrown.
[15:44:36,540 WARN] exceptions.ParsingErrorHandler: cvc-elt.1.a: Cannot find the declaration of element 'topics'. Error handler is on level 'notify', no exception was thrown.
[15:44:36,868 WARN] exceptions.ParsingErrorHandler: cvc-elt.1.a: Cannot find the declaration of element 'topics'. Error handler is on level 'notify', no exception was thrown.
[15:44:37,163 WARN] exceptions.ParsingErrorHandler: cvc-elt.1.a: Cannot find the declaration of element 'topics'. Error handler is on level 'notify', no exception was thrown.
[15:44:37,482 WARN] exceptions.ParsingErrorHandler: cvc-elt.1.a: Cannot find the declaration of element 'topics'. Error handler is on level 'notify', no exception was thrown.
[15:44:37,789 WARN] exceptions.ParsingErrorHandler: cvc-elt.1.a: Cannot find the declaration of element 'topics'. Error handler is on level 'notify', no exception was thrown.
[15:44:37,871 WARN] exceptions.ParsingErrorHandler: cvc-elt.1.a: Cannot find the declaration of element 'topics'. Error handler is on level 'notify', no exception was thrown.
[15:44:37,882 WARN] exceptions.ParsingErrorHandler: cvc-elt.1.a: Cannot find the declaration of element 'math'. Error handler is on level 'notify', no exception was thrown.
[15:44:37,886 WARN] exceptions.ParsingErrorHandler: cvc-elt.1.a: Cannot find the declaration of element 'mws:query'. Error handler is on level 'notify', no exception was thrown.
[15:44:37,887 WARN] exceptions.ParsingErrorHandler: cvc-elt.1.a: Cannot find the declaration of element 'mws:query'. Error handler is on level 'notify', no exception was thrown.
[15:44:37,889 WARN] exceptions.ParsingErrorHandler: cvc-elt.1.a: Cannot find the declaration of element 'mws:query'. Error handler is on level 'notify', no exception was thrown.
[15:44:37,891 WARN] exceptions.ParsingErrorHandler: cvc-elt.1.a: Cannot find the declaration of element 'math'. Error handler is on level 'notify', no exception was thrown.
[15:44:37,894 WARN] exceptions.ParsingErrorHandler: cvc-elt.1.a: Cannot find the declaration of element 'math'. Error handler is on level 'notify', no exception was thrown.
[15:44:37,896 WARN] exceptions.ParsingErrorHandler: cvc-elt.1.a: Cannot find the declaration of element 'math'. Error handler is on level 'notify', no exception was thrown.
[15:44:37,898 WARN] exceptions.ParsingErrorHandler: cvc-elt.1.a: Cannot find the declaration of element 'math'. Error handler is on level 'notify', no exception was thrown.
[15:44:37,901 WARN] exceptions.ParsingErrorHandler: cvc-elt.1.a: Cannot find the declaration of element 'mws:query'. Error handler is on level 'notify', no exception was thrown.
[15:44:37,904 WARN] exceptions.ParsingErrorHandler: cvc-elt.1.a: Cannot find the declaration of element 'mws:query'. Error handler is on level 'notify', no exception was thrown.
[15:44:37,906 WARN] exceptions.ParsingErrorHandler: cvc-elt.1.a: Cannot find the declaration of element 'mws:query'. Error handler is on level 'notify', no exception was thrown.
[15:44:37,907 WARN] exceptions.ParsingErrorHandler: cvc-elt.1.a: Cannot find the declaration of element 'mws:query'. Error handler is on level 'notify', no exception was thrown.
[15:44:37,908 WARN] exceptions.ParsingErrorHandler: cvc-elt.1.a: Cannot find the declaration of element 'mws:query'. Error handler is on level 'notify', no exception was thrown.
[15:44:37,909 WARN] exceptions.ParsingErrorHandler: cvc-elt.1.a: Cannot find the declaration of element 'mws:query'. Error handler is on level 'notify', no exception was thrown.
[15:44:37,910 WARN] exceptions.ParsingErrorHandler: cvc-elt.1.a: Cannot find the declaration of element 'mws:query'. Error handler is on level 'notify', no exception was thrown.
[15:44:37,911 WARN] exceptions.ParsingErrorHandler: cvc-elt.1.a: Cannot find the declaration of element 'mws:query'. Error handler is on level 'notify', no exception was thrown.
[15:44:37,912 WARN] exceptions.ParsingErrorHandler: cvc-elt.1.a: Cannot find the declaration of element 'mws:query'. Error handler is on level 'notify', no exception was thrown.
[15:44:37,914 WARN] exceptions.ParsingErrorHandler: cvc-elt.1.a: Cannot find the declaration of element 'mws:query'. Error handler is on level 'notify', no exception was thrown.
[15:44:37,916 WARN] exceptions.ParsingErrorHandler: cvc-elt.1.a: Cannot find the declaration of element 'm:math'. Error handler is on level 'notify', no exception was thrown.
[15:44:37,920 DEBUG] xml.PartialLocalEntityResolver: Can not resolve entity b a
[15:44:37,926 DEBUG] xml.PartialLocalEntityResolver: Can not resolve entity b a
[15:44:37,929 DEBUG] xml.PartialLocalEntityResolver: Could not resolve resource http://www.w3.org/2001/XMLSchema-http://www.w3.org/1998/Math/MathML-null-this is not there-https://www.w3.org/Math/XMLSchema/mathml3/mathml3.xsd
[15:58:44,033 DEBUG] exceptions.ParsingErrorHandler: Fatal Exception Test Error handler is on level 'silent' that ignores this error.
[15:58:44,042 WARN] exceptions.ParsingErrorHandler: Warning Exception Test
[15:58:44,050 FATAL] exceptions.ParsingErrorHandler: Fatal Exception Test Error handler is on level 'notify', no exception was thrown.
[15:58:44,224 WARN] exceptions.ParsingErrorHandler: cvc-elt.1.a: Cannot find the declaration of element 'math'. Error handler is on level 'notify', no exception was thrown.
[15:58:44,269 WARN] exceptions.ParsingErrorHandler: cvc-elt.1.a: Cannot find the declaration of element 'math'. Error handler is on level 'notify', no exception was thrown.
[15:58:44,274 WARN] exceptions.ParsingErrorHandler: cvc-elt.1.a: Cannot find the declaration of element 'math'. Error handler is on level 'notify', no exception was thrown.
[15:58:44,278 WARN] exceptions.ParsingErrorHandler: cvc-elt.1.a: Cannot find the declaration of element 'math'. Error handler is on level 'notify', no exception was thrown.
[15:58:44,282 WARN] exceptions.ParsingErrorHandler: cvc-elt.1.a: Cannot find the declaration of element 'math'. Error handler is on level 'notify', no exception was thrown.
[15:58:45,619 WARN] exceptions.ParsingErrorHandler: cvc-elt.1.a: Cannot find the declaration of element 'open'. Error handler is on level 'notify', no exception was thrown.
[15:58:45,620 FATAL] exceptions.ParsingErrorHandler: XML document structures must start and end within the same entity. Error handler is on level 'notify', no exception was thrown.
[15:58:45,621 ERROR] helper.XMLHelper: Cannot parse XML string.
org.xml.sax.SAXParseException: XML document structures must start and end within the same entity.
	at org.apache.xerces.parsers.DOMParser.parse(Unknown Source) ~[xercesImpl-2.12.0.jar:?]
	at org.apache.xerces.jaxp.DocumentBuilderImpl.parse(Unknown Source) ~[xercesImpl-2.12.0.jar:?]
	at com.formulasearchengine.mathmltools.io.XmlDocumentReader.parse(XmlDocumentReader.java:111) ~[classes/:?]
	at com.formulasearchengine.mathmltools.helper.XMLHelper.string2Doc(XMLHelper.java:195) [classes/:?]
	at com.formulasearchengine.mathmltools.helper.XMLHelperTest.testString2Doc(XMLHelperTest.java:34) [test-classes/:?]
	at jdk.internal.reflect.NativeMethodAccessorImpl.invoke0(Native Method) ~[?:?]
	at jdk.internal.reflect.NativeMethodAccessorImpl.invoke(NativeMethodAccessorImpl.java:62) ~[?:?]
	at jdk.internal.reflect.DelegatingMethodAccessorImpl.invoke(DelegatingMethodAccessorImpl.java:43) ~[?:?]
	at java.lang.reflect.Method.invoke(Method.java:566) ~[?:?]
	at org.junit.platform.commons.util.ReflectionUtils.invokeMethod(ReflectionUtils.java:436) [junit-platform-commons-1.1.0.jar:1.1.0]
	at org.junit.jupiter.engine.execution.ExecutableInvoker.invoke(ExecutableInvoker.java:115) [junit-jupiter-engine-5.1.0.jar:5.1.0]
	at org.junit.jupiter.engine.descriptor.TestMethodTestDescriptor.lambda$invokeTestMethod$6(TestMethodTestDescriptor.java:170) [junit-jupiter-engine-5.1.0.jar:5.1.0]
	at org.junit.jupiter.engine.execution.ThrowableCollector.execute(ThrowableCollector.java:40) [junit-jupiter-engine-5.1.0.jar:5.1.0]
	at org.junit.jupiter.engine.descriptor.TestMethodTestDescriptor.invokeTestMethod(TestMethodTestDescriptor.java:166) [junit-jupiter-engine-5.1.0.jar:5.1.0]
	at org.junit.jupiter.engine.descriptor.TestMethodTestDescriptor.execute(TestMethodTestDescriptor.java:113) [junit-jupiter-engine-5.1.0.jar:5.1.0]
	at org.junit.jupiter.engine.descriptor.TestMethodTestDescriptor.execute(TestMethodTestDescriptor.java:58) [junit-jupiter-engine-5.1.0.jar:5.1.0]
	at org.junit.platform.engine.support.hierarchical.HierarchicalTestExecutor$NodeExecutor.lambda$executeRecursively$3(HierarchicalTestExecutor.java:112) [junit-platform-engine-1.1.0.jar:1.1.0]
	at org.junit.platform.engine.support.hierarchical.SingleTestExecutor.executeSafely(SingleTestExecutor.java:66) [junit-platform-engine-1.1.0.jar:1.1.0]
	at org.junit.platform.engine.support.hierarchical.HierarchicalTestExecutor$NodeExecutor.executeRecursively(HierarchicalTestExecutor.java:108) [junit-platform-engine-1.1.0.jar:1.1.0]
	at org.junit.platform.engine.support.hierarchical.HierarchicalTestExecutor$NodeExecutor.execute(HierarchicalTestExecutor.java:79) [junit-platform-engine-1.1.0.jar:1.1.0]
	at org.junit.platform.engine.support.hierarchical.HierarchicalTestExecutor$NodeExecutor.lambda$executeRecursively$2(HierarchicalTestExecutor.java:120) [junit-platform-engine-1.1.0.jar:1.1.0]
	at java.util.stream.ForEachOps$ForEachOp$OfRef.accept(ForEachOps.java:183) [?:?]
	at java.util.stream.ReferencePipeline$2$1.accept(ReferencePipeline.java:177) [?:?]
	at java.util.Iterator.forEachRemaining(Iterator.java:133) [?:?]
	at java.util.Spliterators$IteratorSpliterator.forEachRemaining(Spliterators.java:1801) [?:?]
	at java.util.stream.AbstractPipeline.copyInto(AbstractPipeline.java:484) [?:?]
	at java.util.stream.AbstractPipeline.wrapAndCopyInto(AbstractPipeline.java:474) [?:?]
	at java.util.stream.ForEachOps$ForEachOp.evaluateSequential(ForEachOps.java:150) [?:?]
	at java.util.stream.ForEachOps$ForEachOp$OfRef.evaluateSequential(ForEachOps.java:173) [?:?]
	at java.util.stream.AbstractPipeline.evaluate(AbstractPipeline.java:234) [?:?]
	at java.util.stream.ReferencePipeline.forEach(ReferencePipeline.java:497) [?:?]
	at org.junit.platform.engine.support.hierarchical.HierarchicalTestExecutor$NodeExecutor.lambda$executeRecursively$3(HierarchicalTestExecutor.java:120) [junit-platform-engine-1.1.0.jar:1.1.0]
	at org.junit.platform.engine.support.hierarchical.SingleTestExecutor.executeSafely(SingleTestExecutor.java:66) [junit-platform-engine-1.1.0.jar:1.1.0]
	at org.junit.platform.engine.support.hierarchical.HierarchicalTestExecutor$NodeExecutor.executeRecursively(HierarchicalTestExecutor.java:108) [junit-platform-engine-1.1.0.jar:1.1.0]
	at org.junit.platform.engine.support.hierarchical.HierarchicalTestExecutor$NodeExecutor.execute(HierarchicalTestExecutor.java:79) [junit-platform-engine-1.1.0.jar:1.1.0]
	at org.junit.platform.engine.support.hierarchical.HierarchicalTestExecutor$NodeExecutor.lambda$executeRecursively$2(HierarchicalTestExecutor.java:120) [junit-platform-engine-1.1.0.jar:1.1.0]
	at java.util.stream.ForEachOps$ForEachOp$OfRef.accept(ForEachOps.java:183) [?:?]
	at java.util.stream.ReferencePipeline$2$1.accept(ReferencePipeline.java:177) [?:?]
	at java.util.Iterator.forEachRemaining(Iterator.java:133) [?:?]
	at java.util.Spliterators$IteratorSpliterator.forEachRemaining(Spliterators.java:1801) [?:?]
	at java.util.stream.AbstractPipeline.copyInto(AbstractPipeline.java:484) [?:?]
	at java.util.stream.AbstractPipeline.wrapAndCopyInto(AbstractPipeline.java:474) [?:?]
	at java.util.stream.ForEachOps$ForEachOp.evaluateSequential(ForEachOps.java:150) [?:?]
	at java.util.stream.ForEachOps$ForEachOp$OfRef.evaluateSequential(ForEachOps.java:173) [?:?]
	at java.util.stream.AbstractPipeline.evaluate(AbstractPipeline.java:234) [?:?]
	at java.util.stream.ReferencePipeline.forEach(ReferencePipeline.java:497) [?:?]
	at org.junit.platform.engine.support.hierarchical.HierarchicalTestExecutor$NodeExecutor.lambda$executeRecursively$3(HierarchicalTestExecutor.java:120) [junit-platform-engine-1.1.0.jar:1.1.0]
	at org.junit.platform.engine.support.hierarchical.SingleTestExecutor.executeSafely(SingleTestExecutor.java:66) [junit-platform-engine-1.1.0.jar:1.1.0]
	at org.junit.platform.engine.support.hierarchical.HierarchicalTestExecutor$NodeExecutor.executeRecursively(HierarchicalTestExecutor.java:108) [junit-platform-engine-1.1.0.jar:1.1.0]
	at org.junit.platform.engine.support.hierarchical.HierarchicalTestExecutor$NodeExecutor.execute(HierarchicalTestExecutor.java:79) [junit-platform-engine-1.1.0.jar:1.1.0]
	at org.junit.platform.engine.support.hierarchical.HierarchicalTestExecutor.execute(HierarchicalTestExecutor.java:55) [junit-platform-engine-1.1.0.jar:1.1.0]
	at org.junit.platform.engine.support.hierarchical.HierarchicalTestEngine.execute(HierarchicalTestEngine.java:43) [junit-platform-engine-1.1.0.jar:1.1.0]
	at org.junit.platform.launcher.core.DefaultLauncher.execute(DefaultLauncher.java:170) [junit-platform-launcher-1.1.0.jar:1.1.0]
	at org.junit.platform.launcher.core.DefaultLauncher.execute(DefaultLauncher.java:154) [junit-platform-launcher-1.1.0.jar:1.1.0]
	at org.junit.platform.launcher.core.DefaultLauncher.execute(DefaultLauncher.java:90) [junit-platform-launcher-1.1.0.jar:1.1.0]
	at com.intellij.junit5.JUnit5IdeaTestRunner.startRunnerWithArgs(JUnit5IdeaTestRunner.java:69) [junit5-rt.jar:?]
	at com.intellij.rt.junit.IdeaTestRunner$Repeater.startRunnerWithArgs(IdeaTestRunner.java:33) [junit-rt.jar:?]
	at com.intellij.rt.junit.JUnitStarter.prepareStreamsAndStart(JUnitStarter.java:230) [junit-rt.jar:?]
	at com.intellij.rt.junit.JUnitStarter.main(JUnitStarter.java:58) [junit-rt.jar:?]
	at jdk.internal.reflect.NativeMethodAccessorImpl.invoke0(Native Method) ~[?:?]
	at jdk.internal.reflect.NativeMethodAccessorImpl.invoke(NativeMethodAccessorImpl.java:62) ~[?:?]
	at jdk.internal.reflect.DelegatingMethodAccessorImpl.invoke(DelegatingMethodAccessorImpl.java:43) ~[?:?]
	at java.lang.reflect.Method.invoke(Method.java:566) ~[?:?]
	at com.intellij.rt.execution.application.AppMainV2.main(AppMainV2.java:128) [idea_rt.jar:?]
[15:58:45,630 WARN] exceptions.ParsingErrorHandler: cvc-elt.1.a: Cannot find the declaration of element 'simple'. Error handler is on level 'notify', no exception was thrown.
[15:58:45,899 DEBUG] io.ReaderStressTest: ATTR: stretchy="false"
[15:58:45,900 DEBUG] io.ReaderStressTest: id null
[15:58:45,900 DEBUG] io.ReaderStressTest: xmlns http://www.w3.org/2000/xmlns/
[15:58:45,900 DEBUG] io.ReaderStressTest: xmlns:xlink http://www.w3.org/2000/xmlns/
[15:58:45,900 DEBUG] io.ReaderStressTest: xref null
[15:58:45,900 DEBUG] io.ReaderStressTest: apply
[15:58:45,908 DEBUG] io.XmlDocumentWriter: Successfully serialized document to string.
[15:58:45,909 DEBUG] io.ReaderStressTest: <apply xmlns="http://www.w3.org/1998/Math/MathML"
       xmlns:xlink="http://www.w3.org/1999/xlink"
       id="p1.1.m1.1.13.cmml"
       xref="p1.1.m1.1.13">
   <gt id="p1.1.m1.1.7.cmml" xref="p1.1.m1.1.7"/>
   <apply id="p1.1.m1.1.13.1.cmml" xref="p1.1.m1.1.13.1">
      <times id="p1.1.m1.1.13.1.1.cmml" xref="p1.1.m1.1.13.1.1"/>
      <ci id="p1.1.m1.1.1.cmml" xref="p1.1.m1.1.1">W</ci>
      <interval closure="open" id="p1.1.m1.1.13.1.2.1.cmml" xref="p1.1.m1.1.13.1.2">
         <cn id="p1.1.m1.1.3.cmml" type="integer" xref="p1.1.m1.1.3">2</cn>
         <ci id="p1.1.m1.1.5.cmml" xref="p1.1.m1.1.5">k</ci>
      </interval>
   </apply>
   <apply id="p1.1.m1.1.13.2.cmml" xref="p1.1.m1.1.13.2">
      <divide id="p1.1.m1.1.10.cmml" xref="p1.1.m1.1.10"/>
      <apply id="p1.1.m1.1.13.2.1.cmml" xref="p1.1.m1.1.13.2.1">
         <csymbol cd="ambiguous" id="p1.1.m1.1.13.2.1.1.cmml" xref="p1.1.m1.1.13.2.1">superscript</csymbol>
         <cn id="p1.1.m1.1.8.cmml" type="integer" xref="p1.1.m1.1.8">2</cn>
         <ci id="p1.1.m1.1.9.1.cmml" xref="p1.1.m1.1.9.1">k</ci>
      </apply>
      <apply id="p1.1.m1.1.13.2.2.cmml" xref="p1.1.m1.1.13.2.2">
         <csymbol cd="ambiguous" id="p1.1.m1.1.13.2.2.1.cmml" xref="p1.1.m1.1.13.2.2">superscript</csymbol>
         <ci id="p1.1.m1.1.11.cmml" xref="p1.1.m1.1.11">k</ci>
         <ci id="p1.1.m1.1.12.1.cmml" xref="p1.1.m1.1.12.1">e</ci>
      </apply>
   </apply>
</apply>

[15:58:46,061 DEBUG] io.ReaderStressTest: xmlns http://www.w3.org/2000/xmlns/
[15:58:46,062 DEBUG] io.ReaderStressTest: xmlns:xlink http://www.w3.org/2000/xmlns/
[15:58:46,062 DEBUG] io.ReaderStressTest: href null
[15:58:46,062 DEBUG] io.ReaderStressTest: xmlns http://www.w3.org/2000/xmlns/
[15:58:46,062 DEBUG] io.ReaderStressTest: xmlns:xlink http://www.w3.org/2000/xmlns/
[15:58:46,064 DEBUG] io.XmlDocumentWriter: Successfully serialized document to string.
[15:58:46,064 DEBUG] io.ReaderStressTest: <math xmlns="http://www.w3.org/1998/Math/MathML"
      xmlns:xlink="http://www.w3.org/1999/xlink">
   <mi href="googleMe">W</mi>
</math>

[15:58:46,702 DEBUG] Math: Found namespace prefix 'mml' of 'math' element.
[15:58:46,702 WARN] Math: Found prefix without namespace binding. Try fixing it...
[15:58:46,837 DEBUG] Math: Found namespace prefix 'm' of 'math' element.
[15:58:46,951 DEBUG] Math: Found namespace prefix 'm' of 'math' element.
[15:58:47,321 DEBUG] io.XmlDocumentReader: Parsing exception occur. It's most likely a wrong header. Try to fixing it...
[15:58:47,380 WARN] exceptions.ParsingErrorHandler: cvc-elt.1.a: Cannot find the declaration of element 'open'. Error handler is on level 'notify', no exception was thrown.
[15:58:47,380 FATAL] exceptions.ParsingErrorHandler: XML document structures must start and end within the same entity. Error handler is on level 'notify', no exception was thrown.
[15:58:47,382 WARN] exceptions.ParsingErrorHandler: cvc-elt.1.a: Cannot find the declaration of element 'simple'. Error handler is on level 'notify', no exception was thrown.
[15:58:47,388 DEBUG] io.XmlDocumentReader: Parsing exception occur. It's most likely a wrong header. Try to fixing it...
[15:58:47,439 DEBUG] io.XmlDocumentReader: Parsing exception occur. It's most likely a wrong header. Try to fixing it...
[15:58:47,494 DEBUG] io.XmlDocumentReader: Parsing exception occur. It's most likely a wrong header. Try to fixing it...
[15:58:47,545 DEBUG] io.XmlDocumentReader: Parsing exception occur. It's most likely a wrong header. Try to fixing it...
[15:58:47,591 DEBUG] io.XmlDocumentReader: Parsing exception occur. It's most likely a wrong header. Try to fixing it...
[15:58:47,642 DEBUG] io.XmlDocumentReader: Parsing exception occur. It's most likely a wrong header. Try to fixing it...
[15:58:47,704 DEBUG] io.XmlDocumentReader: Parsing exception occur. It's most likely a wrong header. Try to fixing it...
[15:58:47,748 DEBUG] io.XmlDocumentReader: Parsing exception occur. It's most likely a wrong header. Try to fixing it...
[15:58:47,749 DEBUG] Math: Found namespace prefix 'mml' of 'math' element.
[15:58:47,749 WARN] Math: Found prefix without namespace binding. Try fixing it...
[15:58:47,792 DEBUG] io.XmlDocumentReader: Parsing exception occur. It's most likely a wrong header. Try to fixing it...
[15:58:47,792 DEBUG] Math: Found namespace prefix 'm' of 'math' element.
[15:58:47,840 DEBUG] io.XmlDocumentReader: Parsing exception occur. It's most likely a wrong header. Try to fixing it...
[15:58:47,841 DEBUG] Math: Found namespace prefix 'm' of 'math' element.
[15:58:47,886 DEBUG] io.XmlDocumentReader: Parsing exception occur. It's most likely a wrong header. Try to fixing it...
[15:58:47,943 DEBUG] io.XmlDocumentReader: Parsing exception occur. It's most likely a wrong header. Try to fixing it...
[15:58:47,995 DEBUG] io.XmlDocumentReader: Parsing exception occur. It's most likely a wrong header. Try to fixing it...
[15:58:48,043 DEBUG] io.XmlDocumentReader: Parsing exception occur. It's most likely a wrong header. Try to fixing it...
[15:58:48,094 DEBUG] io.XmlDocumentReader: Parsing exception occur. It's most likely a wrong header. Try to fixing it...
[15:58:48,142 DEBUG] io.XmlDocumentReader: Parsing exception occur. It's most likely a wrong header. Try to fixing it...
[15:58:48,187 DEBUG] io.XmlDocumentReader: Parsing exception occur. It's most likely a wrong header. Try to fixing it...
[15:58:48,188 DEBUG] Math: Found namespace prefix 'm' of 'math' element.
[15:58:48,229 DEBUG] io.XmlDocumentReader: Parsing exception occur. It's most likely a wrong header. Try to fixing it...
[15:58:48,270 DEBUG] io.XmlDocumentReader: Parsing exception occur. It's most likely a wrong header. Try to fixing it...
[15:58:48,317 WARN] exceptions.ParsingErrorHandler: cvc-elt.1.a: Cannot find the declaration of element 'math'. Error handler is on level 'notify', no exception was thrown.
[15:58:48,323 WARN] exceptions.ParsingErrorHandler: cvc-elt.1.a: Cannot find the declaration of element 'math'. Error handler is on level 'notify', no exception was thrown.
[15:58:48,326 WARN] exceptions.ParsingErrorHandler: cvc-elt.1.a: Cannot find the declaration of element 'm:math'. Error handler is on level 'notify', no exception was thrown.
[15:58:48,331 WARN] exceptions.ParsingErrorHandler: cvc-elt.1.a: Cannot find the declaration of element 'result'. Error handler is on level 'notify', no exception was thrown.
[15:58:48,336 WARN] exceptions.ParsingErrorHandler: cvc-elt.1.a: Cannot find the declaration of element 'math'. Error handler is on level 'notify', no exception was thrown.
[15:58:48,758 WARN] exceptions.ParsingErrorHandler: cvc-elt.1.a: Cannot find the declaration of element 'math'. Error handler is on level 'notify', no exception was thrown.
[15:58:48,810 WARN] exceptions.ParsingErrorHandler: cvc-elt.1.a: Cannot find the declaration of element 'math'. Error handler is on level 'notify', no exception was thrown.
[15:58:48,815 DEBUG] io.XmlDocumentWriter: Successfully serialized document to string.
[15:58:48,835 WARN] exceptions.ParsingErrorHandler: cvc-elt.1.a: Cannot find the declaration of element 'm:math'. Error handler is on level 'notify', no exception was thrown.
[15:58:49,036 DEBUG] CMMLInfoTest: #document[math[semantics[apply[l1;apply[l1;\qvar{x_0};\qvar{x_1}];apply[l1;l0;l0]]]]]
[15:58:49,043 WARN] exceptions.ParsingErrorHandler: cvc-elt.1.a: Cannot find the declaration of element 'annotation-xml'. Error handler is on level 'notify', no exception was thrown.
[15:58:49,047 DEBUG] io.XmlDocumentWriter: Successfully serialized document to string.
[15:58:49,047 ERROR] mml.CMMLInfo: No mathml element found in:
<annotation-xml encoding="MathML-Content"
                id="I1.i2.p1.1.m1.1.cmml"
                xref="I1.i2.p1.1.m1.1">
   <apply id="I1.i2.p1.1.m1.1.6.cmml" xref="I1.i2.p1.1.m1.1.6">
      <list id="I1.i2.p1.1.m1.1.6.1.cmml"/>
      <apply id="I1.i2.p1.1.m1.1.6.2.cmml" xref="I1.i2.p1.1.m1.1.6.2">
         <csymbol cd="ambiguous" id="I1.i2.p1.1.m1.1.6.2.1.cmml">subscript</csymbol>
         <ci id="I1.i2.p1.1.m1.1.1.cmml" xref="I1.i2.p1.1.m1.1.1">I</ci>
         <cn id="I1.i2.p1.1.m1.1.2.1.cmml"
             type="integer"
             xref="I1.i2.p1.1.m1.1.2.1">1</cn>
      </apply>
      <apply id="I1.i2.p1.1.m1.1.6.3.cmml" xref="I1.i2.p1.1.m1.1.6.3">
         <csymbol cd="ambiguous" id="I1.i2.p1.1.m1.1.6.3.1.cmml">subscript</csymbol>
         <ci id="I1.i2.p1.1.m1.1.4.cmml" xref="I1.i2.p1.1.m1.1.4">I</ci>
         <cn id="I1.i2.p1.1.m1.1.5.1.cmml"
             type="integer"
             xref="I1.i2.p1.1.m1.1.5.1">2</cn>
      </apply>
   </apply>
</annotation-xml>

[15:58:49,127 WARN] exceptions.ParsingErrorHandler: cvc-elt.1.a: Cannot find the declaration of element 'annotation-xml'. Error handler is on level 'notify', no exception was thrown.
[15:58:49,129 DEBUG] io.XmlDocumentWriter: Successfully serialized document to string.
[15:58:49,130 ERROR] mml.CMMLInfo: No mathml element found in:
<annotation-xml encoding="MathML-Content"
                id="I1.i2.p1.1.m2.1.cmml"
                xref="I1.i2.p1.1.m2.1">
   <apply id="I1.i2.p1.1.m2.1.8.cmml" xref="I1.i2.p1.1.m2.1.8">
      <eq id="I1.i2.p1.1.m2.1.6.cmml" xref="I1.i2.p1.1.m2.1.6"/>
      <apply id="I1.i2.p1.1.m2.1.8.1.cmml" xref="I1.i2.p1.1.m2.1.8.1">
         <intersect id="I1.i2.p1.1.m2.1.3.cmml" xref="I1.i2.p1.1.m2.1.3"/>
         <apply id="I1.i2.p1.1.m2.1.8.1.1.cmml" xref="I1.i2.p1.1.m2.1.8.1.1">
            <csymbol cd="ambiguous" id="I1.i2.p1.1.m2.1.8.1.1.1.cmml">subscript</csymbol>
            <ci id="I1.i2.p1.1.m2.1.1.cmml" xref="I1.i2.p1.1.m2.1.1">I</ci>
            <cn id="I1.i2.p1.1.m2.1.2.1.cmml"
                type="integer"
                xref="I1.i2.p1.1.m2.1.2.1">1</cn>
         </apply>
         <apply id="I1.i2.p1.1.m2.1.8.1.2.cmml" xref="I1.i2.p1.1.m2.1.8.1.2">
            <csymbol cd="ambiguous" id="I1.i2.p1.1.m2.1.8.1.2.1.cmml">subscript</csymbol>
            <ci id="I1.i2.p1.1.m2.1.4.cmml" xref="I1.i2.p1.1.m2.1.4">I</ci>
            <cn id="I1.i2.p1.1.m2.1.5.1.cmml"
                type="integer"
                xref="I1.i2.p1.1.m2.1.5.1">2</cn>
         </apply>
      </apply>
      <emptyset id="I1.i2.p1.1.m2.1.7.cmml" xref="I1.i2.p1.1.m2.1.7"/>
   </apply>
</annotation-xml>

[15:58:49,144 WARN] exceptions.ParsingErrorHandler: cvc-elt.1.a: Cannot find the declaration of element 'annotation-xml'. Error handler is on level 'notify', no exception was thrown.
[15:58:49,146 DEBUG] io.XmlDocumentWriter: Successfully serialized document to string.
[15:58:49,146 ERROR] mml.CMMLInfo: No mathml element found in:
<annotation-xml encoding="MathML-Content"
                id="I1.i2.p1.1.m3.1.cmml"
                xref="I1.i2.p1.1.m3.1">
   <apply id="I1.i2.p1.1.m3.1.16.cmml" xref="I1.i2.p1.1.m3.1.16">
      <eq id="I1.i2.p1.1.m3.1.14.cmml" xref="I1.i2.p1.1.m3.1.14"/>
      <apply id="I1.i2.p1.1.m3.1.16.1.cmml" xref="I1.i2.p1.1.m3.1.16.1">
         <interval closure="closed" id="I1.i2.p1.1.m3.1.16.1.1.cmml"/>
         <apply id="I1.i2.p1.1.m3.1.16.1.2.cmml" xref="I1.i2.p1.1.m3.1.16.1.2">
            <times id="I1.i2.p1.1.m3.1.16.1.2.1.cmml" xref="I1.i2.p1.1.m3.1.16.1.2.1"/>
            <ci id="I1.i2.p1.1.m3.1.2.cmml" xref="I1.i2.p1.1.m3.1.2">ùíú</ci>
            <apply id="I1.i2.p1.1.m3.1.16.1.2.2.cmml" xref="I1.i2.p1.1.m3.1.16.1.2.2">
               <csymbol cd="ambiguous" id="I1.i2.p1.1.m3.1.16.1.2.2.1.cmml">subscript</csymbol>
               <ci id="I1.i2.p1.1.m3.1.4.cmml" xref="I1.i2.p1.1.m3.1.4">I</ci>
               <cn id="I1.i2.p1.1.m3.1.5.1.cmml"
                   type="integer"
                   xref="I1.i2.p1.1.m3.1.5.1">1</cn>
            </apply>
         </apply>
         <apply id="I1.i2.p1.1.m3.1.16.1.3.cmml" xref="I1.i2.p1.1.m3.1.16.1.3">
            <times id="I1.i2.p1.1.m3.1.16.1.3.1.cmml" xref="I1.i2.p1.1.m3.1.16.1.3.1"/>
            <ci id="I1.i2.p1.1.m3.1.8.cmml" xref="I1.i2.p1.1.m3.1.8">ùíú</ci>
            <apply id="I1.i2.p1.1.m3.1.16.1.3.2.cmml" xref="I1.i2.p1.1.m3.1.16.1.3.2">
               <csymbol cd="ambiguous" id="I1.i2.p1.1.m3.1.16.1.3.2.1.cmml">subscript</csymbol>
               <ci id="I1.i2.p1.1.m3.1.10.cmml" xref="I1.i2.p1.1.m3.1.10">I</ci>
               <cn id="I1.i2.p1.1.m3.1.11.1.cmml"
                   type="integer"
                   xref="I1.i2.p1.1.m3.1.11.1">2</cn>
            </apply>
         </apply>
      </apply>
      <cn id="I1.i2.p1.1.m3.1.15.cmml"
          type="integer"
          xref="I1.i2.p1.1.m3.1.15">0</cn>
   </apply>
</annotation-xml>

[15:58:49,166 WARN] exceptions.ParsingErrorHandler: cvc-elt.1.a: Cannot find the declaration of element 'math'. Error handler is on level 'notify', no exception was thrown.
[15:58:49,169 WARN] exceptions.ParsingErrorHandler: cvc-elt.1.a: Cannot find the declaration of element 'math'. Error handler is on level 'notify', no exception was thrown.
[15:58:49,174 WARN] exceptions.ParsingErrorHandler: cvc-elt.1.a: Cannot find the declaration of element 'math'. Error handler is on level 'notify', no exception was thrown.
[15:58:49,179 WARN] exceptions.ParsingErrorHandler: cvc-elt.1.a: Cannot find the declaration of element 'math'. Error handler is on level 'notify', no exception was thrown.
[15:58:49,186 WARN] exceptions.ParsingErrorHandler: cvc-elt.1.a: Cannot find the declaration of element 'm:math'. Error handler is on level 'notify', no exception was thrown.
[15:58:49,382 WARN] exceptions.ParsingErrorHandler: cvc-elt.1.a: Cannot find the declaration of element 'math'. Error handler is on level 'notify', no exception was thrown.
[15:58:49,386 DEBUG] io.XmlDocumentWriter: Successfully serialized document to string.
[15:58:49,388 WARN] exceptions.ParsingErrorHandler: cvc-elt.1.a: Cannot find the declaration of element 'math'. Error handler is on level 'notify', no exception was thrown.
[15:58:49,391 DEBUG] io.XmlDocumentWriter: Successfully serialized document to string.
[15:58:49,392 WARN] exceptions.ParsingErrorHandler: cvc-elt.1.a: Cannot find the declaration of element 'math'. Error handler is on level 'notify', no exception was thrown.
[15:58:49,396 DEBUG] io.XmlDocumentWriter: Successfully serialized document to string.
[15:58:49,400 WARN] exceptions.ParsingErrorHandler: cvc-elt.1.a: Cannot find the declaration of element 'math'. Error handler is on level 'notify', no exception was thrown.
[15:58:49,430 WARN] exceptions.ParsingErrorHandler: cvc-elt.1.a: Cannot find the declaration of element 'math'. Error handler is on level 'notify', no exception was thrown.
[15:58:49,611 WARN] exceptions.ParsingErrorHandler: cvc-elt.1.a: Cannot find the declaration of element 'math'. Error handler is on level 'notify', no exception was thrown.
[15:58:49,759 WARN] exceptions.ParsingErrorHandler: cvc-elt.1.a: Cannot find the declaration of element 'math'. Error handler is on level 'notify', no exception was thrown.
[15:58:49,794 WARN] exceptions.ParsingErrorHandler: cvc-elt.1.a: Cannot find the declaration of element 'math'. Error handler is on level 'notify', no exception was thrown.
[15:58:49,800 WARN] exceptions.ParsingErrorHandler: cvc-elt.1.a: Cannot find the declaration of element 'math'. Error handler is on level 'notify', no exception was thrown.
[15:58:49,921 WARN] exceptions.ParsingErrorHandler: cvc-elt.1.a: Cannot find the declaration of element 'math'. Error handler is on level 'notify', no exception was thrown.
[15:58:49,928 WARN] exceptions.ParsingErrorHandler: cvc-elt.1.a: Cannot find the declaration of element 'm:math'. Error handler is on level 'notify', no exception was thrown.
[15:58:50,071 WARN] exceptions.ParsingErrorHandler: cvc-elt.1.a: Cannot find the declaration of element 'math'. Error handler is on level 'notify', no exception was thrown.
[15:58:50,077 WARN] exceptions.ParsingErrorHandler: cvc-elt.1.a: Cannot find the declaration of element 'math'. Error handler is on level 'notify', no exception was thrown.
[15:58:50,080 WARN] exceptions.ParsingErrorHandler: cvc-elt.1.a: Cannot find the declaration of element 'math'. Error handler is on level 'notify', no exception was thrown.
[15:58:52,624 DEBUG] Math: Found namespace prefix 'ns' of 'math' element.
[15:58:52,624 WARN] Math: Found prefix without namespace binding. Try fixing it...
[15:58:52,788 DEBUG] io.XmlDocumentWriter: Successfully serialized document to string.
[15:58:52,790 DEBUG] io.XmlDocumentWriter: Successfully serialized document to string.
[15:58:53,379 WARN] Math: Presentation node p1.1.m1.1.5 has already class attribute. Cannot highlight!
[15:58:53,445 DEBUG] Math: Found namespace prefix 'm' of 'math' element.
[15:58:53,582 DEBUG] io.XmlDocumentWriter: Successfully serialized document to string.
[15:58:53,802 WARN] exceptions.ParsingErrorHandler: cvc-elt.1.a: Cannot find the declaration of element 'math'. Error handler is on level 'notify', no exception was thrown.
[15:58:53,809 WARN] exceptions.ParsingErrorHandler: cvc-elt.1.a: Cannot find the declaration of element 'math'. Error handler is on level 'notify', no exception was thrown.
[15:58:53,927 WARN] exceptions.ParsingErrorHandler: cvc-elt.1.a: Cannot find the declaration of element 'math'. Error handler is on level 'notify', no exception was thrown.
[15:58:53,932 WARN] exceptions.ParsingErrorHandler: cvc-elt.1.a: Cannot find the declaration of element 'math'. Error handler is on level 'notify', no exception was thrown.
[15:58:53,937 WARN] exceptions.ParsingErrorHandler: cvc-elt.1.a: Cannot find the declaration of element 'topics'. Error handler is on level 'notify', no exception was thrown.
[15:58:54,793 WARN] exceptions.ParsingErrorHandler: cvc-elt.1.a: Cannot find the declaration of element 'topics'. Error handler is on level 'notify', no exception was thrown.
[15:58:55,220 WARN] exceptions.ParsingErrorHandler: cvc-elt.1.a: Cannot find the declaration of element 'topics'. Error handler is on level 'notify', no exception was thrown.
[15:58:55,696 WARN] exceptions.ParsingErrorHandler: cvc-elt.1.a: Cannot find the declaration of element 'topics'. Error handler is on level 'notify', no exception was thrown.
[15:58:56,083 WARN] exceptions.ParsingErrorHandler: cvc-elt.1.a: Cannot find the declaration of element 'topics'. Error handler is on level 'notify', no exception was thrown.
[15:58:56,481 WARN] exceptions.ParsingErrorHandler: cvc-elt.1.a: Cannot find the declaration of element 'topics'. Error handler is on level 'notify', no exception was thrown.
[15:58:56,838 WARN] exceptions.ParsingErrorHandler: cvc-elt.1.a: Cannot find the declaration of element 'topics'. Error handler is on level 'notify', no exception was thrown.
[15:58:57,236 WARN] exceptions.ParsingErrorHandler: cvc-elt.1.a: Cannot find the declaration of element 'topics'. Error handler is on level 'notify', no exception was thrown.
[15:58:57,611 WARN] exceptions.ParsingErrorHandler: cvc-elt.1.a: Cannot find the declaration of element 'topics'. Error handler is on level 'notify', no exception was thrown.
[15:58:57,982 WARN] exceptions.ParsingErrorHandler: cvc-elt.1.a: Cannot find the declaration of element 'topics'. Error handler is on level 'notify', no exception was thrown.
[15:58:58,081 WARN] exceptions.ParsingErrorHandler: cvc-elt.1.a: Cannot find the declaration of element 'topics'. Error handler is on level 'notify', no exception was thrown.
[15:58:58,092 WARN] exceptions.ParsingErrorHandler: cvc-elt.1.a: Cannot find the declaration of element 'math'. Error handler is on level 'notify', no exception was thrown.
[15:58:58,096 WARN] exceptions.ParsingErrorHandler: cvc-elt.1.a: Cannot find the declaration of element 'mws:query'. Error handler is on level 'notify', no exception was thrown.
[15:58:58,098 WARN] exceptions.ParsingErrorHandler: cvc-elt.1.a: Cannot find the declaration of element 'mws:query'. Error handler is on level 'notify', no exception was thrown.
[15:58:58,100 WARN] exceptions.ParsingErrorHandler: cvc-elt.1.a: Cannot find the declaration of element 'mws:query'. Error handler is on level 'notify', no exception was thrown.
[15:58:58,103 WARN] exceptions.ParsingErrorHandler: cvc-elt.1.a: Cannot find the declaration of element 'math'. Error handler is on level 'notify', no exception was thrown.
[15:58:58,106 WARN] exceptions.ParsingErrorHandler: cvc-elt.1.a: Cannot find the declaration of element 'math'. Error handler is on level 'notify', no exception was thrown.
[15:58:58,108 WARN] exceptions.ParsingErrorHandler: cvc-elt.1.a: Cannot find the declaration of element 'math'. Error handler is on level 'notify', no exception was thrown.
[15:58:58,110 WARN] exceptions.ParsingErrorHandler: cvc-elt.1.a: Cannot find the declaration of element 'math'. Error handler is on level 'notify', no exception was thrown.
[15:58:58,113 WARN] exceptions.ParsingErrorHandler: cvc-elt.1.a: Cannot find the declaration of element 'mws:query'. Error handler is on level 'notify', no exception was thrown.
[15:58:58,118 WARN] exceptions.ParsingErrorHandler: cvc-elt.1.a: Cannot find the declaration of element 'mws:query'. Error handler is on level 'notify', no exception was thrown.
[15:58:58,119 WARN] exceptions.ParsingErrorHandler: cvc-elt.1.a: Cannot find the declaration of element 'mws:query'. Error handler is on level 'notify', no exception was thrown.
[15:58:58,121 WARN] exceptions.ParsingErrorHandler: cvc-elt.1.a: Cannot find the declaration of element 'mws:query'. Error handler is on level 'notify', no exception was thrown.
[15:58:58,123 WARN] exceptions.ParsingErrorHandler: cvc-elt.1.a: Cannot find the declaration of element 'mws:query'. Error handler is on level 'notify', no exception was thrown.
[15:58:58,124 WARN] exceptions.ParsingErrorHandler: cvc-elt.1.a: Cannot find the declaration of element 'mws:query'. Error handler is on level 'notify', no exception was thrown.
[15:58:58,126 WARN] exceptions.ParsingErrorHandler: cvc-elt.1.a: Cannot find the declaration of element 'mws:query'. Error handler is on level 'notify', no exception was thrown.
[15:58:58,127 WARN] exceptions.ParsingErrorHandler: cvc-elt.1.a: Cannot find the declaration of element 'mws:query'. Error handler is on level 'notify', no exception was thrown.
[15:58:58,129 WARN] exceptions.ParsingErrorHandler: cvc-elt.1.a: Cannot find the declaration of element 'mws:query'. Error handler is on level 'notify', no exception was thrown.
[15:58:58,131 WARN] exceptions.ParsingErrorHandler: cvc-elt.1.a: Cannot find the declaration of element 'mws:query'. Error handler is on level 'notify', no exception was thrown.
[15:58:58,135 WARN] exceptions.ParsingErrorHandler: cvc-elt.1.a: Cannot find the declaration of element 'm:math'. Error handler is on level 'notify', no exception was thrown.
[15:58:58,139 DEBUG] xml.PartialLocalEntityResolver: Can not resolve entity b a
[15:58:58,146 DEBUG] xml.PartialLocalEntityResolver: Can not resolve entity b a
[15:58:58,149 DEBUG] xml.PartialLocalEntityResolver: Could not resolve resource http://www.w3.org/2001/XMLSchema-http://www.w3.org/1998/Math/MathML-null-this is not there-https://www.w3.org/Math/XMLSchema/mathml3/mathml3.xsd
[16:15:05,087 DEBUG] exceptions.ParsingErrorHandler: Fatal Exception Test Error handler is on level 'silent' that ignores this error.
[16:15:05,107 WARN] exceptions.ParsingErrorHandler: Warning Exception Test
[16:15:05,126 FATAL] exceptions.ParsingErrorHandler: Fatal Exception Test Error handler is on level 'notify', no exception was thrown.
[16:15:05,486 WARN] exceptions.ParsingErrorHandler: cvc-elt.1.a: Cannot find the declaration of element 'math'. Error handler is on level 'notify', no exception was thrown.
[16:15:05,562 WARN] exceptions.ParsingErrorHandler: cvc-elt.1.a: Cannot find the declaration of element 'math'. Error handler is on level 'notify', no exception was thrown.
[16:15:05,574 WARN] exceptions.ParsingErrorHandler: cvc-elt.1.a: Cannot find the declaration of element 'math'. Error handler is on level 'notify', no exception was thrown.
[16:15:05,583 WARN] exceptions.ParsingErrorHandler: cvc-elt.1.a: Cannot find the declaration of element 'math'. Error handler is on level 'notify', no exception was thrown.
[16:15:05,596 WARN] exceptions.ParsingErrorHandler: cvc-elt.1.a: Cannot find the declaration of element 'math'. Error handler is on level 'notify', no exception was thrown.
[16:15:08,986 WARN] exceptions.ParsingErrorHandler: cvc-elt.1.a: Cannot find the declaration of element 'open'. Error handler is on level 'notify', no exception was thrown.
[16:15:08,987 FATAL] exceptions.ParsingErrorHandler: XML document structures must start and end within the same entity. Error handler is on level 'notify', no exception was thrown.
[16:15:08,989 ERROR] helper.XMLHelper: Cannot parse XML string.
org.xml.sax.SAXParseException: XML document structures must start and end within the same entity.
	at org.apache.xerces.parsers.DOMParser.parse(Unknown Source) ~[xercesImpl-2.12.0.jar:?]
	at org.apache.xerces.jaxp.DocumentBuilderImpl.parse(Unknown Source) ~[xercesImpl-2.12.0.jar:?]
	at com.formulasearchengine.mathmltools.io.XmlDocumentReader.parse(XmlDocumentReader.java:111) ~[classes/:?]
	at com.formulasearchengine.mathmltools.helper.XMLHelper.string2Doc(XMLHelper.java:195) [classes/:?]
	at com.formulasearchengine.mathmltools.helper.XMLHelperTest.testString2Doc(XMLHelperTest.java:34) [test-classes/:?]
	at jdk.internal.reflect.NativeMethodAccessorImpl.invoke0(Native Method) ~[?:?]
	at jdk.internal.reflect.NativeMethodAccessorImpl.invoke(NativeMethodAccessorImpl.java:62) ~[?:?]
	at jdk.internal.reflect.DelegatingMethodAccessorImpl.invoke(DelegatingMethodAccessorImpl.java:43) ~[?:?]
	at java.lang.reflect.Method.invoke(Method.java:566) ~[?:?]
	at org.junit.platform.commons.util.ReflectionUtils.invokeMethod(ReflectionUtils.java:686) [junit-platform-commons-1.6.0.jar:1.6.0]
	at org.junit.jupiter.engine.execution.MethodInvocation.proceed(MethodInvocation.java:60) [junit-jupiter-engine-5.6.0.jar:5.6.0]
	at org.junit.jupiter.engine.execution.InvocationInterceptorChain$ValidatingInvocation.proceed(InvocationInterceptorChain.java:131) [junit-jupiter-engine-5.6.0.jar:5.6.0]
	at org.junit.jupiter.engine.extension.TimeoutExtension.intercept(TimeoutExtension.java:149) [junit-jupiter-engine-5.6.0.jar:5.6.0]
	at org.junit.jupiter.engine.extension.TimeoutExtension.interceptTestableMethod(TimeoutExtension.java:140) [junit-jupiter-engine-5.6.0.jar:5.6.0]
	at org.junit.jupiter.engine.extension.TimeoutExtension.interceptTestMethod(TimeoutExtension.java:84) [junit-jupiter-engine-5.6.0.jar:5.6.0]
	at org.junit.jupiter.engine.execution.ExecutableInvoker$ReflectiveInterceptorCall.lambda$ofVoidMethod$0(ExecutableInvoker.java:115) [junit-jupiter-engine-5.6.0.jar:5.6.0]
	at org.junit.jupiter.engine.execution.ExecutableInvoker.lambda$invoke$0(ExecutableInvoker.java:105) [junit-jupiter-engine-5.6.0.jar:5.6.0]
	at org.junit.jupiter.engine.execution.InvocationInterceptorChain$InterceptedInvocation.proceed(InvocationInterceptorChain.java:106) [junit-jupiter-engine-5.6.0.jar:5.6.0]
	at org.junit.jupiter.engine.execution.InvocationInterceptorChain.proceed(InvocationInterceptorChain.java:64) [junit-jupiter-engine-5.6.0.jar:5.6.0]
	at org.junit.jupiter.engine.execution.InvocationInterceptorChain.chainAndInvoke(InvocationInterceptorChain.java:45) [junit-jupiter-engine-5.6.0.jar:5.6.0]
	at org.junit.jupiter.engine.execution.InvocationInterceptorChain.invoke(InvocationInterceptorChain.java:37) [junit-jupiter-engine-5.6.0.jar:5.6.0]
	at org.junit.jupiter.engine.execution.ExecutableInvoker.invoke(ExecutableInvoker.java:104) [junit-jupiter-engine-5.6.0.jar:5.6.0]
	at org.junit.jupiter.engine.execution.ExecutableInvoker.invoke(ExecutableInvoker.java:98) [junit-jupiter-engine-5.6.0.jar:5.6.0]
	at org.junit.jupiter.engine.descriptor.TestMethodTestDescriptor.lambda$invokeTestMethod$6(TestMethodTestDescriptor.java:205) [junit-jupiter-engine-5.6.0.jar:5.6.0]
	at org.junit.platform.engine.support.hierarchical.ThrowableCollector.execute(ThrowableCollector.java:73) [junit-platform-engine-1.6.0.jar:1.6.0]
	at org.junit.jupiter.engine.descriptor.TestMethodTestDescriptor.invokeTestMethod(TestMethodTestDescriptor.java:201) [junit-jupiter-engine-5.6.0.jar:5.6.0]
	at org.junit.jupiter.engine.descriptor.TestMethodTestDescriptor.execute(TestMethodTestDescriptor.java:137) [junit-jupiter-engine-5.6.0.jar:5.6.0]
	at org.junit.jupiter.engine.descriptor.TestMethodTestDescriptor.execute(TestMethodTestDescriptor.java:71) [junit-jupiter-engine-5.6.0.jar:5.6.0]
	at org.junit.platform.engine.support.hierarchical.NodeTestTask.lambda$executeRecursively$5(NodeTestTask.java:135) [junit-platform-engine-1.6.0.jar:1.6.0]
	at org.junit.platform.engine.support.hierarchical.ThrowableCollector.execute(ThrowableCollector.java:73) [junit-platform-engine-1.6.0.jar:1.6.0]
	at org.junit.platform.engine.support.hierarchical.NodeTestTask.lambda$executeRecursively$7(NodeTestTask.java:125) [junit-platform-engine-1.6.0.jar:1.6.0]
	at org.junit.platform.engine.support.hierarchical.Node.around(Node.java:135) [junit-platform-engine-1.6.0.jar:1.6.0]
	at org.junit.platform.engine.support.hierarchical.NodeTestTask.lambda$executeRecursively$8(NodeTestTask.java:123) [junit-platform-engine-1.6.0.jar:1.6.0]
	at org.junit.platform.engine.support.hierarchical.ThrowableCollector.execute(ThrowableCollector.java:73) [junit-platform-engine-1.6.0.jar:1.6.0]
	at org.junit.platform.engine.support.hierarchical.NodeTestTask.executeRecursively(NodeTestTask.java:122) [junit-platform-engine-1.6.0.jar:1.6.0]
	at org.junit.platform.engine.support.hierarchical.NodeTestTask.execute(NodeTestTask.java:80) [junit-platform-engine-1.6.0.jar:1.6.0]
	at java.util.ArrayList.forEach(ArrayList.java:1540) [?:?]
	at org.junit.platform.engine.support.hierarchical.SameThreadHierarchicalTestExecutorService.invokeAll(SameThreadHierarchicalTestExecutorService.java:38) [junit-platform-engine-1.6.0.jar:1.6.0]
	at org.junit.platform.engine.support.hierarchical.NodeTestTask.lambda$executeRecursively$5(NodeTestTask.java:139) [junit-platform-engine-1.6.0.jar:1.6.0]
	at org.junit.platform.engine.support.hierarchical.ThrowableCollector.execute(ThrowableCollector.java:73) [junit-platform-engine-1.6.0.jar:1.6.0]
	at org.junit.platform.engine.support.hierarchical.NodeTestTask.lambda$executeRecursively$7(NodeTestTask.java:125) [junit-platform-engine-1.6.0.jar:1.6.0]
	at org.junit.platform.engine.support.hierarchical.Node.around(Node.java:135) [junit-platform-engine-1.6.0.jar:1.6.0]
	at org.junit.platform.engine.support.hierarchical.NodeTestTask.lambda$executeRecursively$8(NodeTestTask.java:123) [junit-platform-engine-1.6.0.jar:1.6.0]
	at org.junit.platform.engine.support.hierarchical.ThrowableCollector.execute(ThrowableCollector.java:73) [junit-platform-engine-1.6.0.jar:1.6.0]
	at org.junit.platform.engine.support.hierarchical.NodeTestTask.executeRecursively(NodeTestTask.java:122) [junit-platform-engine-1.6.0.jar:1.6.0]
	at org.junit.platform.engine.support.hierarchical.NodeTestTask.execute(NodeTestTask.java:80) [junit-platform-engine-1.6.0.jar:1.6.0]
	at java.util.ArrayList.forEach(ArrayList.java:1540) [?:?]
	at org.junit.platform.engine.support.hierarchical.SameThreadHierarchicalTestExecutorService.invokeAll(SameThreadHierarchicalTestExecutorService.java:38) [junit-platform-engine-1.6.0.jar:1.6.0]
	at org.junit.platform.engine.support.hierarchical.NodeTestTask.lambda$executeRecursively$5(NodeTestTask.java:139) [junit-platform-engine-1.6.0.jar:1.6.0]
	at org.junit.platform.engine.support.hierarchical.ThrowableCollector.execute(ThrowableCollector.java:73) [junit-platform-engine-1.6.0.jar:1.6.0]
	at org.junit.platform.engine.support.hierarchical.NodeTestTask.lambda$executeRecursively$7(NodeTestTask.java:125) [junit-platform-engine-1.6.0.jar:1.6.0]
	at org.junit.platform.engine.support.hierarchical.Node.around(Node.java:135) [junit-platform-engine-1.6.0.jar:1.6.0]
	at org.junit.platform.engine.support.hierarchical.NodeTestTask.lambda$executeRecursively$8(NodeTestTask.java:123) [junit-platform-engine-1.6.0.jar:1.6.0]
	at org.junit.platform.engine.support.hierarchical.ThrowableCollector.execute(ThrowableCollector.java:73) [junit-platform-engine-1.6.0.jar:1.6.0]
	at org.junit.platform.engine.support.hierarchical.NodeTestTask.executeRecursively(NodeTestTask.java:122) [junit-platform-engine-1.6.0.jar:1.6.0]
	at org.junit.platform.engine.support.hierarchical.NodeTestTask.execute(NodeTestTask.java:80) [junit-platform-engine-1.6.0.jar:1.6.0]
	at org.junit.platform.engine.support.hierarchical.SameThreadHierarchicalTestExecutorService.submit(SameThreadHierarchicalTestExecutorService.java:32) [junit-platform-engine-1.6.0.jar:1.6.0]
	at org.junit.platform.engine.support.hierarchical.HierarchicalTestExecutor.execute(HierarchicalTestExecutor.java:57) [junit-platform-engine-1.6.0.jar:1.6.0]
	at org.junit.platform.engine.support.hierarchical.HierarchicalTestEngine.execute(HierarchicalTestEngine.java:51) [junit-platform-engine-1.6.0.jar:1.6.0]
	at org.junit.platform.launcher.core.DefaultLauncher.execute(DefaultLauncher.java:248) [junit-platform-launcher-1.6.0.jar:1.6.0]
	at org.junit.platform.launcher.core.DefaultLauncher.lambda$execute$5(DefaultLauncher.java:211) [junit-platform-launcher-1.6.0.jar:1.6.0]
	at org.junit.platform.launcher.core.DefaultLauncher.withInterceptedStreams(DefaultLauncher.java:226) [junit-platform-launcher-1.6.0.jar:1.6.0]
	at org.junit.platform.launcher.core.DefaultLauncher.execute(DefaultLauncher.java:199) [junit-platform-launcher-1.6.0.jar:1.6.0]
	at org.junit.platform.launcher.core.DefaultLauncher.execute(DefaultLauncher.java:132) [junit-platform-launcher-1.6.0.jar:1.6.0]
	at org.apache.maven.surefire.junitplatform.JUnitPlatformProvider.invokeAllTests(JUnitPlatformProvider.java:154) [surefire-junit-platform-3.0.0-M4.jar:3.0.0-M4]
	at org.apache.maven.surefire.junitplatform.JUnitPlatformProvider.invoke(JUnitPlatformProvider.java:127) [surefire-junit-platform-3.0.0-M4.jar:3.0.0-M4]
	at org.apache.maven.surefire.booter.ForkedBooter.runSuitesInProcess(ForkedBooter.java:377) [surefire-booter-3.0.0-M4.jar:3.0.0-M4]
	at org.apache.maven.surefire.booter.ForkedBooter.execute(ForkedBooter.java:138) [surefire-booter-3.0.0-M4.jar:3.0.0-M4]
	at org.apache.maven.surefire.booter.ForkedBooter.run(ForkedBooter.java:465) [surefire-booter-3.0.0-M4.jar:3.0.0-M4]
	at org.apache.maven.surefire.booter.ForkedBooter.main(ForkedBooter.java:451) [surefire-booter-3.0.0-M4.jar:3.0.0-M4]
[16:15:09,013 WARN] exceptions.ParsingErrorHandler: cvc-elt.1.a: Cannot find the declaration of element 'simple'. Error handler is on level 'notify', no exception was thrown.
[16:15:09,602 DEBUG] io.ReaderStressTest: ATTR: stretchy="false"
[16:15:09,602 DEBUG] io.ReaderStressTest: id null
[16:15:09,602 DEBUG] io.ReaderStressTest: xmlns http://www.w3.org/2000/xmlns/
[16:15:09,602 DEBUG] io.ReaderStressTest: xmlns:xlink http://www.w3.org/2000/xmlns/
[16:15:09,602 DEBUG] io.ReaderStressTest: xref null
[16:15:09,603 DEBUG] io.ReaderStressTest: apply
[16:15:09,616 DEBUG] io.XmlDocumentWriter: Successfully serialized document to string.
[16:15:09,616 DEBUG] io.ReaderStressTest: <apply xmlns="http://www.w3.org/1998/Math/MathML"
       xmlns:xlink="http://www.w3.org/1999/xlink"
       id="p1.1.m1.1.13.cmml"
       xref="p1.1.m1.1.13">
   <gt id="p1.1.m1.1.7.cmml" xref="p1.1.m1.1.7"/>
   <apply id="p1.1.m1.1.13.1.cmml" xref="p1.1.m1.1.13.1">
      <times id="p1.1.m1.1.13.1.1.cmml" xref="p1.1.m1.1.13.1.1"/>
      <ci id="p1.1.m1.1.1.cmml" xref="p1.1.m1.1.1">W</ci>
      <interval closure="open" id="p1.1.m1.1.13.1.2.1.cmml" xref="p1.1.m1.1.13.1.2">
         <cn id="p1.1.m1.1.3.cmml" type="integer" xref="p1.1.m1.1.3">2</cn>
         <ci id="p1.1.m1.1.5.cmml" xref="p1.1.m1.1.5">k</ci>
      </interval>
   </apply>
   <apply id="p1.1.m1.1.13.2.cmml" xref="p1.1.m1.1.13.2">
      <divide id="p1.1.m1.1.10.cmml" xref="p1.1.m1.1.10"/>
      <apply id="p1.1.m1.1.13.2.1.cmml" xref="p1.1.m1.1.13.2.1">
         <csymbol cd="ambiguous" id="p1.1.m1.1.13.2.1.1.cmml" xref="p1.1.m1.1.13.2.1">superscript</csymbol>
         <cn id="p1.1.m1.1.8.cmml" type="integer" xref="p1.1.m1.1.8">2</cn>
         <ci id="p1.1.m1.1.9.1.cmml" xref="p1.1.m1.1.9.1">k</ci>
      </apply>
      <apply id="p1.1.m1.1.13.2.2.cmml" xref="p1.1.m1.1.13.2.2">
         <csymbol cd="ambiguous" id="p1.1.m1.1.13.2.2.1.cmml" xref="p1.1.m1.1.13.2.2">superscript</csymbol>
         <ci id="p1.1.m1.1.11.cmml" xref="p1.1.m1.1.11">k</ci>
         <ci id="p1.1.m1.1.12.1.cmml" xref="p1.1.m1.1.12.1">e</ci>
      </apply>
   </apply>
</apply>

[16:15:09,799 DEBUG] io.ReaderStressTest: xmlns http://www.w3.org/2000/xmlns/
[16:15:09,800 DEBUG] io.ReaderStressTest: xmlns:xlink http://www.w3.org/2000/xmlns/
[16:15:09,800 DEBUG] io.ReaderStressTest: href null
[16:15:09,800 DEBUG] io.ReaderStressTest: xmlns http://www.w3.org/2000/xmlns/
[16:15:09,800 DEBUG] io.ReaderStressTest: xmlns:xlink http://www.w3.org/2000/xmlns/
[16:15:09,802 DEBUG] io.XmlDocumentWriter: Successfully serialized document to string.
[16:15:09,802 DEBUG] io.ReaderStressTest: <math xmlns="http://www.w3.org/1998/Math/MathML"
      xmlns:xlink="http://www.w3.org/1999/xlink">
   <mi href="googleMe">W</mi>
</math>

[16:15:10,963 DEBUG] Math: Found namespace prefix 'mml' of 'math' element.
[16:15:10,970 WARN] Math: Found prefix without namespace binding. Try fixing it...
[16:15:11,296 DEBUG] Math: Found namespace prefix 'm' of 'math' element.
[16:15:11,500 DEBUG] Math: Found namespace prefix 'm' of 'math' element.
[16:15:12,271 DEBUG] io.XmlDocumentReader: Parsing exception occur. It's most likely a wrong header. Try to fixing it...
[16:15:12,408 WARN] exceptions.ParsingErrorHandler: cvc-elt.1.a: Cannot find the declaration of element 'open'. Error handler is on level 'notify', no exception was thrown.
[16:15:12,409 FATAL] exceptions.ParsingErrorHandler: XML document structures must start and end within the same entity. Error handler is on level 'notify', no exception was thrown.
[16:15:12,412 WARN] exceptions.ParsingErrorHandler: cvc-elt.1.a: Cannot find the declaration of element 'simple'. Error handler is on level 'notify', no exception was thrown.
[16:15:12,419 DEBUG] io.XmlDocumentReader: Parsing exception occur. It's most likely a wrong header. Try to fixing it...
[16:15:12,520 DEBUG] io.XmlDocumentReader: Parsing exception occur. It's most likely a wrong header. Try to fixing it...
[16:15:12,618 DEBUG] io.XmlDocumentReader: Parsing exception occur. It's most likely a wrong header. Try to fixing it...
[16:15:12,735 DEBUG] io.XmlDocumentReader: Parsing exception occur. It's most likely a wrong header. Try to fixing it...
[16:15:12,819 DEBUG] io.XmlDocumentReader: Parsing exception occur. It's most likely a wrong header. Try to fixing it...
[16:15:12,915 DEBUG] io.XmlDocumentReader: Parsing exception occur. It's most likely a wrong header. Try to fixing it...
[16:15:13,009 DEBUG] io.XmlDocumentReader: Parsing exception occur. It's most likely a wrong header. Try to fixing it...
[16:15:13,068 DEBUG] io.XmlDocumentReader: Parsing exception occur. It's most likely a wrong header. Try to fixing it...
[16:15:13,069 DEBUG] Math: Found namespace prefix 'mml' of 'math' element.
[16:15:13,069 WARN] Math: Found prefix without namespace binding. Try fixing it...
[16:15:13,147 DEBUG] io.XmlDocumentReader: Parsing exception occur. It's most likely a wrong header. Try to fixing it...
[16:15:13,148 DEBUG] Math: Found namespace prefix 'm' of 'math' element.
[16:15:13,210 DEBUG] io.XmlDocumentReader: Parsing exception occur. It's most likely a wrong header. Try to fixing it...
[16:15:13,212 DEBUG] Math: Found namespace prefix 'm' of 'math' element.
[16:15:13,278 DEBUG] io.XmlDocumentReader: Parsing exception occur. It's most likely a wrong header. Try to fixing it...
[16:15:13,351 DEBUG] io.XmlDocumentReader: Parsing exception occur. It's most likely a wrong header. Try to fixing it...
[16:15:13,405 DEBUG] io.XmlDocumentReader: Parsing exception occur. It's most likely a wrong header. Try to fixing it...
[16:15:13,464 DEBUG] io.XmlDocumentReader: Parsing exception occur. It's most likely a wrong header. Try to fixing it...
[16:15:13,520 DEBUG] io.XmlDocumentReader: Parsing exception occur. It's most likely a wrong header. Try to fixing it...
[16:15:13,583 DEBUG] io.XmlDocumentReader: Parsing exception occur. It's most likely a wrong header. Try to fixing it...
[16:15:13,638 DEBUG] io.XmlDocumentReader: Parsing exception occur. It's most likely a wrong header. Try to fixing it...
[16:15:13,639 DEBUG] Math: Found namespace prefix 'm' of 'math' element.
[16:15:13,692 DEBUG] io.XmlDocumentReader: Parsing exception occur. It's most likely a wrong header. Try to fixing it...
[16:15:13,743 DEBUG] io.XmlDocumentReader: Parsing exception occur. It's most likely a wrong header. Try to fixing it...
[16:15:13,803 WARN] exceptions.ParsingErrorHandler: cvc-elt.1.a: Cannot find the declaration of element 'math'. Error handler is on level 'notify', no exception was thrown.
[16:15:13,811 WARN] exceptions.ParsingErrorHandler: cvc-elt.1.a: Cannot find the declaration of element 'math'. Error handler is on level 'notify', no exception was thrown.
[16:15:13,816 WARN] exceptions.ParsingErrorHandler: cvc-elt.1.a: Cannot find the declaration of element 'm:math'. Error handler is on level 'notify', no exception was thrown.
[16:15:13,822 WARN] exceptions.ParsingErrorHandler: cvc-elt.1.a: Cannot find the declaration of element 'result'. Error handler is on level 'notify', no exception was thrown.
[16:15:13,827 WARN] exceptions.ParsingErrorHandler: cvc-elt.1.a: Cannot find the declaration of element 'math'. Error handler is on level 'notify', no exception was thrown.
[16:15:14,372 WARN] exceptions.ParsingErrorHandler: cvc-elt.1.a: Cannot find the declaration of element 'math'. Error handler is on level 'notify', no exception was thrown.
[16:15:14,463 WARN] exceptions.ParsingErrorHandler: cvc-elt.1.a: Cannot find the declaration of element 'math'. Error handler is on level 'notify', no exception was thrown.
[16:15:14,468 DEBUG] io.XmlDocumentWriter: Successfully serialized document to string.
[16:15:14,489 WARN] exceptions.ParsingErrorHandler: cvc-elt.1.a: Cannot find the declaration of element 'm:math'. Error handler is on level 'notify', no exception was thrown.
[16:15:14,741 DEBUG] CMMLInfoTest: #document[math[semantics[apply[l1;apply[l1;\qvar{x_0};\qvar{x_1}];apply[l1;l0;l0]]]]]
[16:15:14,752 WARN] exceptions.ParsingErrorHandler: cvc-elt.1.a: Cannot find the declaration of element 'annotation-xml'. Error handler is on level 'notify', no exception was thrown.
[16:15:14,757 DEBUG] io.XmlDocumentWriter: Successfully serialized document to string.
[16:15:14,757 ERROR] mml.CMMLInfo: No mathml element found in:
<annotation-xml encoding="MathML-Content"
                id="I1.i2.p1.1.m1.1.cmml"
                xref="I1.i2.p1.1.m1.1">
   <apply id="I1.i2.p1.1.m1.1.6.cmml" xref="I1.i2.p1.1.m1.1.6">
      <list id="I1.i2.p1.1.m1.1.6.1.cmml"/>
      <apply id="I1.i2.p1.1.m1.1.6.2.cmml" xref="I1.i2.p1.1.m1.1.6.2">
         <csymbol cd="ambiguous" id="I1.i2.p1.1.m1.1.6.2.1.cmml">subscript</csymbol>
         <ci id="I1.i2.p1.1.m1.1.1.cmml" xref="I1.i2.p1.1.m1.1.1">I</ci>
         <cn id="I1.i2.p1.1.m1.1.2.1.cmml"
             type="integer"
             xref="I1.i2.p1.1.m1.1.2.1">1</cn>
      </apply>
      <apply id="I1.i2.p1.1.m1.1.6.3.cmml" xref="I1.i2.p1.1.m1.1.6.3">
         <csymbol cd="ambiguous" id="I1.i2.p1.1.m1.1.6.3.1.cmml">subscript</csymbol>
         <ci id="I1.i2.p1.1.m1.1.4.cmml" xref="I1.i2.p1.1.m1.1.4">I</ci>
         <cn id="I1.i2.p1.1.m1.1.5.1.cmml"
             type="integer"
             xref="I1.i2.p1.1.m1.1.5.1">2</cn>
      </apply>
   </apply>
</annotation-xml>

[16:15:14,854 WARN] exceptions.ParsingErrorHandler: cvc-elt.1.a: Cannot find the declaration of element 'annotation-xml'. Error handler is on level 'notify', no exception was thrown.
[16:15:14,857 DEBUG] io.XmlDocumentWriter: Successfully serialized document to string.
[16:15:14,857 ERROR] mml.CMMLInfo: No mathml element found in:
<annotation-xml encoding="MathML-Content"
                id="I1.i2.p1.1.m2.1.cmml"
                xref="I1.i2.p1.1.m2.1">
   <apply id="I1.i2.p1.1.m2.1.8.cmml" xref="I1.i2.p1.1.m2.1.8">
      <eq id="I1.i2.p1.1.m2.1.6.cmml" xref="I1.i2.p1.1.m2.1.6"/>
      <apply id="I1.i2.p1.1.m2.1.8.1.cmml" xref="I1.i2.p1.1.m2.1.8.1">
         <intersect id="I1.i2.p1.1.m2.1.3.cmml" xref="I1.i2.p1.1.m2.1.3"/>
         <apply id="I1.i2.p1.1.m2.1.8.1.1.cmml" xref="I1.i2.p1.1.m2.1.8.1.1">
            <csymbol cd="ambiguous" id="I1.i2.p1.1.m2.1.8.1.1.1.cmml">subscript</csymbol>
            <ci id="I1.i2.p1.1.m2.1.1.cmml" xref="I1.i2.p1.1.m2.1.1">I</ci>
            <cn id="I1.i2.p1.1.m2.1.2.1.cmml"
                type="integer"
                xref="I1.i2.p1.1.m2.1.2.1">1</cn>
         </apply>
         <apply id="I1.i2.p1.1.m2.1.8.1.2.cmml" xref="I1.i2.p1.1.m2.1.8.1.2">
            <csymbol cd="ambiguous" id="I1.i2.p1.1.m2.1.8.1.2.1.cmml">subscript</csymbol>
            <ci id="I1.i2.p1.1.m2.1.4.cmml" xref="I1.i2.p1.1.m2.1.4">I</ci>
            <cn id="I1.i2.p1.1.m2.1.5.1.cmml"
                type="integer"
                xref="I1.i2.p1.1.m2.1.5.1">2</cn>
         </apply>
      </apply>
      <emptyset id="I1.i2.p1.1.m2.1.7.cmml" xref="I1.i2.p1.1.m2.1.7"/>
   </apply>
</annotation-xml>

[16:15:14,880 WARN] exceptions.ParsingErrorHandler: cvc-elt.1.a: Cannot find the declaration of element 'annotation-xml'. Error handler is on level 'notify', no exception was thrown.
[16:15:14,884 DEBUG] io.XmlDocumentWriter: Successfully serialized document to string.
[16:15:14,885 ERROR] mml.CMMLInfo: No mathml element found in:
<annotation-xml encoding="MathML-Content"
                id="I1.i2.p1.1.m3.1.cmml"
                xref="I1.i2.p1.1.m3.1">
   <apply id="I1.i2.p1.1.m3.1.16.cmml" xref="I1.i2.p1.1.m3.1.16">
      <eq id="I1.i2.p1.1.m3.1.14.cmml" xref="I1.i2.p1.1.m3.1.14"/>
      <apply id="I1.i2.p1.1.m3.1.16.1.cmml" xref="I1.i2.p1.1.m3.1.16.1">
         <interval closure="closed" id="I1.i2.p1.1.m3.1.16.1.1.cmml"/>
         <apply id="I1.i2.p1.1.m3.1.16.1.2.cmml" xref="I1.i2.p1.1.m3.1.16.1.2">
            <times id="I1.i2.p1.1.m3.1.16.1.2.1.cmml" xref="I1.i2.p1.1.m3.1.16.1.2.1"/>
            <ci id="I1.i2.p1.1.m3.1.2.cmml" xref="I1.i2.p1.1.m3.1.2">ùíú</ci>
            <apply id="I1.i2.p1.1.m3.1.16.1.2.2.cmml" xref="I1.i2.p1.1.m3.1.16.1.2.2">
               <csymbol cd="ambiguous" id="I1.i2.p1.1.m3.1.16.1.2.2.1.cmml">subscript</csymbol>
               <ci id="I1.i2.p1.1.m3.1.4.cmml" xref="I1.i2.p1.1.m3.1.4">I</ci>
               <cn id="I1.i2.p1.1.m3.1.5.1.cmml"
                   type="integer"
                   xref="I1.i2.p1.1.m3.1.5.1">1</cn>
            </apply>
         </apply>
         <apply id="I1.i2.p1.1.m3.1.16.1.3.cmml" xref="I1.i2.p1.1.m3.1.16.1.3">
            <times id="I1.i2.p1.1.m3.1.16.1.3.1.cmml" xref="I1.i2.p1.1.m3.1.16.1.3.1"/>
            <ci id="I1.i2.p1.1.m3.1.8.cmml" xref="I1.i2.p1.1.m3.1.8">ùíú</ci>
            <apply id="I1.i2.p1.1.m3.1.16.1.3.2.cmml" xref="I1.i2.p1.1.m3.1.16.1.3.2">
               <csymbol cd="ambiguous" id="I1.i2.p1.1.m3.1.16.1.3.2.1.cmml">subscript</csymbol>
               <ci id="I1.i2.p1.1.m3.1.10.cmml" xref="I1.i2.p1.1.m3.1.10">I</ci>
               <cn id="I1.i2.p1.1.m3.1.11.1.cmml"
                   type="integer"
                   xref="I1.i2.p1.1.m3.1.11.1">2</cn>
            </apply>
         </apply>
      </apply>
      <cn id="I1.i2.p1.1.m3.1.15.cmml"
          type="integer"
          xref="I1.i2.p1.1.m3.1.15">0</cn>
   </apply>
</annotation-xml>

[16:15:14,923 WARN] exceptions.ParsingErrorHandler: cvc-elt.1.a: Cannot find the declaration of element 'math'. Error handler is on level 'notify', no exception was thrown.
[16:15:14,927 WARN] exceptions.ParsingErrorHandler: cvc-elt.1.a: Cannot find the declaration of element 'math'. Error handler is on level 'notify', no exception was thrown.
[16:15:14,936 WARN] exceptions.ParsingErrorHandler: cvc-elt.1.a: Cannot find the declaration of element 'math'. Error handler is on level 'notify', no exception was thrown.
[16:15:14,942 WARN] exceptions.ParsingErrorHandler: cvc-elt.1.a: Cannot find the declaration of element 'math'. Error handler is on level 'notify', no exception was thrown.
[16:15:14,955 WARN] exceptions.ParsingErrorHandler: cvc-elt.1.a: Cannot find the declaration of element 'm:math'. Error handler is on level 'notify', no exception was thrown.
[16:15:15,247 WARN] exceptions.ParsingErrorHandler: cvc-elt.1.a: Cannot find the declaration of element 'math'. Error handler is on level 'notify', no exception was thrown.
[16:15:15,251 DEBUG] io.XmlDocumentWriter: Successfully serialized document to string.
[16:15:15,254 WARN] exceptions.ParsingErrorHandler: cvc-elt.1.a: Cannot find the declaration of element 'math'. Error handler is on level 'notify', no exception was thrown.
[16:15:15,258 DEBUG] io.XmlDocumentWriter: Successfully serialized document to string.
[16:15:15,259 WARN] exceptions.ParsingErrorHandler: cvc-elt.1.a: Cannot find the declaration of element 'math'. Error handler is on level 'notify', no exception was thrown.
[16:15:15,264 DEBUG] io.XmlDocumentWriter: Successfully serialized document to string.
[16:15:15,268 WARN] exceptions.ParsingErrorHandler: cvc-elt.1.a: Cannot find the declaration of element 'math'. Error handler is on level 'notify', no exception was thrown.
[16:15:15,314 WARN] exceptions.ParsingErrorHandler: cvc-elt.1.a: Cannot find the declaration of element 'math'. Error handler is on level 'notify', no exception was thrown.
[16:15:15,551 WARN] exceptions.ParsingErrorHandler: cvc-elt.1.a: Cannot find the declaration of element 'math'. Error handler is on level 'notify', no exception was thrown.
[16:15:15,772 WARN] exceptions.ParsingErrorHandler: cvc-elt.1.a: Cannot find the declaration of element 'math'. Error handler is on level 'notify', no exception was thrown.
[16:15:15,811 WARN] exceptions.ParsingErrorHandler: cvc-elt.1.a: Cannot find the declaration of element 'math'. Error handler is on level 'notify', no exception was thrown.
[16:15:15,817 WARN] exceptions.ParsingErrorHandler: cvc-elt.1.a: Cannot find the declaration of element 'math'. Error handler is on level 'notify', no exception was thrown.
[16:15:16,025 WARN] exceptions.ParsingErrorHandler: cvc-elt.1.a: Cannot find the declaration of element 'math'. Error handler is on level 'notify', no exception was thrown.
[16:15:16,033 WARN] exceptions.ParsingErrorHandler: cvc-elt.1.a: Cannot find the declaration of element 'm:math'. Error handler is on level 'notify', no exception was thrown.
[16:15:16,210 WARN] exceptions.ParsingErrorHandler: cvc-elt.1.a: Cannot find the declaration of element 'math'. Error handler is on level 'notify', no exception was thrown.
[16:15:16,218 WARN] exceptions.ParsingErrorHandler: cvc-elt.1.a: Cannot find the declaration of element 'math'. Error handler is on level 'notify', no exception was thrown.
[16:15:16,222 WARN] exceptions.ParsingErrorHandler: cvc-elt.1.a: Cannot find the declaration of element 'math'. Error handler is on level 'notify', no exception was thrown.
[16:15:24,448 DEBUG] Math: Found namespace prefix 'ns' of 'math' element.
[16:15:24,448 WARN] Math: Found prefix without namespace binding. Try fixing it...
[16:15:24,669 DEBUG] io.XmlDocumentWriter: Successfully serialized document to string.
[16:15:24,670 DEBUG] io.XmlDocumentWriter: Successfully serialized document to string.
[16:15:25,370 WARN] Math: Presentation node p1.1.m1.1.5 has already class attribute. Cannot highlight!
[16:15:25,428 DEBUG] Math: Found namespace prefix 'm' of 'math' element.
[16:15:25,596 DEBUG] io.XmlDocumentWriter: Successfully serialized document to string.
[16:15:25,845 WARN] exceptions.ParsingErrorHandler: cvc-elt.1.a: Cannot find the declaration of element 'math'. Error handler is on level 'notify', no exception was thrown.
[16:15:25,851 WARN] exceptions.ParsingErrorHandler: cvc-elt.1.a: Cannot find the declaration of element 'math'. Error handler is on level 'notify', no exception was thrown.
[16:15:26,016 WARN] exceptions.ParsingErrorHandler: cvc-elt.1.a: Cannot find the declaration of element 'math'. Error handler is on level 'notify', no exception was thrown.
[16:15:26,021 WARN] exceptions.ParsingErrorHandler: cvc-elt.1.a: Cannot find the declaration of element 'math'. Error handler is on level 'notify', no exception was thrown.
[16:15:26,030 WARN] exceptions.ParsingErrorHandler: cvc-elt.1.a: Cannot find the declaration of element 'topics'. Error handler is on level 'notify', no exception was thrown.
[16:15:26,833 WARN] exceptions.ParsingErrorHandler: cvc-elt.1.a: Cannot find the declaration of element 'topics'. Error handler is on level 'notify', no exception was thrown.
[16:15:27,299 WARN] exceptions.ParsingErrorHandler: cvc-elt.1.a: Cannot find the declaration of element 'topics'. Error handler is on level 'notify', no exception was thrown.
[16:15:27,763 WARN] exceptions.ParsingErrorHandler: cvc-elt.1.a: Cannot find the declaration of element 'topics'. Error handler is on level 'notify', no exception was thrown.
[16:15:28,316 WARN] exceptions.ParsingErrorHandler: cvc-elt.1.a: Cannot find the declaration of element 'topics'. Error handler is on level 'notify', no exception was thrown.
[16:15:28,726 WARN] exceptions.ParsingErrorHandler: cvc-elt.1.a: Cannot find the declaration of element 'topics'. Error handler is on level 'notify', no exception was thrown.
[16:15:29,165 WARN] exceptions.ParsingErrorHandler: cvc-elt.1.a: Cannot find the declaration of element 'topics'. Error handler is on level 'notify', no exception was thrown.
[16:15:29,556 WARN] exceptions.ParsingErrorHandler: cvc-elt.1.a: Cannot find the declaration of element 'topics'. Error handler is on level 'notify', no exception was thrown.
[16:15:29,984 WARN] exceptions.ParsingErrorHandler: cvc-elt.1.a: Cannot find the declaration of element 'topics'. Error handler is on level 'notify', no exception was thrown.
[16:15:30,382 WARN] exceptions.ParsingErrorHandler: cvc-elt.1.a: Cannot find the declaration of element 'topics'. Error handler is on level 'notify', no exception was thrown.
[16:15:30,499 WARN] exceptions.ParsingErrorHandler: cvc-elt.1.a: Cannot find the declaration of element 'topics'. Error handler is on level 'notify', no exception was thrown.
[16:15:30,516 WARN] exceptions.ParsingErrorHandler: cvc-elt.1.a: Cannot find the declaration of element 'math'. Error handler is on level 'notify', no exception was thrown.
[16:15:30,521 WARN] exceptions.ParsingErrorHandler: cvc-elt.1.a: Cannot find the declaration of element 'mws:query'. Error handler is on level 'notify', no exception was thrown.
[16:15:30,523 WARN] exceptions.ParsingErrorHandler: cvc-elt.1.a: Cannot find the declaration of element 'mws:query'. Error handler is on level 'notify', no exception was thrown.
[16:15:30,525 WARN] exceptions.ParsingErrorHandler: cvc-elt.1.a: Cannot find the declaration of element 'mws:query'. Error handler is on level 'notify', no exception was thrown.
[16:15:30,529 WARN] exceptions.ParsingErrorHandler: cvc-elt.1.a: Cannot find the declaration of element 'math'. Error handler is on level 'notify', no exception was thrown.
[16:15:30,534 WARN] exceptions.ParsingErrorHandler: cvc-elt.1.a: Cannot find the declaration of element 'math'. Error handler is on level 'notify', no exception was thrown.
[16:15:30,537 WARN] exceptions.ParsingErrorHandler: cvc-elt.1.a: Cannot find the declaration of element 'math'. Error handler is on level 'notify', no exception was thrown.
[16:15:30,539 WARN] exceptions.ParsingErrorHandler: cvc-elt.1.a: Cannot find the declaration of element 'math'. Error handler is on level 'notify', no exception was thrown.
[16:15:30,543 WARN] exceptions.ParsingErrorHandler: cvc-elt.1.a: Cannot find the declaration of element 'mws:query'. Error handler is on level 'notify', no exception was thrown.
[16:15:30,550 WARN] exceptions.ParsingErrorHandler: cvc-elt.1.a: Cannot find the declaration of element 'mws:query'. Error handler is on level 'notify', no exception was thrown.
[16:15:30,552 WARN] exceptions.ParsingErrorHandler: cvc-elt.1.a: Cannot find the declaration of element 'mws:query'. Error handler is on level 'notify', no exception was thrown.
[16:15:30,555 WARN] exceptions.ParsingErrorHandler: cvc-elt.1.a: Cannot find the declaration of element 'mws:query'. Error handler is on level 'notify', no exception was thrown.
[16:15:30,556 WARN] exceptions.ParsingErrorHandler: cvc-elt.1.a: Cannot find the declaration of element 'mws:query'. Error handler is on level 'notify', no exception was thrown.
[16:15:30,558 WARN] exceptions.ParsingErrorHandler: cvc-elt.1.a: Cannot find the declaration of element 'mws:query'. Error handler is on level 'notify', no exception was thrown.
[16:15:30,560 WARN] exceptions.ParsingErrorHandler: cvc-elt.1.a: Cannot find the declaration of element 'mws:query'. Error handler is on level 'notify', no exception was thrown.
[16:15:30,563 WARN] exceptions.ParsingErrorHandler: cvc-elt.1.a: Cannot find the declaration of element 'mws:query'. Error handler is on level 'notify', no exception was thrown.
[16:15:30,566 WARN] exceptions.ParsingErrorHandler: cvc-elt.1.a: Cannot find the declaration of element 'mws:query'. Error handler is on level 'notify', no exception was thrown.
[16:15:30,570 WARN] exceptions.ParsingErrorHandler: cvc-elt.1.a: Cannot find the declaration of element 'mws:query'. Error handler is on level 'notify', no exception was thrown.
[16:15:30,573 WARN] exceptions.ParsingErrorHandler: cvc-elt.1.a: Cannot find the declaration of element 'm:math'. Error handler is on level 'notify', no exception was thrown.
[16:15:30,579 DEBUG] xml.PartialLocalEntityResolver: Can not resolve entity b a
[16:15:30,588 DEBUG] xml.PartialLocalEntityResolver: Can not resolve entity b a
[16:15:30,590 DEBUG] xml.PartialLocalEntityResolver: Could not resolve resource http://www.w3.org/2001/XMLSchema-http://www.w3.org/1998/Math/MathML-null-this is not there-https://www.w3.org/Math/XMLSchema/mathml3/mathml3.xsd
[16:37:16,526 DEBUG] exceptions.ParsingErrorHandler: Fatal Exception Test Error handler is on level 'silent' that ignores this error.
[16:37:16,545 WARN] exceptions.ParsingErrorHandler: Warning Exception Test
[16:37:16,563 FATAL] exceptions.ParsingErrorHandler: Fatal Exception Test Error handler is on level 'notify', no exception was thrown.
[16:37:16,914 WARN] exceptions.ParsingErrorHandler: cvc-elt.1.a: Cannot find the declaration of element 'math'. Error handler is on level 'notify', no exception was thrown.
[16:37:16,997 WARN] exceptions.ParsingErrorHandler: cvc-elt.1.a: Cannot find the declaration of element 'math'. Error handler is on level 'notify', no exception was thrown.
[16:37:17,007 WARN] exceptions.ParsingErrorHandler: cvc-elt.1.a: Cannot find the declaration of element 'math'. Error handler is on level 'notify', no exception was thrown.
[16:37:17,014 WARN] exceptions.ParsingErrorHandler: cvc-elt.1.a: Cannot find the declaration of element 'math'. Error handler is on level 'notify', no exception was thrown.
[16:37:17,022 WARN] exceptions.ParsingErrorHandler: cvc-elt.1.a: Cannot find the declaration of element 'math'. Error handler is on level 'notify', no exception was thrown.
[16:37:19,758 WARN] exceptions.ParsingErrorHandler: cvc-elt.1.a: Cannot find the declaration of element 'open'. Error handler is on level 'notify', no exception was thrown.
[16:37:19,762 FATAL] exceptions.ParsingErrorHandler: XML document structures must start and end within the same entity. Error handler is on level 'notify', no exception was thrown.
[16:37:19,763 ERROR] helper.XMLHelper: Cannot parse XML string.
org.xml.sax.SAXParseException: XML document structures must start and end within the same entity.
	at org.apache.xerces.parsers.DOMParser.parse(Unknown Source) ~[xercesImpl-2.12.0.jar:?]
	at org.apache.xerces.jaxp.DocumentBuilderImpl.parse(Unknown Source) ~[xercesImpl-2.12.0.jar:?]
	at com.formulasearchengine.mathmltools.io.XmlDocumentReader.parse(XmlDocumentReader.java:111) ~[classes/:?]
	at com.formulasearchengine.mathmltools.helper.XMLHelper.string2Doc(XMLHelper.java:195) [classes/:?]
	at com.formulasearchengine.mathmltools.helper.XMLHelperTest.testString2Doc(XMLHelperTest.java:34) [test-classes/:?]
	at jdk.internal.reflect.NativeMethodAccessorImpl.invoke0(Native Method) ~[?:?]
	at jdk.internal.reflect.NativeMethodAccessorImpl.invoke(NativeMethodAccessorImpl.java:62) ~[?:?]
	at jdk.internal.reflect.DelegatingMethodAccessorImpl.invoke(DelegatingMethodAccessorImpl.java:43) ~[?:?]
	at java.lang.reflect.Method.invoke(Method.java:566) ~[?:?]
	at org.junit.platform.commons.util.ReflectionUtils.invokeMethod(ReflectionUtils.java:686) [junit-platform-commons-1.6.0.jar:1.6.0]
	at org.junit.jupiter.engine.execution.MethodInvocation.proceed(MethodInvocation.java:60) [junit-jupiter-engine-5.6.0.jar:5.6.0]
	at org.junit.jupiter.engine.execution.InvocationInterceptorChain$ValidatingInvocation.proceed(InvocationInterceptorChain.java:131) [junit-jupiter-engine-5.6.0.jar:5.6.0]
	at org.junit.jupiter.engine.extension.TimeoutExtension.intercept(TimeoutExtension.java:149) [junit-jupiter-engine-5.6.0.jar:5.6.0]
	at org.junit.jupiter.engine.extension.TimeoutExtension.interceptTestableMethod(TimeoutExtension.java:140) [junit-jupiter-engine-5.6.0.jar:5.6.0]
	at org.junit.jupiter.engine.extension.TimeoutExtension.interceptTestMethod(TimeoutExtension.java:84) [junit-jupiter-engine-5.6.0.jar:5.6.0]
	at org.junit.jupiter.engine.execution.ExecutableInvoker$ReflectiveInterceptorCall.lambda$ofVoidMethod$0(ExecutableInvoker.java:115) [junit-jupiter-engine-5.6.0.jar:5.6.0]
	at org.junit.jupiter.engine.execution.ExecutableInvoker.lambda$invoke$0(ExecutableInvoker.java:105) [junit-jupiter-engine-5.6.0.jar:5.6.0]
	at org.junit.jupiter.engine.execution.InvocationInterceptorChain$InterceptedInvocation.proceed(InvocationInterceptorChain.java:106) [junit-jupiter-engine-5.6.0.jar:5.6.0]
	at org.junit.jupiter.engine.execution.InvocationInterceptorChain.proceed(InvocationInterceptorChain.java:64) [junit-jupiter-engine-5.6.0.jar:5.6.0]
	at org.junit.jupiter.engine.execution.InvocationInterceptorChain.chainAndInvoke(InvocationInterceptorChain.java:45) [junit-jupiter-engine-5.6.0.jar:5.6.0]
	at org.junit.jupiter.engine.execution.InvocationInterceptorChain.invoke(InvocationInterceptorChain.java:37) [junit-jupiter-engine-5.6.0.jar:5.6.0]
	at org.junit.jupiter.engine.execution.ExecutableInvoker.invoke(ExecutableInvoker.java:104) [junit-jupiter-engine-5.6.0.jar:5.6.0]
	at org.junit.jupiter.engine.execution.ExecutableInvoker.invoke(ExecutableInvoker.java:98) [junit-jupiter-engine-5.6.0.jar:5.6.0]
	at org.junit.jupiter.engine.descriptor.TestMethodTestDescriptor.lambda$invokeTestMethod$6(TestMethodTestDescriptor.java:205) [junit-jupiter-engine-5.6.0.jar:5.6.0]
	at org.junit.platform.engine.support.hierarchical.ThrowableCollector.execute(ThrowableCollector.java:73) [junit-platform-engine-1.6.0.jar:1.6.0]
	at org.junit.jupiter.engine.descriptor.TestMethodTestDescriptor.invokeTestMethod(TestMethodTestDescriptor.java:201) [junit-jupiter-engine-5.6.0.jar:5.6.0]
	at org.junit.jupiter.engine.descriptor.TestMethodTestDescriptor.execute(TestMethodTestDescriptor.java:137) [junit-jupiter-engine-5.6.0.jar:5.6.0]
	at org.junit.jupiter.engine.descriptor.TestMethodTestDescriptor.execute(TestMethodTestDescriptor.java:71) [junit-jupiter-engine-5.6.0.jar:5.6.0]
	at org.junit.platform.engine.support.hierarchical.NodeTestTask.lambda$executeRecursively$5(NodeTestTask.java:135) [junit-platform-engine-1.6.0.jar:1.6.0]
	at org.junit.platform.engine.support.hierarchical.ThrowableCollector.execute(ThrowableCollector.java:73) [junit-platform-engine-1.6.0.jar:1.6.0]
	at org.junit.platform.engine.support.hierarchical.NodeTestTask.lambda$executeRecursively$7(NodeTestTask.java:125) [junit-platform-engine-1.6.0.jar:1.6.0]
	at org.junit.platform.engine.support.hierarchical.Node.around(Node.java:135) [junit-platform-engine-1.6.0.jar:1.6.0]
	at org.junit.platform.engine.support.hierarchical.NodeTestTask.lambda$executeRecursively$8(NodeTestTask.java:123) [junit-platform-engine-1.6.0.jar:1.6.0]
	at org.junit.platform.engine.support.hierarchical.ThrowableCollector.execute(ThrowableCollector.java:73) [junit-platform-engine-1.6.0.jar:1.6.0]
	at org.junit.platform.engine.support.hierarchical.NodeTestTask.executeRecursively(NodeTestTask.java:122) [junit-platform-engine-1.6.0.jar:1.6.0]
	at org.junit.platform.engine.support.hierarchical.NodeTestTask.execute(NodeTestTask.java:80) [junit-platform-engine-1.6.0.jar:1.6.0]
	at java.util.ArrayList.forEach(ArrayList.java:1540) [?:?]
	at org.junit.platform.engine.support.hierarchical.SameThreadHierarchicalTestExecutorService.invokeAll(SameThreadHierarchicalTestExecutorService.java:38) [junit-platform-engine-1.6.0.jar:1.6.0]
	at org.junit.platform.engine.support.hierarchical.NodeTestTask.lambda$executeRecursively$5(NodeTestTask.java:139) [junit-platform-engine-1.6.0.jar:1.6.0]
	at org.junit.platform.engine.support.hierarchical.ThrowableCollector.execute(ThrowableCollector.java:73) [junit-platform-engine-1.6.0.jar:1.6.0]
	at org.junit.platform.engine.support.hierarchical.NodeTestTask.lambda$executeRecursively$7(NodeTestTask.java:125) [junit-platform-engine-1.6.0.jar:1.6.0]
	at org.junit.platform.engine.support.hierarchical.Node.around(Node.java:135) [junit-platform-engine-1.6.0.jar:1.6.0]
	at org.junit.platform.engine.support.hierarchical.NodeTestTask.lambda$executeRecursively$8(NodeTestTask.java:123) [junit-platform-engine-1.6.0.jar:1.6.0]
	at org.junit.platform.engine.support.hierarchical.ThrowableCollector.execute(ThrowableCollector.java:73) [junit-platform-engine-1.6.0.jar:1.6.0]
	at org.junit.platform.engine.support.hierarchical.NodeTestTask.executeRecursively(NodeTestTask.java:122) [junit-platform-engine-1.6.0.jar:1.6.0]
	at org.junit.platform.engine.support.hierarchical.NodeTestTask.execute(NodeTestTask.java:80) [junit-platform-engine-1.6.0.jar:1.6.0]
	at java.util.ArrayList.forEach(ArrayList.java:1540) [?:?]
	at org.junit.platform.engine.support.hierarchical.SameThreadHierarchicalTestExecutorService.invokeAll(SameThreadHierarchicalTestExecutorService.java:38) [junit-platform-engine-1.6.0.jar:1.6.0]
	at org.junit.platform.engine.support.hierarchical.NodeTestTask.lambda$executeRecursively$5(NodeTestTask.java:139) [junit-platform-engine-1.6.0.jar:1.6.0]
	at org.junit.platform.engine.support.hierarchical.ThrowableCollector.execute(ThrowableCollector.java:73) [junit-platform-engine-1.6.0.jar:1.6.0]
	at org.junit.platform.engine.support.hierarchical.NodeTestTask.lambda$executeRecursively$7(NodeTestTask.java:125) [junit-platform-engine-1.6.0.jar:1.6.0]
	at org.junit.platform.engine.support.hierarchical.Node.around(Node.java:135) [junit-platform-engine-1.6.0.jar:1.6.0]
	at org.junit.platform.engine.support.hierarchical.NodeTestTask.lambda$executeRecursively$8(NodeTestTask.java:123) [junit-platform-engine-1.6.0.jar:1.6.0]
	at org.junit.platform.engine.support.hierarchical.ThrowableCollector.execute(ThrowableCollector.java:73) [junit-platform-engine-1.6.0.jar:1.6.0]
	at org.junit.platform.engine.support.hierarchical.NodeTestTask.executeRecursively(NodeTestTask.java:122) [junit-platform-engine-1.6.0.jar:1.6.0]
	at org.junit.platform.engine.support.hierarchical.NodeTestTask.execute(NodeTestTask.java:80) [junit-platform-engine-1.6.0.jar:1.6.0]
	at org.junit.platform.engine.support.hierarchical.SameThreadHierarchicalTestExecutorService.submit(SameThreadHierarchicalTestExecutorService.java:32) [junit-platform-engine-1.6.0.jar:1.6.0]
	at org.junit.platform.engine.support.hierarchical.HierarchicalTestExecutor.execute(HierarchicalTestExecutor.java:57) [junit-platform-engine-1.6.0.jar:1.6.0]
	at org.junit.platform.engine.support.hierarchical.HierarchicalTestEngine.execute(HierarchicalTestEngine.java:51) [junit-platform-engine-1.6.0.jar:1.6.0]
	at org.junit.platform.launcher.core.DefaultLauncher.execute(DefaultLauncher.java:248) [junit-platform-launcher-1.6.0.jar:1.6.0]
	at org.junit.platform.launcher.core.DefaultLauncher.lambda$execute$5(DefaultLauncher.java:211) [junit-platform-launcher-1.6.0.jar:1.6.0]
	at org.junit.platform.launcher.core.DefaultLauncher.withInterceptedStreams(DefaultLauncher.java:226) [junit-platform-launcher-1.6.0.jar:1.6.0]
	at org.junit.platform.launcher.core.DefaultLauncher.execute(DefaultLauncher.java:199) [junit-platform-launcher-1.6.0.jar:1.6.0]
	at org.junit.platform.launcher.core.DefaultLauncher.execute(DefaultLauncher.java:132) [junit-platform-launcher-1.6.0.jar:1.6.0]
	at org.apache.maven.surefire.junitplatform.JUnitPlatformProvider.invokeAllTests(JUnitPlatformProvider.java:154) [surefire-junit-platform-3.0.0-M4.jar:3.0.0-M4]
	at org.apache.maven.surefire.junitplatform.JUnitPlatformProvider.invoke(JUnitPlatformProvider.java:127) [surefire-junit-platform-3.0.0-M4.jar:3.0.0-M4]
	at org.apache.maven.surefire.booter.ForkedBooter.runSuitesInProcess(ForkedBooter.java:377) [surefire-booter-3.0.0-M4.jar:3.0.0-M4]
	at org.apache.maven.surefire.booter.ForkedBooter.execute(ForkedBooter.java:138) [surefire-booter-3.0.0-M4.jar:3.0.0-M4]
	at org.apache.maven.surefire.booter.ForkedBooter.run(ForkedBooter.java:465) [surefire-booter-3.0.0-M4.jar:3.0.0-M4]
	at org.apache.maven.surefire.booter.ForkedBooter.main(ForkedBooter.java:451) [surefire-booter-3.0.0-M4.jar:3.0.0-M4]
[16:37:19,776 WARN] exceptions.ParsingErrorHandler: cvc-elt.1.a: Cannot find the declaration of element 'simple'. Error handler is on level 'notify', no exception was thrown.
[16:37:20,289 DEBUG] io.ReaderStressTest: ATTR: stretchy="false"
[16:37:20,289 DEBUG] io.ReaderStressTest: id null
[16:37:20,289 DEBUG] io.ReaderStressTest: xmlns http://www.w3.org/2000/xmlns/
[16:37:20,289 DEBUG] io.ReaderStressTest: xmlns:xlink http://www.w3.org/2000/xmlns/
[16:37:20,289 DEBUG] io.ReaderStressTest: xref null
[16:37:20,289 DEBUG] io.ReaderStressTest: apply
[16:37:20,300 DEBUG] io.XmlDocumentWriter: Successfully serialized document to string.
[16:37:20,301 DEBUG] io.ReaderStressTest: <apply xmlns="http://www.w3.org/1998/Math/MathML"
       xmlns:xlink="http://www.w3.org/1999/xlink"
       id="p1.1.m1.1.13.cmml"
       xref="p1.1.m1.1.13">
   <gt id="p1.1.m1.1.7.cmml" xref="p1.1.m1.1.7"/>
   <apply id="p1.1.m1.1.13.1.cmml" xref="p1.1.m1.1.13.1">
      <times id="p1.1.m1.1.13.1.1.cmml" xref="p1.1.m1.1.13.1.1"/>
      <ci id="p1.1.m1.1.1.cmml" xref="p1.1.m1.1.1">W</ci>
      <interval closure="open" id="p1.1.m1.1.13.1.2.1.cmml" xref="p1.1.m1.1.13.1.2">
         <cn id="p1.1.m1.1.3.cmml" type="integer" xref="p1.1.m1.1.3">2</cn>
         <ci id="p1.1.m1.1.5.cmml" xref="p1.1.m1.1.5">k</ci>
      </interval>
   </apply>
   <apply id="p1.1.m1.1.13.2.cmml" xref="p1.1.m1.1.13.2">
      <divide id="p1.1.m1.1.10.cmml" xref="p1.1.m1.1.10"/>
      <apply id="p1.1.m1.1.13.2.1.cmml" xref="p1.1.m1.1.13.2.1">
         <csymbol cd="ambiguous" id="p1.1.m1.1.13.2.1.1.cmml" xref="p1.1.m1.1.13.2.1">superscript</csymbol>
         <cn id="p1.1.m1.1.8.cmml" type="integer" xref="p1.1.m1.1.8">2</cn>
         <ci id="p1.1.m1.1.9.1.cmml" xref="p1.1.m1.1.9.1">k</ci>
      </apply>
      <apply id="p1.1.m1.1.13.2.2.cmml" xref="p1.1.m1.1.13.2.2">
         <csymbol cd="ambiguous" id="p1.1.m1.1.13.2.2.1.cmml" xref="p1.1.m1.1.13.2.2">superscript</csymbol>
         <ci id="p1.1.m1.1.11.cmml" xref="p1.1.m1.1.11">k</ci>
         <ci id="p1.1.m1.1.12.1.cmml" xref="p1.1.m1.1.12.1">e</ci>
      </apply>
   </apply>
</apply>

[16:37:20,501 DEBUG] io.ReaderStressTest: xmlns http://www.w3.org/2000/xmlns/
[16:37:20,501 DEBUG] io.ReaderStressTest: xmlns:xlink http://www.w3.org/2000/xmlns/
[16:37:20,501 DEBUG] io.ReaderStressTest: href null
[16:37:20,502 DEBUG] io.ReaderStressTest: xmlns http://www.w3.org/2000/xmlns/
[16:37:20,502 DEBUG] io.ReaderStressTest: xmlns:xlink http://www.w3.org/2000/xmlns/
[16:37:20,504 DEBUG] io.XmlDocumentWriter: Successfully serialized document to string.
[16:37:20,504 DEBUG] io.ReaderStressTest: <math xmlns="http://www.w3.org/1998/Math/MathML"
      xmlns:xlink="http://www.w3.org/1999/xlink">
   <mi href="googleMe">W</mi>
</math>

[16:37:21,286 DEBUG] Math: Found namespace prefix 'mml' of 'math' element.
[16:37:21,287 WARN] Math: Found prefix without namespace binding. Try fixing it...
[16:37:21,484 DEBUG] Math: Found namespace prefix 'm' of 'math' element.
[16:37:21,672 DEBUG] Math: Found namespace prefix 'm' of 'math' element.
[16:37:22,113 DEBUG] io.XmlDocumentReader: Parsing exception occur. It's most likely a wrong header. Try to fixing it...
[16:37:22,172 WARN] exceptions.ParsingErrorHandler: cvc-elt.1.a: Cannot find the declaration of element 'open'. Error handler is on level 'notify', no exception was thrown.
[16:37:22,173 FATAL] exceptions.ParsingErrorHandler: XML document structures must start and end within the same entity. Error handler is on level 'notify', no exception was thrown.
[16:37:22,175 WARN] exceptions.ParsingErrorHandler: cvc-elt.1.a: Cannot find the declaration of element 'simple'. Error handler is on level 'notify', no exception was thrown.
[16:37:22,180 DEBUG] io.XmlDocumentReader: Parsing exception occur. It's most likely a wrong header. Try to fixing it...
[16:37:22,236 DEBUG] io.XmlDocumentReader: Parsing exception occur. It's most likely a wrong header. Try to fixing it...
[16:37:22,311 DEBUG] io.XmlDocumentReader: Parsing exception occur. It's most likely a wrong header. Try to fixing it...
[16:37:22,372 DEBUG] io.XmlDocumentReader: Parsing exception occur. It's most likely a wrong header. Try to fixing it...
[16:37:22,440 DEBUG] io.XmlDocumentReader: Parsing exception occur. It's most likely a wrong header. Try to fixing it...
[16:37:22,497 DEBUG] io.XmlDocumentReader: Parsing exception occur. It's most likely a wrong header. Try to fixing it...
[16:37:22,556 DEBUG] io.XmlDocumentReader: Parsing exception occur. It's most likely a wrong header. Try to fixing it...
[16:37:22,610 DEBUG] io.XmlDocumentReader: Parsing exception occur. It's most likely a wrong header. Try to fixing it...
[16:37:22,611 DEBUG] Math: Found namespace prefix 'mml' of 'math' element.
[16:37:22,611 WARN] Math: Found prefix without namespace binding. Try fixing it...
[16:37:22,669 DEBUG] io.XmlDocumentReader: Parsing exception occur. It's most likely a wrong header. Try to fixing it...
[16:37:22,669 DEBUG] Math: Found namespace prefix 'm' of 'math' element.
[16:37:22,729 DEBUG] io.XmlDocumentReader: Parsing exception occur. It's most likely a wrong header. Try to fixing it...
[16:37:22,730 DEBUG] Math: Found namespace prefix 'm' of 'math' element.
[16:37:22,787 DEBUG] io.XmlDocumentReader: Parsing exception occur. It's most likely a wrong header. Try to fixing it...
[16:37:22,851 DEBUG] io.XmlDocumentReader: Parsing exception occur. It's most likely a wrong header. Try to fixing it...
[16:37:22,908 DEBUG] io.XmlDocumentReader: Parsing exception occur. It's most likely a wrong header. Try to fixing it...
[16:37:22,963 DEBUG] io.XmlDocumentReader: Parsing exception occur. It's most likely a wrong header. Try to fixing it...
[16:37:23,022 DEBUG] io.XmlDocumentReader: Parsing exception occur. It's most likely a wrong header. Try to fixing it...
[16:37:23,078 DEBUG] io.XmlDocumentReader: Parsing exception occur. It's most likely a wrong header. Try to fixing it...
[16:37:23,141 DEBUG] io.XmlDocumentReader: Parsing exception occur. It's most likely a wrong header. Try to fixing it...
[16:37:23,142 DEBUG] Math: Found namespace prefix 'm' of 'math' element.
[16:37:23,207 DEBUG] io.XmlDocumentReader: Parsing exception occur. It's most likely a wrong header. Try to fixing it...
[16:37:23,266 DEBUG] io.XmlDocumentReader: Parsing exception occur. It's most likely a wrong header. Try to fixing it...
[16:37:23,321 WARN] exceptions.ParsingErrorHandler: cvc-elt.1.a: Cannot find the declaration of element 'math'. Error handler is on level 'notify', no exception was thrown.
[16:37:23,328 WARN] exceptions.ParsingErrorHandler: cvc-elt.1.a: Cannot find the declaration of element 'math'. Error handler is on level 'notify', no exception was thrown.
[16:37:23,334 WARN] exceptions.ParsingErrorHandler: cvc-elt.1.a: Cannot find the declaration of element 'm:math'. Error handler is on level 'notify', no exception was thrown.
[16:37:23,340 WARN] exceptions.ParsingErrorHandler: cvc-elt.1.a: Cannot find the declaration of element 'result'. Error handler is on level 'notify', no exception was thrown.
[16:37:23,349 WARN] exceptions.ParsingErrorHandler: cvc-elt.1.a: Cannot find the declaration of element 'math'. Error handler is on level 'notify', no exception was thrown.
[16:37:23,934 WARN] exceptions.ParsingErrorHandler: cvc-elt.1.a: Cannot find the declaration of element 'math'. Error handler is on level 'notify', no exception was thrown.
[16:37:24,021 WARN] exceptions.ParsingErrorHandler: cvc-elt.1.a: Cannot find the declaration of element 'math'. Error handler is on level 'notify', no exception was thrown.
[16:37:24,025 DEBUG] io.XmlDocumentWriter: Successfully serialized document to string.
[16:37:24,057 WARN] exceptions.ParsingErrorHandler: cvc-elt.1.a: Cannot find the declaration of element 'm:math'. Error handler is on level 'notify', no exception was thrown.
[16:37:24,334 DEBUG] CMMLInfoTest: #document[math[semantics[apply[l1;apply[l1;\qvar{x_0};\qvar{x_1}];apply[l1;l0;l0]]]]]
[16:37:24,347 WARN] exceptions.ParsingErrorHandler: cvc-elt.1.a: Cannot find the declaration of element 'annotation-xml'. Error handler is on level 'notify', no exception was thrown.
[16:37:24,350 DEBUG] io.XmlDocumentWriter: Successfully serialized document to string.
[16:37:24,351 ERROR] mml.CMMLInfo: No mathml element found in:
<annotation-xml encoding="MathML-Content"
                id="I1.i2.p1.1.m1.1.cmml"
                xref="I1.i2.p1.1.m1.1">
   <apply id="I1.i2.p1.1.m1.1.6.cmml" xref="I1.i2.p1.1.m1.1.6">
      <list id="I1.i2.p1.1.m1.1.6.1.cmml"/>
      <apply id="I1.i2.p1.1.m1.1.6.2.cmml" xref="I1.i2.p1.1.m1.1.6.2">
         <csymbol cd="ambiguous" id="I1.i2.p1.1.m1.1.6.2.1.cmml">subscript</csymbol>
         <ci id="I1.i2.p1.1.m1.1.1.cmml" xref="I1.i2.p1.1.m1.1.1">I</ci>
         <cn id="I1.i2.p1.1.m1.1.2.1.cmml"
             type="integer"
             xref="I1.i2.p1.1.m1.1.2.1">1</cn>
      </apply>
      <apply id="I1.i2.p1.1.m1.1.6.3.cmml" xref="I1.i2.p1.1.m1.1.6.3">
         <csymbol cd="ambiguous" id="I1.i2.p1.1.m1.1.6.3.1.cmml">subscript</csymbol>
         <ci id="I1.i2.p1.1.m1.1.4.cmml" xref="I1.i2.p1.1.m1.1.4">I</ci>
         <cn id="I1.i2.p1.1.m1.1.5.1.cmml"
             type="integer"
             xref="I1.i2.p1.1.m1.1.5.1">2</cn>
      </apply>
   </apply>
</annotation-xml>

[16:37:24,461 WARN] exceptions.ParsingErrorHandler: cvc-elt.1.a: Cannot find the declaration of element 'annotation-xml'. Error handler is on level 'notify', no exception was thrown.
[16:37:24,464 DEBUG] io.XmlDocumentWriter: Successfully serialized document to string.
[16:37:24,464 ERROR] mml.CMMLInfo: No mathml element found in:
<annotation-xml encoding="MathML-Content"
                id="I1.i2.p1.1.m2.1.cmml"
                xref="I1.i2.p1.1.m2.1">
   <apply id="I1.i2.p1.1.m2.1.8.cmml" xref="I1.i2.p1.1.m2.1.8">
      <eq id="I1.i2.p1.1.m2.1.6.cmml" xref="I1.i2.p1.1.m2.1.6"/>
      <apply id="I1.i2.p1.1.m2.1.8.1.cmml" xref="I1.i2.p1.1.m2.1.8.1">
         <intersect id="I1.i2.p1.1.m2.1.3.cmml" xref="I1.i2.p1.1.m2.1.3"/>
         <apply id="I1.i2.p1.1.m2.1.8.1.1.cmml" xref="I1.i2.p1.1.m2.1.8.1.1">
            <csymbol cd="ambiguous" id="I1.i2.p1.1.m2.1.8.1.1.1.cmml">subscript</csymbol>
            <ci id="I1.i2.p1.1.m2.1.1.cmml" xref="I1.i2.p1.1.m2.1.1">I</ci>
            <cn id="I1.i2.p1.1.m2.1.2.1.cmml"
                type="integer"
                xref="I1.i2.p1.1.m2.1.2.1">1</cn>
         </apply>
         <apply id="I1.i2.p1.1.m2.1.8.1.2.cmml" xref="I1.i2.p1.1.m2.1.8.1.2">
            <csymbol cd="ambiguous" id="I1.i2.p1.1.m2.1.8.1.2.1.cmml">subscript</csymbol>
            <ci id="I1.i2.p1.1.m2.1.4.cmml" xref="I1.i2.p1.1.m2.1.4">I</ci>
            <cn id="I1.i2.p1.1.m2.1.5.1.cmml"
                type="integer"
                xref="I1.i2.p1.1.m2.1.5.1">2</cn>
         </apply>
      </apply>
      <emptyset id="I1.i2.p1.1.m2.1.7.cmml" xref="I1.i2.p1.1.m2.1.7"/>
   </apply>
</annotation-xml>

[16:37:24,484 WARN] exceptions.ParsingErrorHandler: cvc-elt.1.a: Cannot find the declaration of element 'annotation-xml'. Error handler is on level 'notify', no exception was thrown.
[16:37:24,488 DEBUG] io.XmlDocumentWriter: Successfully serialized document to string.
[16:37:24,488 ERROR] mml.CMMLInfo: No mathml element found in:
<annotation-xml encoding="MathML-Content"
                id="I1.i2.p1.1.m3.1.cmml"
                xref="I1.i2.p1.1.m3.1">
   <apply id="I1.i2.p1.1.m3.1.16.cmml" xref="I1.i2.p1.1.m3.1.16">
      <eq id="I1.i2.p1.1.m3.1.14.cmml" xref="I1.i2.p1.1.m3.1.14"/>
      <apply id="I1.i2.p1.1.m3.1.16.1.cmml" xref="I1.i2.p1.1.m3.1.16.1">
         <interval closure="closed" id="I1.i2.p1.1.m3.1.16.1.1.cmml"/>
         <apply id="I1.i2.p1.1.m3.1.16.1.2.cmml" xref="I1.i2.p1.1.m3.1.16.1.2">
            <times id="I1.i2.p1.1.m3.1.16.1.2.1.cmml" xref="I1.i2.p1.1.m3.1.16.1.2.1"/>
            <ci id="I1.i2.p1.1.m3.1.2.cmml" xref="I1.i2.p1.1.m3.1.2">ùíú</ci>
            <apply id="I1.i2.p1.1.m3.1.16.1.2.2.cmml" xref="I1.i2.p1.1.m3.1.16.1.2.2">
               <csymbol cd="ambiguous" id="I1.i2.p1.1.m3.1.16.1.2.2.1.cmml">subscript</csymbol>
               <ci id="I1.i2.p1.1.m3.1.4.cmml" xref="I1.i2.p1.1.m3.1.4">I</ci>
               <cn id="I1.i2.p1.1.m3.1.5.1.cmml"
                   type="integer"
                   xref="I1.i2.p1.1.m3.1.5.1">1</cn>
            </apply>
         </apply>
         <apply id="I1.i2.p1.1.m3.1.16.1.3.cmml" xref="I1.i2.p1.1.m3.1.16.1.3">
            <times id="I1.i2.p1.1.m3.1.16.1.3.1.cmml" xref="I1.i2.p1.1.m3.1.16.1.3.1"/>
            <ci id="I1.i2.p1.1.m3.1.8.cmml" xref="I1.i2.p1.1.m3.1.8">ùíú</ci>
            <apply id="I1.i2.p1.1.m3.1.16.1.3.2.cmml" xref="I1.i2.p1.1.m3.1.16.1.3.2">
               <csymbol cd="ambiguous" id="I1.i2.p1.1.m3.1.16.1.3.2.1.cmml">subscript</csymbol>
               <ci id="I1.i2.p1.1.m3.1.10.cmml" xref="I1.i2.p1.1.m3.1.10">I</ci>
               <cn id="I1.i2.p1.1.m3.1.11.1.cmml"
                   type="integer"
                   xref="I1.i2.p1.1.m3.1.11.1">2</cn>
            </apply>
         </apply>
      </apply>
      <cn id="I1.i2.p1.1.m3.1.15.cmml"
          type="integer"
          xref="I1.i2.p1.1.m3.1.15">0</cn>
   </apply>
</annotation-xml>

[16:37:24,523 WARN] exceptions.ParsingErrorHandler: cvc-elt.1.a: Cannot find the declaration of element 'math'. Error handler is on level 'notify', no exception was thrown.
[16:37:24,527 WARN] exceptions.ParsingErrorHandler: cvc-elt.1.a: Cannot find the declaration of element 'math'. Error handler is on level 'notify', no exception was thrown.
[16:37:24,532 WARN] exceptions.ParsingErrorHandler: cvc-elt.1.a: Cannot find the declaration of element 'math'. Error handler is on level 'notify', no exception was thrown.
[16:37:24,536 WARN] exceptions.ParsingErrorHandler: cvc-elt.1.a: Cannot find the declaration of element 'math'. Error handler is on level 'notify', no exception was thrown.
[16:37:24,544 WARN] exceptions.ParsingErrorHandler: cvc-elt.1.a: Cannot find the declaration of element 'm:math'. Error handler is on level 'notify', no exception was thrown.
[16:37:24,755 WARN] exceptions.ParsingErrorHandler: cvc-elt.1.a: Cannot find the declaration of element 'math'. Error handler is on level 'notify', no exception was thrown.
[16:37:24,758 DEBUG] io.XmlDocumentWriter: Successfully serialized document to string.
[16:37:24,761 WARN] exceptions.ParsingErrorHandler: cvc-elt.1.a: Cannot find the declaration of element 'math'. Error handler is on level 'notify', no exception was thrown.
[16:37:24,765 DEBUG] io.XmlDocumentWriter: Successfully serialized document to string.
[16:37:24,767 WARN] exceptions.ParsingErrorHandler: cvc-elt.1.a: Cannot find the declaration of element 'math'. Error handler is on level 'notify', no exception was thrown.
[16:37:24,771 DEBUG] io.XmlDocumentWriter: Successfully serialized document to string.
[16:37:24,776 WARN] exceptions.ParsingErrorHandler: cvc-elt.1.a: Cannot find the declaration of element 'math'. Error handler is on level 'notify', no exception was thrown.
[16:37:24,838 WARN] exceptions.ParsingErrorHandler: cvc-elt.1.a: Cannot find the declaration of element 'math'. Error handler is on level 'notify', no exception was thrown.
[16:37:25,122 WARN] exceptions.ParsingErrorHandler: cvc-elt.1.a: Cannot find the declaration of element 'math'. Error handler is on level 'notify', no exception was thrown.
[16:37:25,344 WARN] exceptions.ParsingErrorHandler: cvc-elt.1.a: Cannot find the declaration of element 'math'. Error handler is on level 'notify', no exception was thrown.
[16:37:25,388 WARN] exceptions.ParsingErrorHandler: cvc-elt.1.a: Cannot find the declaration of element 'math'. Error handler is on level 'notify', no exception was thrown.
[16:37:25,399 WARN] exceptions.ParsingErrorHandler: cvc-elt.1.a: Cannot find the declaration of element 'math'. Error handler is on level 'notify', no exception was thrown.
[16:37:25,574 WARN] exceptions.ParsingErrorHandler: cvc-elt.1.a: Cannot find the declaration of element 'math'. Error handler is on level 'notify', no exception was thrown.
[16:37:25,581 WARN] exceptions.ParsingErrorHandler: cvc-elt.1.a: Cannot find the declaration of element 'm:math'. Error handler is on level 'notify', no exception was thrown.
[16:37:25,760 WARN] exceptions.ParsingErrorHandler: cvc-elt.1.a: Cannot find the declaration of element 'math'. Error handler is on level 'notify', no exception was thrown.
[16:37:25,766 WARN] exceptions.ParsingErrorHandler: cvc-elt.1.a: Cannot find the declaration of element 'math'. Error handler is on level 'notify', no exception was thrown.
[16:37:25,769 WARN] exceptions.ParsingErrorHandler: cvc-elt.1.a: Cannot find the declaration of element 'math'. Error handler is on level 'notify', no exception was thrown.
[16:37:28,479 DEBUG] Math: Found namespace prefix 'ns' of 'math' element.
[16:37:28,479 WARN] Math: Found prefix without namespace binding. Try fixing it...
[16:37:28,710 DEBUG] io.XmlDocumentWriter: Successfully serialized document to string.
[16:37:28,712 DEBUG] io.XmlDocumentWriter: Successfully serialized document to string.
[16:37:29,400 WARN] Math: Presentation node p1.1.m1.1.5 has already class attribute. Cannot highlight!
[16:37:29,464 DEBUG] Math: Found namespace prefix 'm' of 'math' element.
[16:37:29,647 DEBUG] io.XmlDocumentWriter: Successfully serialized document to string.
[16:37:29,954 WARN] exceptions.ParsingErrorHandler: cvc-elt.1.a: Cannot find the declaration of element 'math'. Error handler is on level 'notify', no exception was thrown.
[16:37:29,960 WARN] exceptions.ParsingErrorHandler: cvc-elt.1.a: Cannot find the declaration of element 'math'. Error handler is on level 'notify', no exception was thrown.
[16:37:30,150 WARN] exceptions.ParsingErrorHandler: cvc-elt.1.a: Cannot find the declaration of element 'math'. Error handler is on level 'notify', no exception was thrown.
[16:37:30,158 WARN] exceptions.ParsingErrorHandler: cvc-elt.1.a: Cannot find the declaration of element 'math'. Error handler is on level 'notify', no exception was thrown.
[16:37:30,170 WARN] exceptions.ParsingErrorHandler: cvc-elt.1.a: Cannot find the declaration of element 'topics'. Error handler is on level 'notify', no exception was thrown.
[16:37:31,000 WARN] exceptions.ParsingErrorHandler: cvc-elt.1.a: Cannot find the declaration of element 'topics'. Error handler is on level 'notify', no exception was thrown.
[16:37:31,506 WARN] exceptions.ParsingErrorHandler: cvc-elt.1.a: Cannot find the declaration of element 'topics'. Error handler is on level 'notify', no exception was thrown.
[16:37:31,943 WARN] exceptions.ParsingErrorHandler: cvc-elt.1.a: Cannot find the declaration of element 'topics'. Error handler is on level 'notify', no exception was thrown.
[16:37:32,477 WARN] exceptions.ParsingErrorHandler: cvc-elt.1.a: Cannot find the declaration of element 'topics'. Error handler is on level 'notify', no exception was thrown.
[16:37:32,905 WARN] exceptions.ParsingErrorHandler: cvc-elt.1.a: Cannot find the declaration of element 'topics'. Error handler is on level 'notify', no exception was thrown.
[16:37:33,399 WARN] exceptions.ParsingErrorHandler: cvc-elt.1.a: Cannot find the declaration of element 'topics'. Error handler is on level 'notify', no exception was thrown.
[16:37:33,830 WARN] exceptions.ParsingErrorHandler: cvc-elt.1.a: Cannot find the declaration of element 'topics'. Error handler is on level 'notify', no exception was thrown.
[16:37:34,234 WARN] exceptions.ParsingErrorHandler: cvc-elt.1.a: Cannot find the declaration of element 'topics'. Error handler is on level 'notify', no exception was thrown.
[16:37:34,640 WARN] exceptions.ParsingErrorHandler: cvc-elt.1.a: Cannot find the declaration of element 'topics'. Error handler is on level 'notify', no exception was thrown.
[16:37:34,765 WARN] exceptions.ParsingErrorHandler: cvc-elt.1.a: Cannot find the declaration of element 'topics'. Error handler is on level 'notify', no exception was thrown.
[16:37:34,780 WARN] exceptions.ParsingErrorHandler: cvc-elt.1.a: Cannot find the declaration of element 'math'. Error handler is on level 'notify', no exception was thrown.
[16:37:34,785 WARN] exceptions.ParsingErrorHandler: cvc-elt.1.a: Cannot find the declaration of element 'mws:query'. Error handler is on level 'notify', no exception was thrown.
[16:37:34,787 WARN] exceptions.ParsingErrorHandler: cvc-elt.1.a: Cannot find the declaration of element 'mws:query'. Error handler is on level 'notify', no exception was thrown.
[16:37:34,789 WARN] exceptions.ParsingErrorHandler: cvc-elt.1.a: Cannot find the declaration of element 'mws:query'. Error handler is on level 'notify', no exception was thrown.
[16:37:34,793 WARN] exceptions.ParsingErrorHandler: cvc-elt.1.a: Cannot find the declaration of element 'math'. Error handler is on level 'notify', no exception was thrown.
[16:37:34,797 WARN] exceptions.ParsingErrorHandler: cvc-elt.1.a: Cannot find the declaration of element 'math'. Error handler is on level 'notify', no exception was thrown.
[16:37:34,802 WARN] exceptions.ParsingErrorHandler: cvc-elt.1.a: Cannot find the declaration of element 'math'. Error handler is on level 'notify', no exception was thrown.
[16:37:34,805 WARN] exceptions.ParsingErrorHandler: cvc-elt.1.a: Cannot find the declaration of element 'math'. Error handler is on level 'notify', no exception was thrown.
[16:37:34,809 WARN] exceptions.ParsingErrorHandler: cvc-elt.1.a: Cannot find the declaration of element 'mws:query'. Error handler is on level 'notify', no exception was thrown.
[16:37:34,815 WARN] exceptions.ParsingErrorHandler: cvc-elt.1.a: Cannot find the declaration of element 'mws:query'. Error handler is on level 'notify', no exception was thrown.
[16:37:34,817 WARN] exceptions.ParsingErrorHandler: cvc-elt.1.a: Cannot find the declaration of element 'mws:query'. Error handler is on level 'notify', no exception was thrown.
[16:37:34,819 WARN] exceptions.ParsingErrorHandler: cvc-elt.1.a: Cannot find the declaration of element 'mws:query'. Error handler is on level 'notify', no exception was thrown.
[16:37:34,822 WARN] exceptions.ParsingErrorHandler: cvc-elt.1.a: Cannot find the declaration of element 'mws:query'. Error handler is on level 'notify', no exception was thrown.
[16:37:34,825 WARN] exceptions.ParsingErrorHandler: cvc-elt.1.a: Cannot find the declaration of element 'mws:query'. Error handler is on level 'notify', no exception was thrown.
[16:37:34,826 WARN] exceptions.ParsingErrorHandler: cvc-elt.1.a: Cannot find the declaration of element 'mws:query'. Error handler is on level 'notify', no exception was thrown.
[16:37:34,829 WARN] exceptions.ParsingErrorHandler: cvc-elt.1.a: Cannot find the declaration of element 'mws:query'. Error handler is on level 'notify', no exception was thrown.
[16:37:34,831 WARN] exceptions.ParsingErrorHandler: cvc-elt.1.a: Cannot find the declaration of element 'mws:query'. Error handler is on level 'notify', no exception was thrown.
[16:37:34,834 WARN] exceptions.ParsingErrorHandler: cvc-elt.1.a: Cannot find the declaration of element 'mws:query'. Error handler is on level 'notify', no exception was thrown.
[16:37:34,837 WARN] exceptions.ParsingErrorHandler: cvc-elt.1.a: Cannot find the declaration of element 'm:math'. Error handler is on level 'notify', no exception was thrown.
[16:37:34,843 DEBUG] xml.PartialLocalEntityResolver: Can not resolve entity b a
[16:37:34,852 DEBUG] xml.PartialLocalEntityResolver: Can not resolve entity b a
[16:37:34,855 DEBUG] xml.PartialLocalEntityResolver: Could not resolve resource http://www.w3.org/2001/XMLSchema-http://www.w3.org/1998/Math/MathML-null-this is not there-https://www.w3.org/Math/XMLSchema/mathml3/mathml3.xsd
